#
# There is insufficient memory for the Java Runtime Environment to continue.
# Native memory allocation (malloc) failed to allocate 2310544 bytes. Error detail: Chunk::new
# Possible reasons:
#   The system is out of physical RAM or swap space
#   This process is running with CompressedOops enabled, and the Java Heap may be blocking the growth of the native heap
# Possible solutions:
#   Reduce memory load on the system
#   Increase physical memory or swap space
#   Check if swap backing store is full
#   Decrease Java heap size (-Xmx/-Xms)
#   Decrease number of Java threads
#   Decrease Java thread stack sizes (-Xss)
#   Set larger code cache with -XX:ReservedCodeCacheSize=
#   JVM is running with Unscaled Compressed Oops mode in which the Java heap is
#     placed in the first 4GB address space. The Java Heap base address is the
#     maximum limit for the native heap growth. Please use -XX:HeapBaseMinAddress
#     to set the Java Heap base and to place the Java Heap above 4GB virtual address.
# This output file may be truncated or incomplete.
#
#  Out of Memory Error (arena.cpp:191), pid=10588, tid=18308
#
# JRE version: OpenJDK Runtime Environment Temurin-17.0.13+11 (17.0.13+11) (build 17.0.13+11)
# Java VM: OpenJDK 64-Bit Server VM Temurin-17.0.13+11 (17.0.13+11, mixed mode, tiered, compressed oops, compressed class ptrs, parallel gc, windows-amd64)
# No core dump will be written. Minidumps are not enabled by default on client versions of Windows
#

---------------  S U M M A R Y ------------

Command Line: --add-modules=ALL-SYSTEM --add-opens=java.base/java.util=ALL-UNNAMED --add-opens=java.base/java.lang=ALL-UNNAMED --add-opens=java.base/sun.nio.fs=ALL-UNNAMED -Declipse.application=org.eclipse.jdt.ls.core.id1 -Dosgi.bundles.defaultStartLevel=4 -Declipse.product=org.eclipse.jdt.ls.core.product -Djava.import.generatesMetadataFilesAtProjectRoot=false -DDetectVMInstallationsJob.disabled=true -Dfile.encoding=utf8 -XX:+UseParallelGC -XX:GCTimeRatio=4 -XX:AdaptiveSizePolicyWeight=90 -Dsun.zip.disableMemoryMapping=true -Xmx1G -Xms100m -Xlog:disable -javaagent:c:\Users\Admin\.windsurf\extensions\redhat.java-1.38.0-win32-x64\lombok\lombok-1.18.34.jar -XX:+HeapDumpOnOutOfMemoryError -XX:HeapDumpPath=c:\Users\Admin\AppData\Roaming\Windsurf\User\workspaceStorage\2c89ca354970528dc7e45248d145d3bb\redhat.java -Daether.dependencyCollector.impl=bf c:\Users\Admin\.windsurf\extensions\redhat.java-1.38.0-win32-x64\server\plugins\org.eclipse.equinox.launcher_1.6.900.v20240613-2009.jar -configuration c:\Users\Admin\AppData\Roaming\Windsurf\User\globalStorage\redhat.java\1.38.0\config_win -data c:\Users\Admin\AppData\Roaming\Windsurf\User\workspaceStorage\2c89ca354970528dc7e45248d145d3bb\redhat.java\jdt_ws --pipe=\\.\pipe\lsp-0f754bfb557e676ed58528e85426b96d-sock

Host: 12th Gen Intel(R) Core(TM) i5-12500H, 16 cores, 15G,  Windows 11 , 64 bit Build 26100 (10.0.26100.2454)
Time: Tue Jan 14 16:25:02 2025 SE Asia Standard Time elapsed time: 2.324665 seconds (0d 0h 0m 2s)

---------------  T H R E A D  ---------------

Current thread (0x00000195fcda9520):  JavaThread "C2 CompilerThread6" daemon [_thread_in_native, id=18308, stack(0x00000074d5500000,0x00000074d5600000)]


Current CompileTask:
C2:   2324 2154       4       org.apache.felix.resolver.ResolverImpl::mergeUses (495 bytes)

Stack: [0x00000074d5500000,0x00000074d5600000]
Native frames: (J=compiled Java code, j=interpreted, Vv=VM code, C=native code)
V  [jvm.dll+0x682a19]
V  [jvm.dll+0x839538]
V  [jvm.dll+0x83afe3]
V  [jvm.dll+0x83b653]
V  [jvm.dll+0x24704f]
V  [jvm.dll+0xace34]
V  [jvm.dll+0xad4cc]
V  [jvm.dll+0x36597e]
V  [jvm.dll+0x32fbd8]
V  [jvm.dll+0x32f05a]
V  [jvm.dll+0x21804f]
V  [jvm.dll+0x21748f]
V  [jvm.dll+0x1a3070]
V  [jvm.dll+0x22788c]
V  [jvm.dll+0x2259eb]
V  [jvm.dll+0x7eec98]
V  [jvm.dll+0x7e8ffc]
V  [jvm.dll+0x6818f7]
C  [ucrtbase.dll+0x14ea0]
C  [KERNEL32.DLL+0x2e8d7]
C  [ntdll.dll+0xdfbcc]


---------------  P R O C E S S  ---------------

Threads class SMR info:
_java_thread_list=0x00000195fdd56720, length=43, elements={
0x00000195e0c17bf0, 0x00000195f4a98010, 0x00000195f4a9dc20, 0x00000195f9b95b60,
0x00000195f9b96430, 0x00000195f9b98110, 0x00000195f9b989e0, 0x00000195f9bca8e0,
0x00000195f9bce6e0, 0x00000195f9bdb480, 0x00000195e0c7ab30, 0x00000195f9d5f5d0,
0x00000195f9da4920, 0x00000195f9da7460, 0x00000195f9e7eec0, 0x00000195f9e7f3e0,
0x00000195fbe8b3b0, 0x00000195fc601800, 0x00000195fc0e1c50, 0x00000195fbe53220,
0x00000195fbe53b00, 0x00000195fbe53fe0, 0x00000195fbe544c0, 0x00000195fc56c0b0,
0x00000195fc56cfe0, 0x00000195fc56c5c0, 0x00000195fc56d4f0, 0x00000195fc56da00,
0x00000195fcb7df60, 0x00000195fcb7f3a0, 0x00000195fcb7e980, 0x00000195fcb7bbf0,
0x00000195fcb7da50, 0x00000195fcb7e470, 0x00000195fcb7ee90, 0x00000195fcb7f8b0,
0x00000195fcb7c100, 0x00000195fcbfa080, 0x00000195fcbf8e50, 0x00000195fcc091d0,
0x00000195fcda9520, 0x00000195fd0c08f0, 0x00000195fcb7d030
}

Java Threads: ( => current thread )
  0x00000195e0c17bf0 JavaThread "main" [_thread_blocked, id=19748, stack(0x00000074d2300000,0x00000074d2400000)]
  0x00000195f4a98010 JavaThread "Reference Handler" daemon [_thread_blocked, id=22688, stack(0x00000074d2600000,0x00000074d2700000)]
  0x00000195f4a9dc20 JavaThread "Finalizer" daemon [_thread_blocked, id=24040, stack(0x00000074d2700000,0x00000074d2800000)]
  0x00000195f9b95b60 JavaThread "Signal Dispatcher" daemon [_thread_blocked, id=18276, stack(0x00000074d2800000,0x00000074d2900000)]
  0x00000195f9b96430 JavaThread "Attach Listener" daemon [_thread_blocked, id=24784, stack(0x00000074d2900000,0x00000074d2a00000)]
  0x00000195f9b98110 JavaThread "Service Thread" daemon [_thread_blocked, id=15296, stack(0x00000074d2a00000,0x00000074d2b00000)]
  0x00000195f9b989e0 JavaThread "Monitor Deflation Thread" daemon [_thread_blocked, id=25236, stack(0x00000074d2b00000,0x00000074d2c00000)]
  0x00000195f9bca8e0 JavaThread "C2 CompilerThread0" daemon [_thread_in_native, id=1716, stack(0x00000074d2c00000,0x00000074d2d00000)]
  0x00000195f9bce6e0 JavaThread "C1 CompilerThread0" daemon [_thread_blocked, id=25416, stack(0x00000074d2d00000,0x00000074d2e00000)]
  0x00000195f9bdb480 JavaThread "Sweeper thread" daemon [_thread_blocked, id=20176, stack(0x00000074d2e00000,0x00000074d2f00000)]
  0x00000195e0c7ab30 JavaThread "Common-Cleaner" daemon [_thread_blocked, id=25364, stack(0x00000074d2f00000,0x00000074d3000000)]
  0x00000195f9d5f5d0 JavaThread "C1 CompilerThread1" daemon [_thread_blocked, id=15416, stack(0x00000074d3000000,0x00000074d3100000)]
  0x00000195f9da4920 JavaThread "C2 CompilerThread1" daemon [_thread_blocked, id=24640, stack(0x00000074d3100000,0x00000074d3200000)]
  0x00000195f9da7460 JavaThread "C2 CompilerThread2" daemon [_thread_blocked, id=25404, stack(0x00000074d3200000,0x00000074d3300000)]
  0x00000195f9e7eec0 JavaThread "C1 CompilerThread2" daemon [_thread_blocked, id=25080, stack(0x00000074d3300000,0x00000074d3400000)]
  0x00000195f9e7f3e0 JavaThread "C1 CompilerThread3" daemon [_thread_blocked, id=25160, stack(0x00000074d3400000,0x00000074d3500000)]
  0x00000195fbe8b3b0 JavaThread "Notification Thread" daemon [_thread_blocked, id=24644, stack(0x00000074d3500000,0x00000074d3600000)]
  0x00000195fc601800 JavaThread "Equinox resolver thread - Equinox Container: 3a9868a2-3644-49b6-b750-c3e4c5b27453" daemon [_thread_blocked, id=2568, stack(0x00000074d3c00000,0x00000074d3d00000)]
  0x00000195fc0e1c50 JavaThread "Equinox resolver thread - Equinox Container: 3a9868a2-3644-49b6-b750-c3e4c5b27453" daemon [_thread_blocked, id=20756, stack(0x00000074d3d00000,0x00000074d3e00000)]
  0x00000195fbe53220 JavaThread "Equinox resolver thread - Equinox Container: 3a9868a2-3644-49b6-b750-c3e4c5b27453" daemon [_thread_blocked, id=11916, stack(0x00000074d3e00000,0x00000074d3f00000)]
  0x00000195fbe53b00 JavaThread "Equinox resolver thread - Equinox Container: 3a9868a2-3644-49b6-b750-c3e4c5b27453" daemon [_thread_blocked, id=25176, stack(0x00000074d3f00000,0x00000074d4000000)]
  0x00000195fbe53fe0 JavaThread "Equinox resolver thread - Equinox Container: 3a9868a2-3644-49b6-b750-c3e4c5b27453" daemon [_thread_blocked, id=25200, stack(0x00000074d4000000,0x00000074d4100000)]
  0x00000195fbe544c0 JavaThread "Equinox resolver thread - Equinox Container: 3a9868a2-3644-49b6-b750-c3e4c5b27453" daemon [_thread_blocked, id=25112, stack(0x00000074d4100000,0x00000074d4200000)]
  0x00000195fc56c0b0 JavaThread "Active Thread: Equinox Container: 3a9868a2-3644-49b6-b750-c3e4c5b27453" [_thread_blocked, id=25028, stack(0x00000074d4200000,0x00000074d4300000)]
  0x00000195fc56cfe0 JavaThread "Framework Event Dispatcher: Equinox Container: 3a9868a2-3644-49b6-b750-c3e4c5b27453" daemon [_thread_blocked, id=6436, stack(0x00000074d4300000,0x00000074d4400000)]
  0x00000195fc56c5c0 JavaThread "Start Level: Equinox Container: 3a9868a2-3644-49b6-b750-c3e4c5b27453" daemon [_thread_in_Java, id=8476, stack(0x00000074d4400000,0x00000074d4500000)]
  0x00000195fc56d4f0 JavaThread "Refresh Thread: Equinox Container: 3a9868a2-3644-49b6-b750-c3e4c5b27453" daemon [_thread_blocked, id=25108, stack(0x00000074d4700000,0x00000074d4800000)]
  0x00000195fc56da00 JavaThread "Equinox resolver thread - Equinox Container: 3a9868a2-3644-49b6-b750-c3e4c5b27453" daemon [_thread_blocked, id=25332, stack(0x00000074d4800000,0x00000074d4900000)]
  0x00000195fcb7df60 JavaThread "Equinox resolver thread - Equinox Container: 3a9868a2-3644-49b6-b750-c3e4c5b27453" daemon [_thread_blocked, id=12496, stack(0x00000074d4900000,0x00000074d4a00000)]
  0x00000195fcb7f3a0 JavaThread "Equinox resolver thread - Equinox Container: 3a9868a2-3644-49b6-b750-c3e4c5b27453" daemon [_thread_blocked, id=3020, stack(0x00000074d4a00000,0x00000074d4b00000)]
  0x00000195fcb7e980 JavaThread "Equinox resolver thread - Equinox Container: 3a9868a2-3644-49b6-b750-c3e4c5b27453" daemon [_thread_blocked, id=23884, stack(0x00000074d4b00000,0x00000074d4c00000)]
  0x00000195fcb7bbf0 JavaThread "Equinox resolver thread - Equinox Container: 3a9868a2-3644-49b6-b750-c3e4c5b27453" daemon [_thread_blocked, id=25220, stack(0x00000074d4c00000,0x00000074d4d00000)]
  0x00000195fcb7da50 JavaThread "Equinox resolver thread - Equinox Container: 3a9868a2-3644-49b6-b750-c3e4c5b27453" daemon [_thread_blocked, id=8012, stack(0x00000074d4d00000,0x00000074d4e00000)]
  0x00000195fcb7e470 JavaThread "Equinox resolver thread - Equinox Container: 3a9868a2-3644-49b6-b750-c3e4c5b27453" daemon [_thread_blocked, id=25260, stack(0x00000074d4e00000,0x00000074d4f00000)]
  0x00000195fcb7ee90 JavaThread "Equinox resolver thread - Equinox Container: 3a9868a2-3644-49b6-b750-c3e4c5b27453" daemon [_thread_blocked, id=23592, stack(0x00000074d4f00000,0x00000074d5000000)]
  0x00000195fcb7f8b0 JavaThread "Equinox resolver thread - Equinox Container: 3a9868a2-3644-49b6-b750-c3e4c5b27453" daemon [_thread_blocked, id=4780, stack(0x00000074d5000000,0x00000074d5100000)]
  0x00000195fcb7c100 JavaThread "Equinox resolver thread - Equinox Container: 3a9868a2-3644-49b6-b750-c3e4c5b27453" daemon [_thread_blocked, id=3204, stack(0x00000074d5100000,0x00000074d5200000)]
  0x00000195fcbfa080 JavaThread "C2 CompilerThread3" daemon [_thread_blocked, id=24732, stack(0x00000074d5200000,0x00000074d5300000)]
  0x00000195fcbf8e50 JavaThread "C2 CompilerThread4" daemon [_thread_blocked, id=10000, stack(0x00000074d5300000,0x00000074d5400000)]
  0x00000195fcc091d0 JavaThread "C2 CompilerThread5" daemon [_thread_blocked, id=10928, stack(0x00000074d5400000,0x00000074d5500000)]
=>0x00000195fcda9520 JavaThread "C2 CompilerThread6" daemon [_thread_in_native, id=18308, stack(0x00000074d5500000,0x00000074d5600000)]
  0x00000195fd0c08f0 JavaThread "C2 CompilerThread7" daemon [_thread_in_native, id=22640, stack(0x00000074d5600000,0x00000074d5700000)]
  0x00000195fcb7d030 JavaThread "Bundle File Closer" daemon [_thread_blocked, id=22648, stack(0x00000074d5700000,0x00000074d5800000)]

Other Threads:
  0x00000195de91ec30 VMThread "VM Thread" [stack: 0x00000074d2500000,0x00000074d2600000] [id=22808]
  0x00000195fbdb5130 WatcherThread [stack: 0x00000074d3600000,0x00000074d3700000] [id=25048]
  0x00000195e0c2c410 GCTaskThread "GC Thread#0" [stack: 0x00000074d2400000,0x00000074d2500000] [id=2672]
  0x00000195fc398900 GCTaskThread "GC Thread#1" [stack: 0x00000074d3700000,0x00000074d3800000] [id=25052]
  0x00000195fc39a1c0 GCTaskThread "GC Thread#2" [stack: 0x00000074d3800000,0x00000074d3900000] [id=16708]
  0x00000195fc39a480 GCTaskThread "GC Thread#3" [stack: 0x00000074d3900000,0x00000074d3a00000] [id=25156]
  0x00000195fc399980 GCTaskThread "GC Thread#4" [stack: 0x00000074d3a00000,0x00000074d3b00000] [id=20732]
  0x00000195fc398bc0 GCTaskThread "GC Thread#5" [stack: 0x00000074d3b00000,0x00000074d3c00000] [id=22844]
  0x00000195fc398e80 GCTaskThread "GC Thread#6" [stack: 0x00000074d4500000,0x00000074d4600000] [id=6336]
  0x00000195fc399c40 GCTaskThread "GC Thread#7" [stack: 0x00000074d4600000,0x00000074d4700000] [id=21680]

Threads with active compile tasks:
C2 CompilerThread6     2355 2154       4       org.apache.felix.resolver.ResolverImpl::mergeUses (495 bytes)
C2 CompilerThread7     2355 2535   !   4       java.lang.String::<init> (840 bytes)

VM state: not at safepoint (normal execution)

VM Mutex/Monitor currently owned by a thread:  ([mutex/lock_event])
[0x00000195e0c12e10] Compile_lock - owner thread: 0x0000000000000000

Heap address: 0x00000000c0000000, size: 1024 MB, Compressed Oops mode: 32-bit

CDS archive(s) not mapped
Compressed class space mapped at: 0x0000000100000000-0x0000000140000000, reserved size: 1073741824
Narrow klass base: 0x0000000000000000, Narrow klass shift: 3, Narrow klass range: 0x140000000

GC Precious Log:
 CPUs: 16 total, 16 available
 Memory: 16176M
 Large Page Support: Disabled
 NUMA Support: Disabled
 Compressed Oops: Enabled (32-bit)
 Alignments: Space 512K, Generation 512K, Heap 2M
 Heap Min Capacity: 100M
 Heap Initial Capacity: 100M
 Heap Max Capacity: 1G
 Pre-touch: Disabled
 Parallel Workers: 13

Heap:
 PSYoungGen      total 29696K, used 27516K [0x00000000eab00000, 0x00000000ecc00000, 0x0000000100000000)
  eden space 25600K, 91% used [0x00000000eab00000,0x00000000ec1e4970,0x00000000ec400000)
  from space 4096K, 99% used [0x00000000ec400000,0x00000000ec7fa9d8,0x00000000ec800000)
  to   space 4096K, 0% used [0x00000000ec800000,0x00000000ec800000,0x00000000ecc00000)
 ParOldGen       total 68608K, used 5591K [0x00000000c0000000, 0x00000000c4300000, 0x00000000eab00000)
  object space 68608K, 8% used [0x00000000c0000000,0x00000000c0575ef0,0x00000000c4300000)
 Metaspace       used 16592K, committed 16832K, reserved 1114112K
  class space    used 1659K, committed 1792K, reserved 1048576K

Card table byte_map: [0x00000195e05a0000,0x00000195e07b0000] _byte_map_base: 0x00000195dffa0000

Marking Bits: (ParMarkBitMap*) 0x00007ffa329e6940
 Begin Bits: [0x00000195f28a0000, 0x00000195f38a0000)
 End Bits:   [0x00000195f38a0000, 0x00000195f48a0000)

Polling page: 0x00000195deb20000

Metaspace:

Usage:
  Non-class:     14.58 MB used.
      Class:      1.62 MB used.
       Both:     16.20 MB used.

Virtual space:
  Non-class space:       64.00 MB reserved,      14.69 MB ( 23%) committed,  1 nodes.
      Class space:        1.00 GB reserved,       1.75 MB ( <1%) committed,  1 nodes.
             Both:        1.06 GB reserved,      16.44 MB (  2%) committed. 

Chunk freelists:
   Non-Class:  653.00 KB
       Class:  14.31 MB
        Both:  14.94 MB

MaxMetaspaceSize: unlimited
CompressedClassSpaceSize: 1.00 GB
Initial GC threshold: 21.00 MB
Current GC threshold: 21.00 MB
CDS: off
MetaspaceReclaimPolicy: balanced
 - commit_granule_bytes: 65536.
 - commit_granule_words: 8192.
 - virtual_space_node_default_size: 8388608.
 - enlarge_chunks_in_place: 1.
 - new_chunks_are_fully_committed: 0.
 - uncommit_free_chunks: 1.
 - use_allocation_guard: 0.
 - handle_deallocations: 1.


Internal statistics:

num_allocs_failed_limit: 0.
num_arena_births: 106.
num_arena_deaths: 0.
num_vsnodes_births: 2.
num_vsnodes_deaths: 0.
num_space_committed: 263.
num_space_uncommitted: 0.
num_chunks_returned_to_freelist: 0.
num_chunks_taken_from_freelist: 344.
num_chunk_merges: 0.
num_chunk_splits: 229.
num_chunks_enlarged: 175.
num_inconsistent_stats: 0.

CodeHeap 'non-profiled nmethods': size=119168Kb used=1042Kb max_used=1042Kb free=118126Kb
 bounds [0x00000195eb440000, 0x00000195eb6b0000, 0x00000195f28a0000]
CodeHeap 'profiled nmethods': size=119104Kb used=5001Kb max_used=5001Kb free=114102Kb
 bounds [0x00000195e38a0000, 0x00000195e3d90000, 0x00000195eacf0000]
CodeHeap 'non-nmethods': size=7488Kb used=2861Kb max_used=2896Kb free=4627Kb
 bounds [0x00000195eacf0000, 0x00000195eafd0000, 0x00000195eb440000]
 total_blobs=3017 nmethods=2552 adapters=376
 compilation: enabled
              stopped_count=0, restarted_count=0
 full_count=0

Compilation events (20 events):
Event: 1.305 Thread 0x00000195f9d5f5d0 2532   !   3       org.eclipse.osgi.storage.BundleInfo$Generation::getContentType (17 bytes)
Event: 1.305 Thread 0x00000195f9d5f5d0 nmethod 2532 0x00000195e3d79410 code [0x00000195e3d795a0, 0x00000195e3d79798]
Event: 1.305 Thread 0x00000195fd0c08f0 nmethod 2492 0x00000195eb53b590 code [0x00000195eb53b780, 0x00000195eb53c938]
Event: 1.305 Thread 0x00000195f9bca8e0 nmethod 2487 0x00000195eb53d590 code [0x00000195eb53d780, 0x00000195eb53e938]
Event: 1.308 Thread 0x00000195fcbf8e50 2534       4       java.util.jar.Manifest$FastInputStream::readLine (9 bytes)
Event: 1.309 Thread 0x00000195fd0c08f0 2535   !   4       java.lang.String::<init> (840 bytes)
Event: 1.309 Thread 0x00000195f9bca8e0 2536       4       java.util.jar.Manifest::getAttributes (14 bytes)
Event: 1.309 Thread 0x00000195fcbfa080 2537       4       java.util.jar.Attributes::size (10 bytes)
Event: 1.310 Thread 0x00000195f9e7eec0 2539       3       org.eclipse.osgi.framework.util.CaseInsensitiveDictionaryMap$EntryIterator::next (20 bytes)
Event: 1.310 Thread 0x00000195f9e7f3e0 2540       3       org.eclipse.osgi.framework.util.CaseInsensitiveDictionaryMap$CaseInsentiveEntry::<init> (10 bytes)
Event: 1.310 Thread 0x00000195f9bce6e0 2541       3       org.eclipse.osgi.framework.util.CaseInsensitiveDictionaryMap$CaseInsentiveEntry::getValue (10 bytes)
Event: 1.310 Thread 0x00000195f9bce6e0 nmethod 2541 0x00000195e3d79890 code [0x00000195e3d79a40, 0x00000195e3d79c08]
Event: 1.310 Thread 0x00000195f9e7f3e0 nmethod 2540 0x00000195e3d79d10 code [0x00000195e3d79ea0, 0x00000195e3d7a018]
Event: 1.310 Thread 0x00000195f9bce6e0 2542       3       java.io.File::toURL (40 bytes)
Event: 1.310 Thread 0x00000195f9e7eec0 nmethod 2539 0x00000195e3d7a110 code [0x00000195e3d7a2e0, 0x00000195e3d7a6e8]
Event: 1.310 Thread 0x00000195fcbfa080 nmethod 2537 0x00000195eb53f990 code [0x00000195eb53fb00, 0x00000195eb53fbb8]
Event: 1.311 Thread 0x00000195f9e7f3e0 2543       3       java.util.zip.ZipFile$Source::checkExtraFields (161 bytes)
Event: 1.311 Thread 0x00000195f9bce6e0 nmethod 2542 0x00000195e3d7a810 code [0x00000195e3d7aa60, 0x00000195e3d7b2b8]
Event: 1.312 Thread 0x00000195f9e7f3e0 nmethod 2543 0x00000195e3d7b590 code [0x00000195e3d7b920, 0x00000195e3d7d408]
Event: 1.843 Thread 0x00000195f9e7f3e0 2544       3       jdk.internal.reflect.ClassFileAssembler::setStack (25 bytes)

GC Heap History (6 events):
Event: 0.483 GC heap before
{Heap before GC invocations=1 (full 0):
 PSYoungGen      total 29696K, used 25600K [0x00000000eab00000, 0x00000000ecc00000, 0x0000000100000000)
  eden space 25600K, 100% used [0x00000000eab00000,0x00000000ec400000,0x00000000ec400000)
  from space 4096K, 0% used [0x00000000ec800000,0x00000000ec800000,0x00000000ecc00000)
  to   space 4096K, 0% used [0x00000000ec400000,0x00000000ec400000,0x00000000ec800000)
 ParOldGen       total 68608K, used 0K [0x00000000c0000000, 0x00000000c4300000, 0x00000000eab00000)
  object space 68608K, 0% used [0x00000000c0000000,0x00000000c0000000,0x00000000c4300000)
 Metaspace       used 10586K, committed 10752K, reserved 1114112K
  class space    used 1055K, committed 1152K, reserved 1048576K
}
Event: 0.487 GC heap after
{Heap after GC invocations=1 (full 0):
 PSYoungGen      total 29696K, used 3093K [0x00000000eab00000, 0x00000000ecc00000, 0x0000000100000000)
  eden space 25600K, 0% used [0x00000000eab00000,0x00000000eab00000,0x00000000ec400000)
  from space 4096K, 75% used [0x00000000ec400000,0x00000000ec7054f8,0x00000000ec800000)
  to   space 4096K, 0% used [0x00000000ec800000,0x00000000ec800000,0x00000000ecc00000)
 ParOldGen       total 68608K, used 16K [0x00000000c0000000, 0x00000000c4300000, 0x00000000eab00000)
  object space 68608K, 0% used [0x00000000c0000000,0x00000000c0004000,0x00000000c4300000)
 Metaspace       used 10586K, committed 10752K, reserved 1114112K
  class space    used 1055K, committed 1152K, reserved 1048576K
}
Event: 0.799 GC heap before
{Heap before GC invocations=2 (full 0):
 PSYoungGen      total 29696K, used 28693K [0x00000000eab00000, 0x00000000ecc00000, 0x0000000100000000)
  eden space 25600K, 100% used [0x00000000eab00000,0x00000000ec400000,0x00000000ec400000)
  from space 4096K, 75% used [0x00000000ec400000,0x00000000ec7054f8,0x00000000ec800000)
  to   space 4096K, 0% used [0x00000000ec800000,0x00000000ec800000,0x00000000ecc00000)
 ParOldGen       total 68608K, used 16K [0x00000000c0000000, 0x00000000c4300000, 0x00000000eab00000)
  object space 68608K, 0% used [0x00000000c0000000,0x00000000c0004000,0x00000000c4300000)
 Metaspace       used 14188K, committed 14336K, reserved 1114112K
  class space    used 1414K, committed 1472K, reserved 1048576K
}
Event: 0.802 GC heap after
{Heap after GC invocations=2 (full 0):
 PSYoungGen      total 29696K, used 4086K [0x00000000eab00000, 0x00000000ecc00000, 0x0000000100000000)
  eden space 25600K, 0% used [0x00000000eab00000,0x00000000eab00000,0x00000000ec400000)
  from space 4096K, 99% used [0x00000000ec800000,0x00000000ecbfdb78,0x00000000ecc00000)
  to   space 4096K, 0% used [0x00000000ec400000,0x00000000ec400000,0x00000000ec800000)
 ParOldGen       total 68608K, used 352K [0x00000000c0000000, 0x00000000c4300000, 0x00000000eab00000)
  object space 68608K, 0% used [0x00000000c0000000,0x00000000c0058000,0x00000000c4300000)
 Metaspace       used 14188K, committed 14336K, reserved 1114112K
  class space    used 1414K, committed 1472K, reserved 1048576K
}
Event: 0.995 GC heap before
{Heap before GC invocations=3 (full 0):
 PSYoungGen      total 29696K, used 29686K [0x00000000eab00000, 0x00000000ecc00000, 0x0000000100000000)
  eden space 25600K, 100% used [0x00000000eab00000,0x00000000ec400000,0x00000000ec400000)
  from space 4096K, 99% used [0x00000000ec800000,0x00000000ecbfdb78,0x00000000ecc00000)
  to   space 4096K, 0% used [0x00000000ec400000,0x00000000ec400000,0x00000000ec800000)
 ParOldGen       total 68608K, used 352K [0x00000000c0000000, 0x00000000c4300000, 0x00000000eab00000)
  object space 68608K, 0% used [0x00000000c0000000,0x00000000c0058000,0x00000000c4300000)
 Metaspace       used 14653K, committed 14784K, reserved 1114112K
  class space    used 1448K, committed 1536K, reserved 1048576K
}
Event: 1.001 GC heap after
{Heap after GC invocations=3 (full 0):
 PSYoungGen      total 29696K, used 4074K [0x00000000eab00000, 0x00000000ecc00000, 0x0000000100000000)
  eden space 25600K, 0% used [0x00000000eab00000,0x00000000eab00000,0x00000000ec400000)
  from space 4096K, 99% used [0x00000000ec400000,0x00000000ec7fa9d8,0x00000000ec800000)
  to   space 4096K, 0% used [0x00000000ec800000,0x00000000ec800000,0x00000000ecc00000)
 ParOldGen       total 68608K, used 5591K [0x00000000c0000000, 0x00000000c4300000, 0x00000000eab00000)
  object space 68608K, 8% used [0x00000000c0000000,0x00000000c0575ef0,0x00000000c4300000)
 Metaspace       used 14653K, committed 14784K, reserved 1114112K
  class space    used 1448K, committed 1536K, reserved 1048576K
}

Dll operation events (9 events):
Event: 0.007 Loaded shared library c:\Users\Admin\.windsurf\extensions\redhat.java-1.38.0-win32-x64\jre\17.0.13-win32-x86_64\bin\java.dll
Event: 0.102 Loaded shared library c:\Users\Admin\.windsurf\extensions\redhat.java-1.38.0-win32-x64\jre\17.0.13-win32-x86_64\bin\zip.dll
Event: 0.104 Loaded shared library C:\Users\Admin\.windsurf\extensions\redhat.java-1.38.0-win32-x64\jre\17.0.13-win32-x86_64\bin\instrument.dll
Event: 0.112 Loaded shared library C:\Users\Admin\.windsurf\extensions\redhat.java-1.38.0-win32-x64\jre\17.0.13-win32-x86_64\bin\net.dll
Event: 0.113 Loaded shared library C:\Users\Admin\.windsurf\extensions\redhat.java-1.38.0-win32-x64\jre\17.0.13-win32-x86_64\bin\nio.dll
Event: 0.119 Loaded shared library C:\Users\Admin\.windsurf\extensions\redhat.java-1.38.0-win32-x64\jre\17.0.13-win32-x86_64\bin\zip.dll
Event: 0.129 Loaded shared library C:\Users\Admin\.windsurf\extensions\redhat.java-1.38.0-win32-x64\jre\17.0.13-win32-x86_64\bin\jimage.dll
Event: 0.172 Loaded shared library c:\Users\Admin\.windsurf\extensions\redhat.java-1.38.0-win32-x64\jre\17.0.13-win32-x86_64\bin\verify.dll
Event: 0.959 Loaded shared library C:\Users\Admin\AppData\Roaming\Windsurf\User\globalStorage\redhat.java\1.38.0\config_win\org.eclipse.equinox.launcher\org.eclipse.equinox.launcher.win32.win32.x86_64_1.2.1100.v20240722-2106\eclipse_11904.dll

Deoptimization events (20 events):
Event: 1.123 Thread 0x00000195fc56c5c0 Uncommon trap: trap_request=0xffffff6e fr.pc=0x00000195eb4a051c relative=0x000000000000037c
Event: 1.123 Thread 0x00000195fc56c5c0 Uncommon trap: reason=loop_limit_check action=maybe_recompile pc=0x00000195eb4a051c method=java.lang.StringLatin1.indexOf([BI[BII)I @ 37 c2
Event: 1.123 Thread 0x00000195fc56c5c0 DEOPT PACKING pc=0x00000195eb4a051c sp=0x00000074d44fd100
Event: 1.123 Thread 0x00000195fc56c5c0 DEOPT UNPACKING pc=0x00000195ead466a3 sp=0x00000074d44fd060 mode 2
Event: 1.133 Thread 0x00000195fc56c5c0 Uncommon trap: trap_request=0xffffffde fr.pc=0x00000195eb4f0870 relative=0x0000000000000070
Event: 1.133 Thread 0x00000195fc56c5c0 Uncommon trap: reason=class_check action=maybe_recompile pc=0x00000195eb4f0870 method=java.util.Collections$3.hasMoreElements()Z @ 4 c2
Event: 1.133 Thread 0x00000195fc56c5c0 DEOPT PACKING pc=0x00000195eb4f0870 sp=0x00000074d44fdd40
Event: 1.133 Thread 0x00000195fc56c5c0 DEOPT UNPACKING pc=0x00000195ead466a3 sp=0x00000074d44fdcd0 mode 2
Event: 1.134 Thread 0x00000195fc56c5c0 Uncommon trap: trap_request=0xffffffde fr.pc=0x00000195eb4f0870 relative=0x0000000000000070
Event: 1.134 Thread 0x00000195fc56c5c0 Uncommon trap: reason=class_check action=maybe_recompile pc=0x00000195eb4f0870 method=java.util.Collections$3.hasMoreElements()Z @ 4 c2
Event: 1.134 Thread 0x00000195fc56c5c0 DEOPT PACKING pc=0x00000195eb4f0870 sp=0x00000074d44fdd40
Event: 1.134 Thread 0x00000195fc56c5c0 DEOPT UNPACKING pc=0x00000195ead466a3 sp=0x00000074d44fdcd0 mode 2
Event: 1.134 Thread 0x00000195fc56c5c0 Uncommon trap: trap_request=0xffffffde fr.pc=0x00000195eb4f0870 relative=0x0000000000000070
Event: 1.134 Thread 0x00000195fc56c5c0 Uncommon trap: reason=class_check action=maybe_recompile pc=0x00000195eb4f0870 method=java.util.Collections$3.hasMoreElements()Z @ 4 c2
Event: 1.134 Thread 0x00000195fc56c5c0 DEOPT PACKING pc=0x00000195eb4f0870 sp=0x00000074d44fdd40
Event: 1.134 Thread 0x00000195fc56c5c0 DEOPT UNPACKING pc=0x00000195ead466a3 sp=0x00000074d44fdcd0 mode 2
Event: 1.134 Thread 0x00000195fc56c5c0 Uncommon trap: trap_request=0xffffffde fr.pc=0x00000195eb4f0870 relative=0x0000000000000070
Event: 1.134 Thread 0x00000195fc56c5c0 Uncommon trap: reason=class_check action=maybe_recompile pc=0x00000195eb4f0870 method=java.util.Collections$3.hasMoreElements()Z @ 4 c2
Event: 1.134 Thread 0x00000195fc56c5c0 DEOPT PACKING pc=0x00000195eb4f0870 sp=0x00000074d44fdd40
Event: 1.134 Thread 0x00000195fc56c5c0 DEOPT UNPACKING pc=0x00000195ead466a3 sp=0x00000074d44fdcd0 mode 2

Classes loaded (20 events):
Event: 1.258 Loading class sun/util/resources/Bundles$1
Event: 1.258 Loading class sun/util/resources/Bundles$1 done
Event: 1.258 Loading class sun/util/resources/Bundles$CacheKey
Event: 1.258 Loading class sun/util/resources/Bundles$CacheKey done
Event: 1.258 Loading class java/util/ResourceBundle$NoFallbackControl
Event: 1.258 Loading class java/util/ResourceBundle$SingleFormatControl
Event: 1.258 Loading class java/util/ResourceBundle$SingleFormatControl done
Event: 1.258 Loading class java/util/ResourceBundle$NoFallbackControl done
Event: 1.259 Loading class sun/text/resources/cldr/FormatData
Event: 1.259 Loading class sun/text/resources/cldr/FormatData done
Event: 1.259 Loading class sun/util/resources/Bundles$BundleReference
Event: 1.259 Loading class sun/util/resources/Bundles$CacheKeyReference
Event: 1.259 Loading class sun/util/resources/Bundles$CacheKeyReference done
Event: 1.259 Loading class sun/util/resources/Bundles$BundleReference done
Event: 1.259 Loading class sun/text/resources/cldr/FormatData_en
Event: 1.260 Loading class sun/text/resources/cldr/FormatData_en done
Event: 1.260 Loading class sun/text/resources/cldr/FormatData_en_US
Event: 1.260 Loading class sun/text/resources/cldr/FormatData_en_US done
Event: 1.261 Loading class java/time/LocalTime$1
Event: 1.261 Loading class java/time/LocalTime$1 done

Classes unloaded (0 events):
No events

Classes redefined (0 events):
No events

Internal exceptions (20 events):
Event: 0.459 Thread 0x00000195e0c17bf0 Exception <a 'java/io/FileNotFoundException'{0x00000000ec2c66a0}> (0x00000000ec2c66a0) 
thrown [s\src\hotspot\share\prims\jni.cpp, line 516]
Event: 0.481 Thread 0x00000195e0c17bf0 Implicit null exception at 0x00000195eb48f9bb to 0x00000195eb4902c8
Event: 0.482 Thread 0x00000195e0c17bf0 Implicit null exception at 0x00000195eb49138c to 0x00000195eb4915a8
Event: 0.482 Thread 0x00000195e0c17bf0 Implicit null exception at 0x00000195eb490c0c to 0x00000195eb490e24
Event: 0.482 Thread 0x00000195e0c17bf0 Implicit null exception at 0x00000195eb48c00f to 0x00000195eb48c085
Event: 0.510 Thread 0x00000195e0c17bf0 Exception <a 'java/lang/NoSuchMethodError'{0x00000000ead218f0}: 'int java.lang.invoke.DirectMethodHandle$Holder.invokeStaticInit(java.lang.Object, java.lang.Object, java.lang.Object, java.lang.Object)'> (0x00000000ead218f0) 
thrown [s\src\hotspot\share\interpreter\linkResolver.cpp, line 759]
Event: 0.511 Thread 0x00000195e0c17bf0 Exception <a 'java/lang/NoSuchMethodError'{0x00000000ead2c058}: 'java.lang.Object java.lang.invoke.DirectMethodHandle$Holder.invokeInterface(java.lang.Object, java.lang.Object)'> (0x00000000ead2c058) 
thrown [s\src\hotspot\share\interpreter\linkResolver.cpp, line 759]
Event: 0.511 Thread 0x00000195e0c17bf0 Exception <a 'java/lang/IncompatibleClassChangeError'{0x00000000ead2fda0}: Found class java.lang.Object, but interface was expected> (0x00000000ead2fda0) 
thrown [s\src\hotspot\share\interpreter\linkResolver.cpp, line 826]
Event: 0.512 Thread 0x00000195e0c17bf0 Exception <a 'java/lang/NoSuchMethodError'{0x00000000ead34280}: 'void java.lang.invoke.DirectMethodHandle$Holder.invokeStatic(java.lang.Object, java.lang.Object)'> (0x00000000ead34280) 
thrown [s\src\hotspot\share\interpreter\linkResolver.cpp, line 759]
Event: 0.512 Thread 0x00000195e0c17bf0 Exception <a 'java/lang/NoSuchMethodError'{0x00000000ead37a80}: 'void java.lang.invoke.DirectMethodHandle$Holder.invokeStaticInit(java.lang.Object, java.lang.Object)'> (0x00000000ead37a80) 
thrown [s\src\hotspot\share\interpreter\linkResolver.cpp, line 759]
Event: 0.513 Thread 0x00000195e0c17bf0 Exception <a 'java/lang/NoSuchMethodError'{0x00000000ead3ef80}: 'int java.lang.invoke.DirectMethodHandle$Holder.invokeStaticInit(java.lang.Object, java.lang.Object)'> (0x00000000ead3ef80) 
thrown [s\src\hotspot\share\interpreter\linkResolver.cpp, line 759]
Event: 0.666 Thread 0x00000195e0c17bf0 Exception <a 'java/lang/NoSuchMethodError'{0x00000000eb8e95f8}: 'int java.lang.invoke.DirectMethodHandle$Holder.invokeSpecial(java.lang.Object, java.lang.Object, java.lang.Object)'> (0x00000000eb8e95f8) 
thrown [s\src\hotspot\share\interpreter\linkResolver.cpp, line 759]
Event: 0.712 Thread 0x00000195e0c17bf0 Exception <a 'java/lang/NoSuchMethodError'{0x00000000ebe24c08}: 'java.lang.Object java.lang.invoke.DirectMethodHandle$Holder.newInvokeSpecial(java.lang.Object, int, java.lang.Object)'> (0x00000000ebe24c08) 
thrown [s\src\hotspot\share\interpreter\linkResolver.cpp, line 759]
Event: 0.956 Thread 0x00000195e0c17bf0 Exception <a 'java/lang/UnsatisfiedLinkError'{0x00000000ebe748a8}: 'void org.eclipse.equinox.launcher.JNIBridge._update_splash()'> (0x00000000ebe748a8) 
thrown [s\src\hotspot\share\prims\nativeLookup.cpp, line 543]
Event: 0.961 Thread 0x00000195fc56d4f0 Exception <a 'java/lang/NoSuchMethodError'{0x00000000ebf0ade0}: 'java.lang.Object java.lang.invoke.Invokers$Holder.invokeExact_MT(java.lang.Object, java.lang.Object, java.lang.Object, java.lang.Object, java.lang.Object, java.lang.Object)'> (0x00000000ebf0ade0) 
thrown [s\src\hotspot\share\interpreter\linkResolver.cpp, line 759]
Event: 1.171 Thread 0x00000195fc56c5c0 Exception <a 'java/lang/NoSuchMethodError'{0x00000000eb869058}: 'java.lang.Object java.lang.invoke.DirectMethodHandle$Holder.invokeStaticInit(java.lang.Object)'> (0x00000000eb869058) 
thrown [s\src\hotspot\share\interpreter\linkResolver.cpp, line 759]
Event: 1.190 Thread 0x00000195fc56c5c0 Exception <a 'java/lang/NoSuchMethodError'{0x00000000eb920600}: 'java.lang.Object java.lang.invoke.DirectMethodHandle$Holder.newInvokeSpecial(java.lang.Object, java.lang.Object, int, java.lang.Object)'> (0x00000000eb920600) 
thrown [s\src\hotspot\share\interpreter\linkResolver.cpp, line 759]
Event: 1.190 Thread 0x00000195fc56c5c0 Exception <a 'java/lang/NoSuchMethodError'{0x00000000eb924ba0}: 'java.lang.Object java.lang.invoke.DirectMethodHandle$Holder.invokeSpecial(java.lang.Object, java.lang.Object, java.lang.Object, int, java.lang.Object)'> (0x00000000eb924ba0) 
thrown [s\src\hotspot\share\interpreter\linkResolver.cpp, line 759]
Event: 1.229 Thread 0x00000195fc56c5c0 Exception <a 'java/lang/NoSuchMethodError'{0x00000000ebae4420}: 'void java.lang.invoke.DirectMethodHandle$Holder.invokeSpecial(java.lang.Object, java.lang.Object, java.lang.Object)'> (0x00000000ebae4420) 
thrown [s\src\hotspot\share\interpreter\linkResolver.cpp, line 759]
Event: 1.245 Thread 0x00000195fc56c5c0 Exception <a 'java/lang/ClassNotFoundException'{0x00000000ebb65e88}: sun/util/logging/resources/spi/loggingProvider> (0x00000000ebb65e88) 
thrown [s\src\hotspot\share\classfile\systemDictionary.cpp, line 256]

VM Operations (20 events):
Event: 0.802 Executing VM operation: ParallelGCFailedAllocation done
Event: 0.959 Executing VM operation: HandshakeAllThreads
Event: 0.959 Executing VM operation: HandshakeAllThreads done
Event: 0.984 Executing VM operation: HandshakeAllThreads
Event: 0.984 Executing VM operation: HandshakeAllThreads done
Event: 0.984 Executing VM operation: HandshakeAllThreads
Event: 0.984 Executing VM operation: HandshakeAllThreads done
Event: 0.995 Executing VM operation: ParallelGCFailedAllocation
Event: 1.001 Executing VM operation: ParallelGCFailedAllocation done
Event: 1.056 Executing VM operation: HandshakeAllThreads
Event: 1.056 Executing VM operation: HandshakeAllThreads done
Event: 1.218 Executing VM operation: HandshakeAllThreads
Event: 1.218 Executing VM operation: HandshakeAllThreads done
Event: 1.255 Executing VM operation: HandshakeAllThreads
Event: 1.255 Executing VM operation: HandshakeAllThreads done
Event: 1.263 Executing VM operation: HandshakeAllThreads
Event: 1.263 Executing VM operation: HandshakeAllThreads done
Event: 1.270 Executing VM operation: HandshakeAllThreads
Event: 1.270 Executing VM operation: HandshakeAllThreads done
Event: 2.274 Executing VM operation: Cleanup

Memory protections (0 events):
No events

Nmethod flushes (0 events):
No events

Events (20 events):
Event: 0.697 Thread 0x00000195e0c17bf0 Thread added: 0x00000195fc56c0b0
Event: 0.781 Thread 0x00000195e0c17bf0 Thread added: 0x00000195fc56cfe0
Event: 0.783 Thread 0x00000195e0c17bf0 Thread added: 0x00000195fc56c5c0
Event: 0.956 Thread 0x00000195e0c17bf0 Thread added: 0x00000195fc56d4f0
Event: 0.988 Thread 0x00000195fc56d4f0 Thread added: 0x00000195fc56da00
Event: 0.988 Thread 0x00000195fc56d4f0 Thread added: 0x00000195fcb7df60
Event: 0.988 Thread 0x00000195fc56d4f0 Thread added: 0x00000195fcb7f3a0
Event: 0.988 Thread 0x00000195fc56d4f0 Thread added: 0x00000195fcb7e980
Event: 0.989 Thread 0x00000195fc56d4f0 Thread added: 0x00000195fcb7bbf0
Event: 0.989 Thread 0x00000195fcb7f3a0 Thread added: 0x00000195fcb7da50
Event: 0.989 Thread 0x00000195fc56d4f0 Thread added: 0x00000195fcb7e470
Event: 0.989 Thread 0x00000195fcb7df60 Thread added: 0x00000195fcb7ee90
Event: 0.989 Thread 0x00000195fcb7e980 Thread added: 0x00000195fcb7f8b0
Event: 0.989 Thread 0x00000195fcb7f3a0 Thread added: 0x00000195fcb7c100
Event: 1.001 Thread 0x00000195f9bce6e0 Thread added: 0x00000195fcbfa080
Event: 1.005 Thread 0x00000195f9bce6e0 Thread added: 0x00000195fcbf8e50
Event: 1.028 Thread 0x00000195f9bce6e0 Thread added: 0x00000195fcc091d0
Event: 1.037 Thread 0x00000195f9e7f3e0 Thread added: 0x00000195fcda9520
Event: 1.047 Thread 0x00000195f9e7f3e0 Thread added: 0x00000195fd0c08f0
Event: 1.285 Thread 0x00000195fc56c5c0 Thread added: 0x00000195fcb7d030


Dynamic libraries:
0x00007ff753640000 - 0x00007ff75364e000 	c:\Users\Admin\.windsurf\extensions\redhat.java-1.38.0-win32-x64\jre\17.0.13-win32-x86_64\bin\java.exe
0x00007ffb0c360000 - 0x00007ffb0c5c3000 	C:\WINDOWS\SYSTEM32\ntdll.dll
0x00007ffb0c250000 - 0x00007ffb0c318000 	C:\WINDOWS\System32\KERNEL32.DLL
0x00007ffb09930000 - 0x00007ffb09ce2000 	C:\WINDOWS\System32\KERNELBASE.dll
0x00007ffb09730000 - 0x00007ffb0987b000 	C:\WINDOWS\System32\ucrtbase.dll
0x00007ffadc910000 - 0x00007ffadc92e000 	c:\Users\Admin\.windsurf\extensions\redhat.java-1.38.0-win32-x64\jre\17.0.13-win32-x86_64\bin\VCRUNTIME140.dll
0x00007ffadc930000 - 0x00007ffadc947000 	c:\Users\Admin\.windsurf\extensions\redhat.java-1.38.0-win32-x64\jre\17.0.13-win32-x86_64\bin\jli.dll
0x00007ffb0b1f0000 - 0x00007ffb0b3b8000 	C:\WINDOWS\System32\USER32.dll
0x00007ffaed570000 - 0x00007ffaed800000 	C:\WINDOWS\WinSxS\amd64_microsoft.windows.common-controls_6595b64144ccf1df_6.0.26100.2454_none_3e0b68a2e331ad60\COMCTL32.dll
0x00007ffb09e20000 - 0x00007ffb09e47000 	C:\WINDOWS\System32\win32u.dll
0x00007ffb0a2c0000 - 0x00007ffb0a369000 	C:\WINDOWS\System32\msvcrt.dll
0x00007ffb0aa70000 - 0x00007ffb0aa9a000 	C:\WINDOWS\System32\GDI32.dll
0x00007ffb09f10000 - 0x00007ffb0a03b000 	C:\WINDOWS\System32\gdi32full.dll
0x00007ffb09880000 - 0x00007ffb09923000 	C:\WINDOWS\System32\msvcp_win.dll
0x00007ffb0a5a0000 - 0x00007ffb0a5cf000 	C:\WINDOWS\System32\IMM32.DLL
0x00007ffadc900000 - 0x00007ffadc90c000 	c:\Users\Admin\.windsurf\extensions\redhat.java-1.38.0-win32-x64\jre\17.0.13-win32-x86_64\bin\vcruntime140_1.dll
0x00007ffab2340000 - 0x00007ffab23cd000 	c:\Users\Admin\.windsurf\extensions\redhat.java-1.38.0-win32-x64\jre\17.0.13-win32-x86_64\bin\msvcp140.dll
0x00007ffa31e40000 - 0x00007ffa32aab000 	c:\Users\Admin\.windsurf\extensions\redhat.java-1.38.0-win32-x64\jre\17.0.13-win32-x86_64\bin\server\jvm.dll
0x00007ffb0c190000 - 0x00007ffb0c244000 	C:\WINDOWS\System32\ADVAPI32.dll
0x00007ffb0c0b0000 - 0x00007ffb0c156000 	C:\WINDOWS\System32\sechost.dll
0x00007ffb0b3d0000 - 0x00007ffb0b4e6000 	C:\WINDOWS\System32\RPCRT4.dll
0x00007ffb0c030000 - 0x00007ffb0c0a4000 	C:\WINDOWS\System32\WS2_32.dll
0x00007ffb09030000 - 0x00007ffb0907e000 	C:\WINDOWS\SYSTEM32\POWRPROF.dll
0x00007ffaff600000 - 0x00007ffaff636000 	C:\WINDOWS\SYSTEM32\WINMM.dll
0x00007ffaff110000 - 0x00007ffaff11b000 	C:\WINDOWS\SYSTEM32\VERSION.dll
0x00007ffb08fe0000 - 0x00007ffb08ff4000 	C:\WINDOWS\SYSTEM32\UMPDC.dll
0x00007ffb084e0000 - 0x00007ffb084fa000 	C:\WINDOWS\SYSTEM32\kernel.appcore.dll
0x00007ffadc8f0000 - 0x00007ffadc8fa000 	c:\Users\Admin\.windsurf\extensions\redhat.java-1.38.0-win32-x64\jre\17.0.13-win32-x86_64\bin\jimage.dll
0x00007ffb06330000 - 0x00007ffb06571000 	C:\WINDOWS\SYSTEM32\DBGHELP.DLL
0x00007ffb0abd0000 - 0x00007ffb0af4e000 	C:\WINDOWS\System32\combase.dll
0x00007ffb0bd60000 - 0x00007ffb0be36000 	C:\WINDOWS\System32\OLEAUT32.dll
0x00007ffaea480000 - 0x00007ffaea4b9000 	C:\WINDOWS\SYSTEM32\dbgcore.DLL
0x00007ffb09cf0000 - 0x00007ffb09d89000 	C:\WINDOWS\System32\bcryptPrimitives.dll
0x00007ffadc790000 - 0x00007ffadc79e000 	c:\Users\Admin\.windsurf\extensions\redhat.java-1.38.0-win32-x64\jre\17.0.13-win32-x86_64\bin\instrument.dll
0x00007ffadc760000 - 0x00007ffadc785000 	c:\Users\Admin\.windsurf\extensions\redhat.java-1.38.0-win32-x64\jre\17.0.13-win32-x86_64\bin\java.dll
0x00007fface930000 - 0x00007fface948000 	c:\Users\Admin\.windsurf\extensions\redhat.java-1.38.0-win32-x64\jre\17.0.13-win32-x86_64\bin\zip.dll
0x00007ffb0b4f0000 - 0x00007ffb0bbf0000 	C:\WINDOWS\System32\SHELL32.dll
0x00007ffb07420000 - 0x00007ffb07c51000 	C:\WINDOWS\SYSTEM32\windows.storage.dll
0x00007ffb0bc00000 - 0x00007ffb0bcda000 	C:\WINDOWS\System32\SHCORE.dll
0x00007ffb0a540000 - 0x00007ffb0a59d000 	C:\WINDOWS\System32\shlwapi.dll
0x00007ffb09640000 - 0x00007ffb0966e000 	C:\WINDOWS\SYSTEM32\profapi.dll
0x00007fface100000 - 0x00007fface119000 	C:\Users\Admin\.windsurf\extensions\redhat.java-1.38.0-win32-x64\jre\17.0.13-win32-x86_64\bin\net.dll
0x00007ffb02bd0000 - 0x00007ffb02cf6000 	C:\WINDOWS\SYSTEM32\WINHTTP.dll
0x00007ffb08a70000 - 0x00007ffb08ad8000 	C:\WINDOWS\system32\mswsock.dll
0x00007ffacc9f0000 - 0x00007ffacca06000 	C:\Users\Admin\.windsurf\extensions\redhat.java-1.38.0-win32-x64\jre\17.0.13-win32-x86_64\bin\nio.dll
0x00007ffadb730000 - 0x00007ffadb740000 	c:\Users\Admin\.windsurf\extensions\redhat.java-1.38.0-win32-x64\jre\17.0.13-win32-x86_64\bin\verify.dll
0x00007ffab2ec0000 - 0x00007ffab2f05000 	C:\Users\Admin\AppData\Roaming\Windsurf\User\globalStorage\redhat.java\1.38.0\config_win\org.eclipse.equinox.launcher\org.eclipse.equinox.launcher.win32.win32.x86_64_1.2.1100.v20240722-2106\eclipse_11904.dll
0x00007ffb0af60000 - 0x00007ffb0b0f9000 	C:\WINDOWS\System32\ole32.dll

dbghelp: loaded successfully - version: 4.0.5 - missing functions: none
symbol engine: initialized successfully - sym options: 0x614 - pdb path: .;c:\Users\Admin\.windsurf\extensions\redhat.java-1.38.0-win32-x64\jre\17.0.13-win32-x86_64\bin;C:\WINDOWS\SYSTEM32;C:\WINDOWS\WinSxS\amd64_microsoft.windows.common-controls_6595b64144ccf1df_6.0.26100.2454_none_3e0b68a2e331ad60;c:\Users\Admin\.windsurf\extensions\redhat.java-1.38.0-win32-x64\jre\17.0.13-win32-x86_64\bin\server;C:\Users\Admin\AppData\Roaming\Windsurf\User\globalStorage\redhat.java\1.38.0\config_win\org.eclipse.equinox.launcher\org.eclipse.equinox.launcher.win32.win32.x86_64_1.2.1100.v20240722-2106

VM Arguments:
jvm_args: --add-modules=ALL-SYSTEM --add-opens=java.base/java.util=ALL-UNNAMED --add-opens=java.base/java.lang=ALL-UNNAMED --add-opens=java.base/sun.nio.fs=ALL-UNNAMED -Declipse.application=org.eclipse.jdt.ls.core.id1 -Dosgi.bundles.defaultStartLevel=4 -Declipse.product=org.eclipse.jdt.ls.core.product -Djava.import.generatesMetadataFilesAtProjectRoot=false -DDetectVMInstallationsJob.disabled=true -Dfile.encoding=utf8 -XX:+UseParallelGC -XX:GCTimeRatio=4 -XX:AdaptiveSizePolicyWeight=90 -Dsun.zip.disableMemoryMapping=true -Xmx1G -Xms100m -Xlog:disable -javaagent:c:\Users\Admin\.windsurf\extensions\redhat.java-1.38.0-win32-x64\lombok\lombok-1.18.34.jar -XX:+HeapDumpOnOutOfMemoryError -XX:HeapDumpPath=c:\Users\Admin\AppData\Roaming\Windsurf\User\workspaceStorage\2c89ca354970528dc7e45248d145d3bb\redhat.java -Daether.dependencyCollector.impl=bf 
java_command: c:\Users\Admin\.windsurf\extensions\redhat.java-1.38.0-win32-x64\server\plugins\org.eclipse.equinox.launcher_1.6.900.v20240613-2009.jar -configuration c:\Users\Admin\AppData\Roaming\Windsurf\User\globalStorage\redhat.java\1.38.0\config_win -data c:\Users\Admin\AppData\Roaming\Windsurf\User\workspaceStorage\2c89ca354970528dc7e45248d145d3bb\redhat.java\jdt_ws --pipe=\\.\pipe\lsp-0f754bfb557e676ed58528e85426b96d-sock
java_class_path (initial): c:\Users\Admin\.windsurf\extensions\redhat.java-1.38.0-win32-x64\server\plugins\org.eclipse.equinox.launcher_1.6.900.v20240613-2009.jar
Launcher Type: SUN_STANDARD

[Global flags]
    uintx AdaptiveSizePolicyWeight                 = 90                                        {product} {command line}
     intx CICompilerCount                          = 12                                        {product} {ergonomic}
    uintx GCTimeRatio                              = 4                                         {product} {command line}
     bool HeapDumpOnOutOfMemoryError               = true                                   {manageable} {command line}
    ccstr HeapDumpPath                             = c:\Users\Admin\AppData\Roaming\Windsurf\User\workspaceStorage\2c89ca354970528dc7e45248d145d3bb\redhat.java         {manageable} {command line}
   size_t InitialHeapSize                          = 104857600                                 {product} {command line}
   size_t MaxHeapSize                              = 1073741824                                {product} {command line}
   size_t MaxNewSize                               = 357564416                                 {product} {ergonomic}
   size_t MinHeapDeltaBytes                        = 524288                                    {product} {ergonomic}
   size_t MinHeapSize                              = 104857600                                 {product} {command line}
   size_t NewSize                                  = 34603008                                  {product} {ergonomic}
    uintx NonNMethodCodeHeapSize                   = 7602480                                {pd product} {ergonomic}
    uintx NonProfiledCodeHeapSize                  = 122027880                              {pd product} {ergonomic}
   size_t OldSize                                  = 70254592                                  {product} {ergonomic}
    uintx ProfiledCodeHeapSize                     = 122027880                              {pd product} {ergonomic}
    uintx ReservedCodeCacheSize                    = 251658240                              {pd product} {ergonomic}
     bool SegmentedCodeCache                       = true                                      {product} {ergonomic}
   size_t SoftMaxHeapSize                          = 1073741824                             {manageable} {ergonomic}
     bool UseCompressedClassPointers               = true                           {product lp64_product} {ergonomic}
     bool UseCompressedOops                        = true                           {product lp64_product} {ergonomic}
     bool UseLargePagesIndividualAllocation        = false                                  {pd product} {ergonomic}
     bool UseParallelGC                            = true                                      {product} {command line}

Logging:
Log output configuration:
 #0: stdout all=off uptime,level,tags
 #1: stderr all=off uptime,level,tags

Environment Variables:
PATH=C:\Python312\Scripts\;C:\Python312\;C:\Program Files\Common Files\Oracle\Java\javapath;C:\Windows\system32;C:\Windows;C:\Windows\System32\Wbem;C:\Windows\System32\WindowsPowerShell\v1.0\;C:\Windows\System32\OpenSSH\;C:\Program Files (x86)\NVIDIA Corporation\PhysX\Common;C:\WINDOWS\system32;C:\WINDOWS;C:\WINDOWS\System32\Wbem;C:\WINDOWS\System32\WindowsPowerShell\v1.0\;C:\WINDOWS\System32\OpenSSH\;C:\Program Files (x86)\Microsoft SQL Server\150\Tools\Binn\;C:\Program Files\Microsoft SQL Server\150\Tools\Binn\;C:\Program Files (x86)\Microsoft SQL Server\150\DTS\Binn\;C:\Program Files\Microsoft SQL Server\150\DTS\Binn\;C:\Program Files\Microsoft SQL Server\Client SDK\ODBC\170\Tools\Binn\;C:\Program Files\Azure Data Studio\bin;C:\Program Files\apache-maven-3.9.4-bin\apache-maven-3.9.4\bin;C:\ProgramData\chocolatey\bin;C:\WINDOWS\system32;C:\WINDOWS;C:\WINDOWS\System32\Wbem;C:\WINDOWS\System32\WindowsPowerShell\v1.0\;C:\WINDOWS\System32\OpenSSH\;D:\Free_time_game\Git\Git\cmd;C:\Program Files\dotnet\;C:\Program Files\nodejs\;C:\Program Files\Git\cmd;C:\Program Files\Cloudflare\Cloudflare WARP\;C:\Program Files\NVIDIA Corporation\NVIDIA app\NvDLISR;C:\Users\Admin\AppData\Local\Programs\Python\Python311\Scripts\;C:\Users\Admin\AppData\Local\Programs\Python\Python311\;C:\Users\Admin\AppData\Local\Microsoft\WindowsApps;D:\PythonCode\PyCharm Community Edition 2022.2.3\bin;;C:\Program Files\Azure Data Studio\bin;C:\Program Files\JetBrains\IntelliJ IDEA 2023.2\bin;C:\Program Files\nodejs;C:\Users\YourUsername\AppData\Roaming\npm;;D:\Free_time_game\Microsoft VS Code\bin;C:\Users\Admin\AppData\Roaming\npm;C:\Users\Admin\AppData\Local\Programs\Microsoft VS Code\bin;C:\Flutter\Src\flutter\bin;C:\Users\Admin\AppData\Local\Programs\Windsurf\bin
USERNAME=Admin
OS=Windows_NT
PROCESSOR_IDENTIFIER=Intel64 Family 6 Model 154 Stepping 3, GenuineIntel
TMP=C:\Users\Admin\AppData\Local\Temp
TEMP=C:\Users\Admin\AppData\Local\Temp



Periodic native trim disabled


---------------  S Y S T E M  ---------------

OS:
 Windows 11 , 64 bit Build 26100 (10.0.26100.2454)
OS uptime: 0 days 1:31 hours
Hyper-V role detected

CPU: total 16 (initial active 16) (8 cores per cpu, 2 threads per core) family 6 model 154 stepping 3 microcode 0x432, cx8, cmov, fxsr, ht, mmx, 3dnowpref, sse, sse2, sse3, ssse3, sse4.1, sse4.2, popcnt, lzcnt, tsc, tscinvbit, avx, avx2, aes, erms, clmul, bmi1, bmi2, adx, sha, fma, vzeroupper, clflush, clflushopt, clwb, hv
Processor Information for processor 0
  Max Mhz: 2500, Current Mhz: 2500, Mhz Limit: 2500
Processor Information for processor 1
  Max Mhz: 2500, Current Mhz: 2500, Mhz Limit: 2500
Processor Information for processor 2
  Max Mhz: 2500, Current Mhz: 2500, Mhz Limit: 2500
Processor Information for processor 3
  Max Mhz: 2500, Current Mhz: 2500, Mhz Limit: 2500
Processor Information for processor 4
  Max Mhz: 2500, Current Mhz: 2500, Mhz Limit: 2500
Processor Information for processor 5
  Max Mhz: 2500, Current Mhz: 2500, Mhz Limit: 2500
Processor Information for processor 6
  Max Mhz: 2500, Current Mhz: 2500, Mhz Limit: 2500
Processor Information for processor 7
  Max Mhz: 2500, Current Mhz: 2500, Mhz Limit: 2500
Processor Information for processor 8
  Max Mhz: 2500, Current Mhz: 1800, Mhz Limit: 1800
Processor Information for processor 9
  Max Mhz: 2500, Current Mhz: 1800, Mhz Limit: 1800
Processor Information for processor 10
  Max Mhz: 2500, Current Mhz: 1800, Mhz Limit: 1800
Processor Information for processor 11
  Max Mhz: 2500, Current Mhz: 1800, Mhz Limit: 1800
Processor Information for processor 12
  Max Mhz: 2500, Current Mhz: 1800, Mhz Limit: 1800
Processor Information for processor 13
  Max Mhz: 2500, Current Mhz: 1800, Mhz Limit: 1800
Processor Information for processor 14
  Max Mhz: 2500, Current Mhz: 1800, Mhz Limit: 1800
Processor Information for processor 15
  Max Mhz: 2500, Current Mhz: 1800, Mhz Limit: 1800

Memory: 4k page, system-wide physical 16176M (4299M free)
TotalPageFile size 18224M (AvailPageFile size 12M)
current process WorkingSet (physical memory assigned to process): 130M, peak: 130M
current process commit charge ("private bytes"): 257M, peak: 260M

vm_info: OpenJDK 64-Bit Server VM (17.0.13+11) for windows-amd64 JRE (17.0.13+11), built on Oct 16 2024 00:10:08 by "admin" with MS VC++ 17.7 (VS2022)

END.
