#
# There is insufficient memory for the Java Runtime Environment to continue.
# Native memory allocation (mmap) failed to map 115343360 bytes for G1 virtual space
# Possible reasons:
#   The system is out of physical RAM or swap space
#   The process is running with CompressedOops enabled, and the Java Heap may be blocking the growth of the native heap
# Possible solutions:
#   Reduce memory load on the system
#   Increase physical memory or swap space
#   Check if swap backing store is full
#   Decrease Java heap size (-Xmx/-Xms)
#   Decrease number of Java threads
#   Decrease Java thread stack sizes (-Xss)
#   Set larger code cache with -XX:ReservedCodeCacheSize=
#   JVM is running with Zero Based Compressed Oops mode in which the Java heap is
#     placed in the first 32GB address space. The Java Heap base address is the
#     maximum limit for the native heap growth. Please use -XX:HeapBaseMinAddress
#     to set the Java Heap base and to place the Java Heap above 32GB virtual address.
# This output file may be truncated or incomplete.
#
#  Out of Memory Error (os_windows.cpp:3600), pid=24928, tid=5272
#
# JRE version: Java(TM) SE Runtime Environment (21.0+35) (build 21+35-LTS-2513)
# Java VM: Java HotSpot(TM) 64-Bit Server VM (21+35-LTS-2513, mixed mode, emulated-client, sharing, tiered, compressed oops, compressed class ptrs, g1 gc, windows-amd64)
# No core dump will be written. Minidumps are not enabled by default on client versions of Windows
#

---------------  S U M M A R Y ------------

Command Line: -XX:TieredStopAtLevel=1 -Dspring.output.ansi.enabled=always -Dcom.sun.management.jmxremote -Dspring.jmx.enabled=true -Dspring.liveBeansView.mbeanDomain -Dspring.application.admin.enabled=true -Dmanagement.endpoints.jmx.exposure.include=* -javaagent:C:\Program Files\JetBrains\IntelliJ IDEA 2023.2\lib\idea_rt.jar=54685 -Dfile.encoding=UTF-8 -Dsun.stdout.encoding=UTF-8 -Dsun.stderr.encoding=UTF-8 org.example.technihongo.TechNihongoApplication

Host: 12th Gen Intel(R) Core(TM) i5-12500H, 16 cores, 15G,  Windows 11 , 64 bit Build 26100 (10.0.26100.3624)
Time: Sat Apr  5 17:43:44 2025 SE Asia Standard Time elapsed time: 11.721600 seconds (0d 0h 0m 11s)

---------------  T H R E A D  ---------------

Current thread (0x000002ad68aeb100):  VMThread "VM Thread"          [id=5272, stack(0x000000f6e8500000,0x000000f6e8600000) (1024K)]

Stack: [0x000000f6e8500000,0x000000f6e8600000]
Native frames: (J=compiled Java code, j=interpreted, Vv=VM code, C=native code)
V  [jvm.dll+0x6c8d39]
V  [jvm.dll+0x854091]
V  [jvm.dll+0x85630e]
V  [jvm.dll+0x8569e3]
V  [jvm.dll+0x2809a6]
V  [jvm.dll+0x6c5425]
V  [jvm.dll+0x6b9e1a]
V  [jvm.dll+0x3555ba]
V  [jvm.dll+0x35d206]
V  [jvm.dll+0x3adf6e]
V  [jvm.dll+0x3ae218]
V  [jvm.dll+0x328fcc]
V  [jvm.dll+0x329057]
V  [jvm.dll+0x36d90c]
V  [jvm.dll+0x36c10d]
V  [jvm.dll+0x328741]
V  [jvm.dll+0x36b81a]
V  [jvm.dll+0x85c4e8]
V  [jvm.dll+0x85d5e4]
V  [jvm.dll+0x85db20]
V  [jvm.dll+0x85ddc3]
V  [jvm.dll+0x7fd2c8]
V  [jvm.dll+0x6c748d]
C  [ucrtbase.dll+0x37b0]
C  [KERNEL32.DLL+0x2e8d7]
C  [ntdll.dll+0xb14fc]

VM_Operation (0x000000f6e7ef7b80): G1CollectForAllocation, mode: safepoint, requested by thread 0x000002ad52ef6dd0


---------------  P R O C E S S  ---------------

Threads class SMR info:
_java_thread_list=0x000002ad6f291bf0, length=29, elements={
0x000002ad52ef6dd0, 0x000002ad68b087c0, 0x000002ad68b0e350, 0x000002ad68b0f6f0,
0x000002ad68b103b0, 0x000002ad68b12350, 0x000002ad68b14dc0, 0x000002ad68b15aa0,
0x000002ad6d05a320, 0x000002ad6d1302a0, 0x000002ad6d132d30, 0x000002ad6d133a50,
0x000002ad6d41a8e0, 0x000002ad6d3fd410, 0x000002ad6d69fed0, 0x000002ad6d6a0770,
0x000002ad6d99eeb0, 0x000002ad6d9fb770, 0x000002ad6d9f9d10, 0x000002ad6da7e140,
0x000002ad6eaf79e0, 0x000002ad6eb33b20, 0x000002ad6eb2dbb0, 0x000002ad6f49e7f0,
0x000002ad6f4a0230, 0x000002ad707bb880, 0x000002ad707bab60, 0x000002ad707b9120,
0x000002ad707bdfe0
}

Java Threads: ( => current thread )
  0x000002ad52ef6dd0 JavaThread "main"                              [_thread_blocked, id=21664, stack(0x000000f6e7e00000,0x000000f6e7f00000) (1024K)]
  0x000002ad68b087c0 JavaThread "Reference Handler"          daemon [_thread_blocked, id=15964, stack(0x000000f6e8600000,0x000000f6e8700000) (1024K)]
  0x000002ad68b0e350 JavaThread "Finalizer"                  daemon [_thread_blocked, id=20380, stack(0x000000f6e8700000,0x000000f6e8800000) (1024K)]
  0x000002ad68b0f6f0 JavaThread "Signal Dispatcher"          daemon [_thread_blocked, id=22708, stack(0x000000f6e8800000,0x000000f6e8900000) (1024K)]
  0x000002ad68b103b0 JavaThread "Attach Listener"            daemon [_thread_blocked, id=10780, stack(0x000000f6e8900000,0x000000f6e8a00000) (1024K)]
  0x000002ad68b12350 JavaThread "Service Thread"             daemon [_thread_blocked, id=9244, stack(0x000000f6e8a00000,0x000000f6e8b00000) (1024K)]
  0x000002ad68b14dc0 JavaThread "Monitor Deflation Thread"   daemon [_thread_blocked, id=10256, stack(0x000000f6e8b00000,0x000000f6e8c00000) (1024K)]
  0x000002ad68b15aa0 JavaThread "C1 CompilerThread0"         daemon [_thread_blocked, id=20392, stack(0x000000f6e8c00000,0x000000f6e8d00000) (1024K)]
  0x000002ad6d05a320 JavaThread "C1 CompilerThread1"         daemon [_thread_blocked, id=20748, stack(0x000000f6e8d00000,0x000000f6e8e00000) (1024K)]
  0x000002ad6d1302a0 JavaThread "Common-Cleaner"             daemon [_thread_blocked, id=12800, stack(0x000000f6e8e00000,0x000000f6e8f00000) (1024K)]
  0x000002ad6d132d30 JavaThread "C1 CompilerThread2"         daemon [_thread_blocked, id=23376, stack(0x000000f6e8f00000,0x000000f6e9000000) (1024K)]
  0x000002ad6d133a50 JavaThread "C1 CompilerThread3"         daemon [_thread_blocked, id=25988, stack(0x000000f6e9000000,0x000000f6e9100000) (1024K)]
  0x000002ad6d41a8e0 JavaThread "C1 CompilerThread4"         daemon [_thread_blocked, id=11708, stack(0x000000f6e9100000,0x000000f6e9200000) (1024K)]
  0x000002ad6d3fd410 JavaThread "C1 CompilerThread5"         daemon [_thread_blocked, id=25512, stack(0x000000f6e9200000,0x000000f6e9300000) (1024K)]
  0x000002ad6d69fed0 JavaThread "Monitor Ctrl-Break"         daemon [_thread_in_native, id=12376, stack(0x000000f6e9300000,0x000000f6e9400000) (1024K)]
  0x000002ad6d6a0770 JavaThread "Notification Thread"        daemon [_thread_blocked, id=4552, stack(0x000000f6e9400000,0x000000f6e9500000) (1024K)]
  0x000002ad6d99eeb0 JavaThread "RMI TCP Accept-0"           daemon [_thread_in_native, id=18160, stack(0x000000f6e9500000,0x000000f6e9600000) (1024K)]
  0x000002ad6d9fb770 JavaThread "RMI TCP Connection(1)-192.168.1.11" daemon [_thread_blocked, id=7552, stack(0x000000f6e9600000,0x000000f6e9700000) (1024K)]
  0x000002ad6d9f9d10 JavaThread "RMI Scheduler(0)"           daemon [_thread_blocked, id=12612, stack(0x000000f6e9f00000,0x000000f6ea000000) (1024K)]
  0x000002ad6da7e140 JavaThread "JMX server connection timeout 42" daemon [_thread_blocked, id=2732, stack(0x000000f6ea000000,0x000000f6ea100000) (1024K)]
  0x000002ad6eaf79e0 JavaThread "C1 CompilerThread6"         daemon [_thread_blocked, id=14300, stack(0x000000f6ea800000,0x000000f6ea900000) (1024K)]
  0x000002ad6eb33b20 JavaThread "C1 CompilerThread7"         daemon [_thread_blocked, id=12740, stack(0x000000f6ea900000,0x000000f6eaa00000) (1024K)]
  0x000002ad6eb2dbb0 JavaThread "C1 CompilerThread8"         daemon [_thread_blocked, id=11804, stack(0x000000f6eaa00000,0x000000f6eab00000) (1024K)]
  0x000002ad6f49e7f0 JavaThread "mssql-jdbc-shared-timer-core-0" daemon [_thread_blocked, id=26160, stack(0x000000f6eae00000,0x000000f6eaf00000) (1024K)]
  0x000002ad6f4a0230 JavaThread "HikariPool-1 housekeeper"   daemon [_thread_blocked, id=24820, stack(0x000000f6eaf00000,0x000000f6eb000000) (1024K)]
  0x000002ad707bb880 JavaThread "Catalina-utility-1"                [_thread_blocked, id=23148, stack(0x000000f6eb100000,0x000000f6eb200000) (1024K)]
  0x000002ad707bab60 JavaThread "Catalina-utility-2"                [_thread_blocked, id=7536, stack(0x000000f6eb200000,0x000000f6eb300000) (1024K)]
  0x000002ad707b9120 JavaThread "container-0"                       [_thread_blocked, id=20632, stack(0x000000f6eb300000,0x000000f6eb400000) (1024K)]
  0x000002ad707bdfe0 JavaThread "RMI TCP Connection(2)-192.168.1.11" daemon [_thread_blocked, id=12284, stack(0x000000f6eab00000,0x000000f6eac00000) (1024K)]
Total: 29

Other Threads:
=>0x000002ad68aeb100 VMThread "VM Thread"                           [id=5272, stack(0x000000f6e8500000,0x000000f6e8600000) (1024K)]
  0x000002ad68ad3eb0 WatcherThread "VM Periodic Task Thread"        [id=10036, stack(0x000000f6e8400000,0x000000f6e8500000) (1024K)]
  0x000002ad55227bf0 WorkerThread "GC Thread#0"                     [id=8736, stack(0x000000f6e7f00000,0x000000f6e8000000) (1024K)]
  0x000002ad6d9bcd20 WorkerThread "GC Thread#1"                     [id=26200, stack(0x000000f6e9700000,0x000000f6e9800000) (1024K)]
  0x000002ad6d9bd0c0 WorkerThread "GC Thread#2"                     [id=9056, stack(0x000000f6e9800000,0x000000f6e9900000) (1024K)]
  0x000002ad6d9bd870 WorkerThread "GC Thread#3"                     [id=16376, stack(0x000000f6e9900000,0x000000f6e9a00000) (1024K)]
  0x000002ad6d9bdc10 WorkerThread "GC Thread#4"                     [id=20324, stack(0x000000f6e9a00000,0x000000f6e9b00000) (1024K)]
  0x000002ad6d9bdfb0 WorkerThread "GC Thread#5"                     [id=17536, stack(0x000000f6e9b00000,0x000000f6e9c00000) (1024K)]
  0x000002ad6da29850 WorkerThread "GC Thread#6"                     [id=22832, stack(0x000000f6e9c00000,0x000000f6e9d00000) (1024K)]
  0x000002ad6da29bf0 WorkerThread "GC Thread#7"                     [id=24564, stack(0x000000f6e9d00000,0x000000f6e9e00000) (1024K)]
  0x000002ad6da2a3a0 WorkerThread "GC Thread#8"                     [id=2624, stack(0x000000f6e9e00000,0x000000f6e9f00000) (1024K)]
  0x000002ad6e34f6b0 WorkerThread "GC Thread#9"                     [id=7784, stack(0x000000f6ea100000,0x000000f6ea200000) (1024K)]
  0x000002ad6e34fdf0 WorkerThread "GC Thread#10"                    [id=18316, stack(0x000000f6ea200000,0x000000f6ea300000) (1024K)]
  0x000002ad6e34f310 WorkerThread "GC Thread#11"                    [id=1980, stack(0x000000f6ea300000,0x000000f6ea400000) (1024K)]
  0x000002ad6e34fa50 WorkerThread "GC Thread#12"                    [id=19072, stack(0x000000f6ea400000,0x000000f6ea500000) (1024K)]
  0x000002ad552387b0 ConcurrentGCThread "G1 Main Marker"            [id=9972, stack(0x000000f6e8000000,0x000000f6e8100000) (1024K)]
  0x000002ad5523a040 WorkerThread "G1 Conc#0"                       [id=3320, stack(0x000000f6e8100000,0x000000f6e8200000) (1024K)]
  0x000002ad6e350530 WorkerThread "G1 Conc#1"                       [id=6468, stack(0x000000f6ea500000,0x000000f6ea600000) (1024K)]
  0x000002ad6e350190 WorkerThread "G1 Conc#2"                       [id=22180, stack(0x000000f6ea600000,0x000000f6ea700000) (1024K)]
  0x000002ad689998b0 ConcurrentGCThread "G1 Refine#0"               [id=6536, stack(0x000000f6e8200000,0x000000f6e8300000) (1024K)]
  0x000002ad6899a1d0 ConcurrentGCThread "G1 Service"                [id=12712, stack(0x000000f6e8300000,0x000000f6e8400000) (1024K)]
Total: 21

Threads with active compile tasks:
Total: 0

VM state: at safepoint (normal execution)

VM Mutex/Monitor currently owned by a thread:  ([mutex/lock_event])
[0x00007fff71a08548] Threads_lock - owner thread: 0x000002ad68aeb100
[0x00007fff71a08648] Heap_lock - owner thread: 0x000002ad52ef6dd0

Heap address: 0x0000000703200000, size: 4046 MB, Compressed Oops mode: Zero based, Oop shift amount: 3

CDS archive(s) mapped at: [0x000002ad00000000-0x000002ad00c90000-0x000002ad00c90000), size 13172736, SharedBaseAddress: 0x000002ad00000000, ArchiveRelocationMode: 1.
Compressed class space mapped at: 0x000002ad01000000-0x000002ad41000000, reserved size: 1073741824
Narrow klass base: 0x000002ad00000000, Narrow klass shift: 0, Narrow klass range: 0x100000000

GC Precious Log:
 CardTable entry size: 512
 Card Set container configuration: InlinePtr #cards 4 size 8 Array Of Cards #cards 16 size 48 Howl #buckets 8 coarsen threshold 3686 Howl Bitmap #cards 512 size 80 coarsen threshold 460 Card regions per heap region 1 cards per card region 4096
 CPUs: 16 total, 16 available
 Memory: 16176M
 Large Page Support: Disabled
 NUMA Support: Disabled
 Compressed Oops: Enabled (Zero based)
 Heap Region Size: 2M
 Heap Min Capacity: 8M
 Heap Initial Capacity: 254M
 Heap Max Capacity: 4046M
 Pre-touch: Disabled
 Parallel Workers: 13
 Concurrent Workers: 3
 Concurrent Refinement Workers: 13
 Periodic GC: Disabled

Heap:
 garbage-first heap   total 147456K, used 66872K [0x0000000703200000, 0x0000000800000000)
  region size 2048K, 1 young (2048K), 1 survivors (2048K)
 Metaspace       used 80396K, committed 81216K, reserved 1179648K
  class space    used 11391K, committed 11712K, reserved 1048576K

Heap Regions: E=young(eden), S=young(survivor), O=old, HS=humongous(starts), HC=humongous(continues), CS=collection set, F=free, TAMS=top-at-mark-start, PB=parsable bottom
|   0|0x0000000703200000, 0x0000000703400000, 0x0000000703400000|100%| O|  |TAMS 0x0000000703400000| PB 0x0000000703200000| Untracked 
|   1|0x0000000703400000, 0x0000000703600000, 0x0000000703600000|100%| O|  |TAMS 0x0000000703600000| PB 0x0000000703400000| Untracked 
|   2|0x0000000703600000, 0x0000000703800000, 0x0000000703800000|100%| O|  |TAMS 0x0000000703800000| PB 0x0000000703600000| Untracked 
|   3|0x0000000703800000, 0x0000000703a00000, 0x0000000703a00000|100%| O|  |TAMS 0x0000000703a00000| PB 0x0000000703800000| Untracked 
|   4|0x0000000703a00000, 0x0000000703c00000, 0x0000000703c00000|100%| O|  |TAMS 0x0000000703c00000| PB 0x0000000703a00000| Untracked 
|   5|0x0000000703c00000, 0x0000000703e00000, 0x0000000703e00000|100%| O|  |TAMS 0x0000000703e00000| PB 0x0000000703c00000| Untracked 
|   6|0x0000000703e00000, 0x0000000704000000, 0x0000000704000000|100%| O|  |TAMS 0x0000000704000000| PB 0x0000000703e00000| Untracked 
|   7|0x0000000704000000, 0x0000000704200000, 0x0000000704200000|100%| O|  |TAMS 0x0000000704200000| PB 0x0000000704000000| Untracked 
|   8|0x0000000704200000, 0x0000000704400000, 0x0000000704400000|100%| O|  |TAMS 0x0000000704400000| PB 0x0000000704200000| Untracked 
|   9|0x0000000704400000, 0x0000000704600000, 0x0000000704600000|100%| O|  |TAMS 0x0000000704600000| PB 0x0000000704400000| Untracked 
|  10|0x0000000704600000, 0x0000000704800000, 0x0000000704800000|100%| O|  |TAMS 0x0000000704800000| PB 0x0000000704600000| Untracked 
|  11|0x0000000704800000, 0x0000000704a00000, 0x0000000704a00000|100%| O|  |TAMS 0x0000000704a00000| PB 0x0000000704800000| Untracked 
|  12|0x0000000704a00000, 0x0000000704c00000, 0x0000000704c00000|100%| O|  |TAMS 0x0000000704c00000| PB 0x0000000704a00000| Untracked 
|  13|0x0000000704c00000, 0x0000000704e00000, 0x0000000704e00000|100%| O|  |TAMS 0x0000000704e00000| PB 0x0000000704c00000| Untracked 
|  14|0x0000000704e00000, 0x0000000705000000, 0x0000000705000000|100%| O|  |TAMS 0x0000000705000000| PB 0x0000000704e00000| Untracked 
|  15|0x0000000705000000, 0x0000000705200000, 0x0000000705200000|100%| O|  |TAMS 0x0000000705200000| PB 0x0000000705000000| Untracked 
|  16|0x0000000705200000, 0x0000000705400000, 0x0000000705400000|100%| O|  |TAMS 0x0000000705400000| PB 0x0000000705200000| Untracked 
|  17|0x0000000705400000, 0x0000000705600000, 0x0000000705600000|100%| O|  |TAMS 0x0000000705600000| PB 0x0000000705400000| Untracked 
|  18|0x0000000705600000, 0x0000000705800000, 0x0000000705800000|100%| O|  |TAMS 0x0000000705800000| PB 0x0000000705600000| Untracked 
|  19|0x0000000705800000, 0x0000000705a00000, 0x0000000705a00000|100%| O|  |TAMS 0x0000000705a00000| PB 0x0000000705800000| Untracked 
|  20|0x0000000705a00000, 0x0000000705c00000, 0x0000000705c00000|100%| O|  |TAMS 0x0000000705c00000| PB 0x0000000705a00000| Untracked 
|  21|0x0000000705c00000, 0x0000000705e00000, 0x0000000705e00000|100%| O|  |TAMS 0x0000000705e00000| PB 0x0000000705c00000| Untracked 
|  22|0x0000000705e00000, 0x0000000706000000, 0x0000000706000000|100%| O|  |TAMS 0x0000000706000000| PB 0x0000000705e00000| Untracked 
|  23|0x0000000706000000, 0x0000000706200000, 0x0000000706200000|100%| O|  |TAMS 0x0000000706200000| PB 0x0000000706000000| Untracked 
|  24|0x0000000706200000, 0x0000000706400000, 0x0000000706400000|100%| O|  |TAMS 0x0000000706400000| PB 0x0000000706200000| Untracked 
|  25|0x0000000706400000, 0x0000000706600000, 0x0000000706600000|100%| O|  |TAMS 0x0000000706600000| PB 0x0000000706400000| Untracked 
|  26|0x0000000706600000, 0x0000000706800000, 0x0000000706800000|100%| O|  |TAMS 0x0000000706800000| PB 0x0000000706600000| Untracked 
|  27|0x0000000706800000, 0x0000000706a00000, 0x0000000706a00000|100%| O|  |TAMS 0x0000000706a00000| PB 0x0000000706800000| Untracked 
|  28|0x0000000706a00000, 0x0000000706c00000, 0x0000000706c00000|100%| O|  |TAMS 0x0000000706c00000| PB 0x0000000706a00000| Untracked 
|  29|0x0000000706c00000, 0x0000000706e00000, 0x0000000706e00000|100%| O|  |TAMS 0x0000000706e00000| PB 0x0000000706c00000| Untracked 
|  30|0x0000000706e00000, 0x0000000707000000, 0x0000000707000000|100%| O|  |TAMS 0x0000000707000000| PB 0x0000000706e00000| Untracked 
|  31|0x0000000707000000, 0x0000000707200000, 0x0000000707200000|100%| O|  |TAMS 0x00000007070813a0| PB 0x0000000707000000| Untracked 
|  32|0x0000000707200000, 0x00000007072f6960, 0x0000000707400000| 48%| O|  |TAMS 0x0000000707200000| PB 0x0000000707200000| Untracked 
|  33|0x0000000707400000, 0x0000000707400000, 0x0000000707600000|  0%| F|  |TAMS 0x0000000707400000| PB 0x0000000707400000| Untracked 
|  34|0x0000000707600000, 0x0000000707600000, 0x0000000707800000|  0%| F|  |TAMS 0x0000000707600000| PB 0x0000000707600000| Untracked 
|  35|0x0000000707800000, 0x0000000707800000, 0x0000000707a00000|  0%| F|  |TAMS 0x0000000707800000| PB 0x0000000707800000| Untracked 
|  36|0x0000000707a00000, 0x0000000707a00000, 0x0000000707c00000|  0%| F|  |TAMS 0x0000000707a00000| PB 0x0000000707a00000| Untracked 
|  37|0x0000000707c00000, 0x0000000707c00000, 0x0000000707e00000|  0%| F|  |TAMS 0x0000000707c00000| PB 0x0000000707c00000| Untracked 
|  38|0x0000000707e00000, 0x0000000707e00000, 0x0000000708000000|  0%| F|  |TAMS 0x0000000707e00000| PB 0x0000000707e00000| Untracked 
|  39|0x0000000708000000, 0x0000000708000000, 0x0000000708200000|  0%| F|  |TAMS 0x0000000708000000| PB 0x0000000708000000| Untracked 
|  40|0x0000000708200000, 0x0000000708200000, 0x0000000708400000|  0%| F|  |TAMS 0x0000000708200000| PB 0x0000000708200000| Untracked 
|  41|0x0000000708400000, 0x0000000708400000, 0x0000000708600000|  0%| F|  |TAMS 0x0000000708400000| PB 0x0000000708400000| Untracked 
|  42|0x0000000708600000, 0x0000000708600000, 0x0000000708800000|  0%| F|  |TAMS 0x0000000708600000| PB 0x0000000708600000| Untracked 
|  43|0x0000000708800000, 0x0000000708800000, 0x0000000708a00000|  0%| F|  |TAMS 0x0000000708800000| PB 0x0000000708800000| Untracked 
|  44|0x0000000708a00000, 0x0000000708a00000, 0x0000000708c00000|  0%| F|  |TAMS 0x0000000708a00000| PB 0x0000000708a00000| Untracked 
|  45|0x0000000708c00000, 0x0000000708c00000, 0x0000000708e00000|  0%| F|  |TAMS 0x0000000708c00000| PB 0x0000000708c00000| Untracked 
|  46|0x0000000708e00000, 0x0000000708e00000, 0x0000000709000000|  0%| F|  |TAMS 0x0000000708e00000| PB 0x0000000708e00000| Untracked 
|  47|0x0000000709000000, 0x0000000709000000, 0x0000000709200000|  0%| F|  |TAMS 0x0000000709000000| PB 0x0000000709000000| Untracked 
|  48|0x0000000709200000, 0x0000000709200000, 0x0000000709400000|  0%| F|  |TAMS 0x0000000709200000| PB 0x0000000709200000| Untracked 
|  49|0x0000000709400000, 0x0000000709400000, 0x0000000709600000|  0%| F|  |TAMS 0x0000000709400000| PB 0x0000000709400000| Untracked 
|  50|0x0000000709600000, 0x0000000709600000, 0x0000000709800000|  0%| F|  |TAMS 0x0000000709600000| PB 0x0000000709600000| Untracked 
|  51|0x0000000709800000, 0x0000000709800000, 0x0000000709a00000|  0%| F|  |TAMS 0x0000000709800000| PB 0x0000000709800000| Untracked 
|  52|0x0000000709a00000, 0x0000000709a00000, 0x0000000709c00000|  0%| F|  |TAMS 0x0000000709a00000| PB 0x0000000709a00000| Untracked 
|  53|0x0000000709c00000, 0x0000000709c00000, 0x0000000709e00000|  0%| F|  |TAMS 0x0000000709c00000| PB 0x0000000709c00000| Untracked 
|  54|0x0000000709e00000, 0x0000000709e00000, 0x000000070a000000|  0%| F|  |TAMS 0x0000000709e00000| PB 0x0000000709e00000| Untracked 
|  55|0x000000070a000000, 0x000000070a000000, 0x000000070a200000|  0%| F|  |TAMS 0x000000070a000000| PB 0x000000070a000000| Untracked 
|  56|0x000000070a200000, 0x000000070a200000, 0x000000070a400000|  0%| F|  |TAMS 0x000000070a200000| PB 0x000000070a200000| Untracked 
|  57|0x000000070a400000, 0x000000070a400000, 0x000000070a600000|  0%| F|  |TAMS 0x000000070a400000| PB 0x000000070a400000| Untracked 
|  58|0x000000070a600000, 0x000000070a600000, 0x000000070a800000|  0%| F|  |TAMS 0x000000070a600000| PB 0x000000070a600000| Untracked 
|  59|0x000000070a800000, 0x000000070a800000, 0x000000070aa00000|  0%| F|  |TAMS 0x000000070a800000| PB 0x000000070a800000| Untracked 
|  60|0x000000070aa00000, 0x000000070aa00000, 0x000000070ac00000|  0%| F|  |TAMS 0x000000070aa00000| PB 0x000000070aa00000| Untracked 
|  61|0x000000070ac00000, 0x000000070ac00000, 0x000000070ae00000|  0%| F|  |TAMS 0x000000070ac00000| PB 0x000000070ac00000| Untracked 
|  62|0x000000070ae00000, 0x000000070ae00000, 0x000000070b000000|  0%| F|  |TAMS 0x000000070ae00000| PB 0x000000070ae00000| Untracked 
|  63|0x000000070b000000, 0x000000070b000000, 0x000000070b200000|  0%| F|  |TAMS 0x000000070b000000| PB 0x000000070b000000| Untracked 
|  64|0x000000070b200000, 0x000000070b200000, 0x000000070b400000|  0%| F|  |TAMS 0x000000070b200000| PB 0x000000070b200000| Untracked 
|  65|0x000000070b400000, 0x000000070b400000, 0x000000070b600000|  0%| F|  |TAMS 0x000000070b400000| PB 0x000000070b400000| Untracked 
|  66|0x000000070b600000, 0x000000070b600000, 0x000000070b800000|  0%| F|  |TAMS 0x000000070b600000| PB 0x000000070b600000| Untracked 
|  67|0x000000070b800000, 0x000000070b800000, 0x000000070ba00000|  0%| F|  |TAMS 0x000000070b800000| PB 0x000000070b800000| Untracked 
|  68|0x000000070ba00000, 0x000000070ba57880, 0x000000070bc00000| 17%| S|CS|TAMS 0x000000070ba00000| PB 0x000000070ba00000| Complete 
|  69|0x000000070bc00000, 0x000000070bc00000, 0x000000070be00000|  0%| F|  |TAMS 0x000000070bc00000| PB 0x000000070bc00000| Untracked 
|  70|0x000000070be00000, 0x000000070be00000, 0x000000070c000000|  0%| F|  |TAMS 0x000000070be00000| PB 0x000000070be00000| Untracked 
| 126|0x0000000712e00000, 0x0000000712e00000, 0x0000000713000000|  0%| F|  |TAMS 0x0000000712e00000| PB 0x0000000712e00000| Untracked 

Card table byte_map: [0x000002ad61460000,0x000002ad61c50000] _byte_map_base: 0x000002ad5dc47000

Marking Bits: (CMBitMap*) 0x000002ad55228200
 Bits: [0x000002ad61c50000, 0x000002ad65b88000)

Polling page: 0x000002ad52e70000

Metaspace:

Usage:
  Non-class:     67.39 MB used.
      Class:     11.12 MB used.
       Both:     78.51 MB used.

Virtual space:
  Non-class space:      128.00 MB reserved,      67.88 MB ( 53%) committed,  2 nodes.
      Class space:        1.00 GB reserved,      11.44 MB (  1%) committed,  1 nodes.
             Both:        1.12 GB reserved,      79.31 MB (  7%) committed. 

Chunk freelists:
   Non-Class:  12.04 MB
       Class:  4.56 MB
        Both:  16.61 MB

MaxMetaspaceSize: unlimited
CompressedClassSpaceSize: 1.00 GB
Initial GC threshold: 21.00 MB
Current GC threshold: 127.81 MB
CDS: on
 - commit_granule_bytes: 65536.
 - commit_granule_words: 8192.
 - virtual_space_node_default_size: 8388608.
 - enlarge_chunks_in_place: 1.
 - use_allocation_guard: 0.


Internal statistics:

num_allocs_failed_limit: 11.
num_arena_births: 1252.
num_arena_deaths: 0.
num_vsnodes_births: 3.
num_vsnodes_deaths: 0.
num_space_committed: 1269.
num_space_uncommitted: 0.
num_chunks_returned_to_freelist: 11.
num_chunks_taken_from_freelist: 4216.
num_chunk_merges: 11.
num_chunk_splits: 2980.
num_chunks_enlarged: 2210.
num_inconsistent_stats: 0.

CodeCache: size=49152Kb used=22503Kb max_used=24183Kb free=26648Kb
 bounds [0x000002ad5d600000, 0x000002ad5eda0000, 0x000002ad60600000]
 total_blobs=10819 nmethods=10052 adapters=681
 compilation: enabled
              stopped_count=0, restarted_count=0
 full_count=0

Compilation events (20 events):
Event: 8.598 Thread 0x000002ad6d41a8e0 nmethod 11726 0x000002ad5ed9c310 code [0x000002ad5ed9c4c0, 0x000002ad5ed9c5a0]
Event: 8.598 Thread 0x000002ad6d05a320 nmethod 11725 0x000002ad5ed9c690 code [0x000002ad5ed9c880, 0x000002ad5ed9cbe0]
Event: 8.624 Thread 0x000002ad6d41a8e0 11728       1       org.springframework.data.mapping.model.ClassGeneratingPropertyAccessorFactory::lambda$hasUniquePropertyHashCodes$1 (25 bytes)
Event: 8.624 Thread 0x000002ad6d3fd410 11727       1       org.springframework.data.mapping.model.ClassGeneratingPropertyAccessorFactory$$Lambda/0x000002ad019dc2c0::doWithPersistentProperty (13 bytes)
Event: 8.624 Thread 0x000002ad6d3fd410 nmethod 11727 0x000002ad5ed9ce90 code [0x000002ad5ed9d060, 0x000002ad5ed9d228]
Event: 8.624 Thread 0x000002ad6d41a8e0 nmethod 11728 0x000002ad5ed9d390 code [0x000002ad5ed9d560, 0x000002ad5ed9d778]
Event: 8.633 Thread 0x000002ad6d3fd410 11729   !   1       java.util.ArrayList$ListItr::add (54 bytes)
Event: 8.633 Thread 0x000002ad6d3fd410 nmethod 11729 0x000002ad5ed9d910 code [0x000002ad5ed9dae0, 0x000002ad5ed9dda0]
Event: 9.665 Thread 0x000002ad6d41a8e0 11730       1       java.io.ObjectInputStream::readShort (8 bytes)
Event: 9.665 Thread 0x000002ad6d41a8e0 nmethod 11730 0x000002ad5e188010 code [0x000002ad5e1881c0, 0x000002ad5e1882b8]
Event: 9.669 Thread 0x000002ad6eb2dbb0 11731       1       sun.rmi.transport.StreamRemoteCall::getInputStream (60 bytes)
Event: 9.670 Thread 0x000002ad6eb2dbb0 nmethod 11731 0x000002ad5e187410 code [0x000002ad5e187680, 0x000002ad5e187d60]
Event: 9.670 Thread 0x000002ad6eb33b20 11732       1       java.lang.ThreadLocal::setInitialValue (64 bytes)
Event: 9.670 Thread 0x000002ad6eaf79e0 11733       1       java.io.ObjectInputStream::checkResolve (86 bytes)
Event: 9.670 Thread 0x000002ad6eb33b20 nmethod 11732 0x000002ad5e186d10 code [0x000002ad5e186f20, 0x000002ad5e187230]
Event: 9.670 Thread 0x000002ad6eaf79e0 nmethod 11733 0x000002ad5e186810 code [0x000002ad5e1869c0, 0x000002ad5e186ba0]
Event: 9.687 Thread 0x000002ad6eb2dbb0 11734       1       org.antlr.v4.runtime.misc.FlexibleHashMap::<init> (60 bytes)
Event: 9.687 Thread 0x000002ad6d133a50 11735       1       org.antlr.v4.runtime.atn.PredictionMode::allConfigsInRuleStopStates (41 bytes)
Event: 9.687 Thread 0x000002ad6eb2dbb0 nmethod 11734 0x000002ad5e186290 code [0x000002ad5e186480, 0x000002ad5e186748]
Event: 9.687 Thread 0x000002ad6d133a50 nmethod 11735 0x000002ad5e185c10 code [0x000002ad5e185de0, 0x000002ad5e1860a8]

GC Heap History (20 events):
Event: 3.999 GC heap after
{Heap after GC invocations=20 (full 0):
 garbage-first heap   total 102400K, used 37803K [0x0000000703200000, 0x0000000800000000)
  region size 2048K, 3 young (6144K), 3 survivors (6144K)
 Metaspace       used 63920K, committed 64640K, reserved 1114112K
  class space    used 8959K, committed 9280K, reserved 1048576K
}
Event: 6.875 GC heap before
{Heap before GC invocations=20 (full 0):
 garbage-first heap   total 102400K, used 89003K [0x0000000703200000, 0x0000000800000000)
  region size 2048K, 28 young (57344K), 3 survivors (6144K)
 Metaspace       used 68136K, committed 68928K, reserved 1114112K
  class space    used 9568K, committed 9920K, reserved 1048576K
}
Event: 6.885 GC heap after
{Heap after GC invocations=21 (full 0):
 garbage-first heap   total 102400K, used 43392K [0x0000000703200000, 0x0000000800000000)
  region size 2048K, 4 young (8192K), 4 survivors (8192K)
 Metaspace       used 68136K, committed 68928K, reserved 1114112K
  class space    used 9568K, committed 9920K, reserved 1048576K
}
Event: 7.248 GC heap before
{Heap before GC invocations=22 (full 0):
 garbage-first heap   total 102400K, used 84352K [0x0000000703200000, 0x0000000800000000)
  region size 2048K, 25 young (51200K), 4 survivors (8192K)
 Metaspace       used 73962K, committed 74688K, reserved 1114112K
  class space    used 10588K, committed 10880K, reserved 1048576K
}
Event: 7.258 GC heap after
{Heap after GC invocations=23 (full 0):
 garbage-first heap   total 122880K, used 48704K [0x0000000703200000, 0x0000000800000000)
  region size 2048K, 2 young (4096K), 2 survivors (4096K)
 Metaspace       used 73962K, committed 74688K, reserved 1114112K
  class space    used 10588K, committed 10880K, reserved 1048576K
}
Event: 7.532 GC heap before
{Heap before GC invocations=23 (full 0):
 garbage-first heap   total 122880K, used 106048K [0x0000000703200000, 0x0000000800000000)
  region size 2048K, 31 young (63488K), 2 survivors (4096K)
 Metaspace       used 76943K, committed 77696K, reserved 1179648K
  class space    used 10999K, committed 11328K, reserved 1048576K
}
Event: 7.535 GC heap after
{Heap after GC invocations=24 (full 0):
 garbage-first heap   total 122880K, used 52148K [0x0000000703200000, 0x0000000800000000)
  region size 2048K, 4 young (8192K), 4 survivors (8192K)
 Metaspace       used 76943K, committed 77696K, reserved 1179648K
  class space    used 10999K, committed 11328K, reserved 1048576K
}
Event: 7.803 GC heap before
{Heap before GC invocations=24 (full 0):
 garbage-first heap   total 122880K, used 107444K [0x0000000703200000, 0x0000000800000000)
  region size 2048K, 31 young (63488K), 4 survivors (8192K)
 Metaspace       used 77708K, committed 78464K, reserved 1179648K
  class space    used 11065K, committed 11392K, reserved 1048576K
}
Event: 7.807 GC heap after
{Heap after GC invocations=25 (full 0):
 garbage-first heap   total 122880K, used 56356K [0x0000000703200000, 0x0000000800000000)
  region size 2048K, 4 young (8192K), 4 survivors (8192K)
 Metaspace       used 77708K, committed 78464K, reserved 1179648K
  class space    used 11065K, committed 11392K, reserved 1048576K
}
Event: 8.214 GC heap before
{Heap before GC invocations=26 (full 0):
 garbage-first heap   total 122880K, used 107556K [0x0000000703200000, 0x0000000800000000)
  region size 2048K, 29 young (59392K), 4 survivors (8192K)
 Metaspace       used 78797K, committed 79552K, reserved 1179648K
  class space    used 11198K, committed 11520K, reserved 1048576K
}
Event: 8.220 GC heap after
{Heap after GC invocations=27 (full 0):
 garbage-first heap   total 122880K, used 60404K [0x0000000703200000, 0x0000000800000000)
  region size 2048K, 3 young (6144K), 3 survivors (6144K)
 Metaspace       used 78797K, committed 79552K, reserved 1179648K
  class space    used 11198K, committed 11520K, reserved 1048576K
}
Event: 8.640 GC heap before
{Heap before GC invocations=27 (full 0):
 garbage-first heap   total 122880K, used 107508K [0x0000000703200000, 0x0000000800000000)
  region size 2048K, 26 young (53248K), 3 survivors (6144K)
 Metaspace       used 80392K, committed 81216K, reserved 1179648K
  class space    used 11391K, committed 11712K, reserved 1048576K
}
Event: 9.663 GC heap after
{Heap after GC invocations=28 (full 0):
 garbage-first heap   total 147456K, used 63861K [0x0000000703200000, 0x0000000800000000)
  region size 2048K, 3 young (6144K), 3 survivors (6144K)
 Metaspace       used 80392K, committed 81216K, reserved 1179648K
  class space    used 11391K, committed 11712K, reserved 1048576K
}
Event: 9.666 GC heap before
{Heap before GC invocations=28 (full 0):
 garbage-first heap   total 147456K, used 65909K [0x0000000703200000, 0x0000000800000000)
  region size 2048K, 4 young (8192K), 3 survivors (6144K)
 Metaspace       used 80393K, committed 81216K, reserved 1179648K
  class space    used 11391K, committed 11712K, reserved 1048576K
}
Event: 9.669 GC heap after
{Heap after GC invocations=29 (full 0):
 garbage-first heap   total 147456K, used 64783K [0x0000000703200000, 0x0000000800000000)
  region size 2048K, 1 young (2048K), 1 survivors (2048K)
 Metaspace       used 80393K, committed 81216K, reserved 1179648K
  class space    used 11391K, committed 11712K, reserved 1048576K
}
Event: 9.677 GC heap before
{Heap before GC invocations=29 (full 0):
 garbage-first heap   total 147456K, used 68879K [0x0000000703200000, 0x0000000800000000)
  region size 2048K, 3 young (6144K), 1 survivors (2048K)
 Metaspace       used 80396K, committed 81216K, reserved 1179648K
  class space    used 11391K, committed 11712K, reserved 1048576K
}
Event: 9.679 GC heap after
{Heap after GC invocations=30 (full 0):
 garbage-first heap   total 147456K, used 65167K [0x0000000703200000, 0x0000000800000000)
  region size 2048K, 1 young (2048K), 1 survivors (2048K)
 Metaspace       used 80396K, committed 81216K, reserved 1179648K
  class space    used 11391K, committed 11712K, reserved 1048576K
}
Event: 9.689 GC heap before
{Heap before GC invocations=30 (full 0):
 garbage-first heap   total 147456K, used 69263K [0x0000000703200000, 0x0000000800000000)
  region size 2048K, 3 young (6144K), 1 survivors (2048K)
 Metaspace       used 80396K, committed 81216K, reserved 1179648K
  class space    used 11391K, committed 11712K, reserved 1048576K
}
Event: 9.692 GC heap after
{Heap after GC invocations=31 (full 0):
 garbage-first heap   total 147456K, used 66415K [0x0000000703200000, 0x0000000800000000)
  region size 2048K, 1 young (2048K), 1 survivors (2048K)
 Metaspace       used 80396K, committed 81216K, reserved 1179648K
  class space    used 11391K, committed 11712K, reserved 1048576K
}
Event: 9.702 GC heap before
{Heap before GC invocations=31 (full 0):
 garbage-first heap   total 147456K, used 70511K [0x0000000703200000, 0x0000000800000000)
  region size 2048K, 3 young (6144K), 1 survivors (2048K)
 Metaspace       used 80396K, committed 81216K, reserved 1179648K
  class space    used 11391K, committed 11712K, reserved 1048576K
}

Dll operation events (12 events):
Event: 0.005 Loaded shared library C:\Program Files\Java\jdk-21\bin\java.dll
Event: 0.069 Loaded shared library C:\Program Files\Java\jdk-21\bin\zip.dll
Event: 0.071 Loaded shared library C:\Program Files\Java\jdk-21\bin\instrument.dll
Event: 0.074 Loaded shared library C:\Program Files\Java\jdk-21\bin\net.dll
Event: 0.075 Loaded shared library C:\Program Files\Java\jdk-21\bin\nio.dll
Event: 0.077 Loaded shared library C:\Program Files\Java\jdk-21\bin\zip.dll
Event: 0.105 Loaded shared library C:\Program Files\Java\jdk-21\bin\jimage.dll
Event: 0.131 Loaded shared library C:\Program Files\Java\jdk-21\bin\extnet.dll
Event: 0.137 Loaded shared library C:\Program Files\Java\jdk-21\bin\management.dll
Event: 0.142 Loaded shared library C:\Program Files\Java\jdk-21\bin\management_ext.dll
Event: 0.991 Loaded shared library C:\Program Files\Java\jdk-21\bin\sunmscapi.dll
Event: 2.573 Loaded shared library C:\Program Files\Java\jdk-21\bin\verify.dll

Deoptimization events (20 events):
Event: 1.124 Thread 0x000002ad52ef6dd0 DEOPT PACKING pc=0x000002ad5e2a15ec sp=0x000000f6e7efe480
Event: 1.124 Thread 0x000002ad52ef6dd0 DEOPT UNPACKING pc=0x000002ad5d654e42 sp=0x000000f6e7efd920 mode 0
Event: 1.300 Thread 0x000002ad52ef6dd0 DEOPT PACKING pc=0x000002ad5dcbcbfc sp=0x000000f6e7efe280
Event: 1.300 Thread 0x000002ad52ef6dd0 DEOPT UNPACKING pc=0x000002ad5d654e42 sp=0x000000f6e7efd748 mode 0
Event: 1.757 Thread 0x000002ad52ef6dd0 DEOPT PACKING pc=0x000002ad5e478de1 sp=0x000000f6e7efcb50
Event: 1.757 Thread 0x000002ad52ef6dd0 DEOPT UNPACKING pc=0x000002ad5d654e42 sp=0x000000f6e7efc030 mode 3
Event: 1.980 Thread 0x000002ad52ef6dd0 DEOPT PACKING pc=0x000002ad5e503461 sp=0x000000f6e7efdb10
Event: 1.980 Thread 0x000002ad52ef6dd0 DEOPT UNPACKING pc=0x000002ad5d654e42 sp=0x000000f6e7efd0a8 mode 0
Event: 6.998 Thread 0x000002ad52ef6dd0 DEOPT PACKING pc=0x000002ad5e40db64 sp=0x000000f6e7efb2a0
Event: 6.998 Thread 0x000002ad52ef6dd0 DEOPT UNPACKING pc=0x000002ad5d654e42 sp=0x000000f6e7efa7f8 mode 0
Event: 7.399 Thread 0x000002ad52ef6dd0 DEOPT PACKING pc=0x000002ad5ddaf249 sp=0x000000f6e7efb4a0
Event: 7.399 Thread 0x000002ad52ef6dd0 DEOPT UNPACKING pc=0x000002ad5d654e42 sp=0x000000f6e7efa9a8 mode 3
Event: 7.441 Thread 0x000002ad52ef6dd0 DEOPT PACKING pc=0x000002ad5e59f2a5 sp=0x000000f6e7efc3f0
Event: 7.441 Thread 0x000002ad52ef6dd0 DEOPT UNPACKING pc=0x000002ad5d654e42 sp=0x000000f6e7efb958 mode 3
Event: 8.324 Thread 0x000002ad52ef6dd0 DEOPT PACKING pc=0x000002ad5e3df5e4 sp=0x000000f6e7efbfa0
Event: 8.324 Thread 0x000002ad52ef6dd0 DEOPT UNPACKING pc=0x000002ad5d654e42 sp=0x000000f6e7efb568 mode 0
Event: 8.327 Thread 0x000002ad52ef6dd0 DEOPT PACKING pc=0x000002ad5e3df5e4 sp=0x000000f6e7efced0
Event: 8.328 Thread 0x000002ad52ef6dd0 DEOPT UNPACKING pc=0x000002ad5d654e42 sp=0x000000f6e7efc498 mode 0
Event: 8.334 Thread 0x000002ad52ef6dd0 DEOPT PACKING pc=0x000002ad5e3df5e4 sp=0x000000f6e7efde00
Event: 8.334 Thread 0x000002ad52ef6dd0 DEOPT UNPACKING pc=0x000002ad5d654e42 sp=0x000000f6e7efd3c8 mode 0

Classes loaded (20 events):
Event: 8.264 Loading class javax/management/modelmbean/ModelMBean
Event: 8.264 Loading class javax/management/PersistentMBean
Event: 8.264 Loading class javax/management/PersistentMBean done
Event: 8.264 Loading class javax/management/modelmbean/ModelMBean done
Event: 8.266 Loading class javax/management/modelmbean/ModelMBeanInfo
Event: 8.266 Loading class javax/management/modelmbean/ModelMBeanInfo done
Event: 8.269 Loading class javax/management/Attribute
Event: 8.269 Loading class javax/management/Attribute done
Event: 8.297 Loading class java/util/zip/GZIPOutputStream
Event: 8.297 Loading class java/util/zip/DeflaterOutputStream
Event: 8.297 Loading class java/util/zip/DeflaterOutputStream done
Event: 8.297 Loading class java/util/zip/GZIPOutputStream done
Event: 8.297 Loading class java/util/zip/GZIPInputStream
Event: 8.297 Loading class java/util/zip/GZIPInputStream done
Event: 8.324 Loading class sun/reflect/annotation/AnnotationInvocationHandler$1
Event: 8.325 Loading class sun/reflect/annotation/AnnotationInvocationHandler$1 done
Event: 8.326 Loading class jdk/internal/reflect/MethodHandleBooleanFieldAccessorImpl
Event: 8.326 Loading class jdk/internal/reflect/MethodHandleBooleanFieldAccessorImpl done
Event: 8.606 Loading class java/time/Duration$1
Event: 8.606 Loading class java/time/Duration$1 done

Classes unloaded (0 events):
No events

Classes redefined (0 events):
No events

Internal exceptions (20 events):
Event: 4.126 Thread 0x000002ad52ef6dd0 Exception <a 'java/lang/NoSuchMethodError'{0x0000000707c24128}: 'java.lang.Object java.lang.invoke.DirectMethodHandle$Holder.newInvokeSpecial(java.lang.Object, java.lang.Object, java.lang.Object, java.lang.Object, java.lang.Object, java.lang.Object, java.lang.Object, java.lang.Object, java.lang.Object, java.lang.Object, java.lang.Object, java.lang.Object)'> (0x0000000707c24128) 
thrown [s\open\src\hotspot\share\interpreter\linkResolver.cpp, line 773]
Event: 4.126 Thread 0x000002ad52ef6dd0 Exception <a 'java/lang/NoSuchMethodError'{0x0000000707c291d0}: 'java.lang.Object java.lang.invoke.DirectMethodHandle$Holder.invokeSpecial(java.lang.Object, java.lang.Object, java.lang.Object, java.lang.Object, java.lang.Object, java.lang.Object, java.lang.Object, java.lang.Object, java.lang.Object, java.lang.Object, java.lang.Object, java.lang.Object, java.lang.Object)'> (0x0000000707c291d0) 
thrown [s\open\src\hotspot\share\interpreter\linkResolver.cpp, line 773]
Event: 4.126 Thread 0x000002ad52ef6dd0 Exception <a 'java/lang/NoSuchMethodError'{0x0000000707c2deb8}: 'java.lang.Object java.lang.invoke.Invokers$Holder.linkToTargetMethod(java.lang.Object, java.lang.Object, java.lang.Object, java.lang.Object, java.lang.Object, java.lang.Object, java.lang.Object, java.lang.Object, java.lang.Object, java.lang.Object, java.lang.Object, java.lang.Object)'> (0x0000000707c2deb8) 
thrown [s\open\src\hotspot\share\interpreter\linkResolver.cpp, line 773]
Event: 4.165 Thread 0x000002ad52ef6dd0 Exception <a 'java/lang/NoSuchMethodError'{0x0000000707babc18}: 'java.lang.Object java.lang.invoke.DirectMethodHandle$Holder.newInvokeSpecial(java.lang.Object, java.lang.Object, java.lang.Object, java.lang.Object, java.lang.Object, java.lang.Object, java.lang.Object, int)'> (0x0000000707babc18) 
thrown [s\open\src\hotspot\share\interpreter\linkResolver.cpp, line 773]
Event: 4.165 Thread 0x000002ad52ef6dd0 Exception <a 'java/lang/NoSuchMethodError'{0x0000000707bb0988}: 'java.lang.Object java.lang.invoke.DirectMethodHandle$Holder.invokeSpecial(java.lang.Object, java.lang.Object, java.lang.Object, java.lang.Object, java.lang.Object, java.lang.Object, java.lang.Object, java.lang.Object, int)'> (0x0000000707bb0988) 
thrown [s\open\src\hotspot\share\interpreter\linkResolver.cpp, line 773]
Event: 4.165 Thread 0x000002ad52ef6dd0 Exception <a 'java/lang/NoSuchMethodError'{0x0000000707bb51b0}: 'java.lang.Object java.lang.invoke.Invokers$Holder.linkToTargetMethod(java.lang.Object, java.lang.Object, java.lang.Object, java.lang.Object, java.lang.Object, java.lang.Object, int, java.lang.Object)'> (0x0000000707bb51b0) 
thrown [s\open\src\hotspot\share\interpreter\linkResolver.cpp, line 773]
Event: 4.175 Thread 0x000002ad52ef6dd0 Exception <a 'java/lang/NoSuchMethodError'{0x0000000707893778}: 'java.lang.Object java.lang.invoke.DirectMethodHandle$Holder.newInvokeSpecial(java.lang.Object, java.lang.Object, int, java.lang.Object, int, java.lang.Object, java.lang.Object)'> (0x0000000707893778) 
thrown [s\open\src\hotspot\share\interpreter\linkResolver.cpp, line 773]
Event: 6.917 Thread 0x000002ad52ef6dd0 Exception <a 'java/lang/IncompatibleClassChangeError'{0x00000007093c7190}: Found class java.lang.Object, but interface was expected> (0x00000007093c7190) 
thrown [s\open\src\hotspot\share\interpreter\linkResolver.cpp, line 840]
Event: 6.929 Thread 0x000002ad52ef6dd0 Exception <a 'java/lang/IncompatibleClassChangeError'{0x0000000708eb6a98}: Found class java.lang.Object, but interface was expected> (0x0000000708eb6a98) 
thrown [s\open\src\hotspot\share\interpreter\linkResolver.cpp, line 840]
Event: 6.946 Thread 0x000002ad52ef6dd0 Exception <a 'java/lang/IncompatibleClassChangeError'{0x0000000708d10de8}: Found class java.lang.Object, but interface was expected> (0x0000000708d10de8) 
thrown [s\open\src\hotspot\share\interpreter\linkResolver.cpp, line 840]
Event: 7.027 Thread 0x000002ad52ef6dd0 Exception <a 'java/lang/IncompatibleClassChangeError'{0x0000000708520fe0}: Found class java.lang.Object, but interface was expected> (0x0000000708520fe0) 
thrown [s\open\src\hotspot\share\interpreter\linkResolver.cpp, line 840]
Event: 7.370 Thread 0x000002ad52ef6dd0 Exception <a 'java/lang/IncompatibleClassChangeError'{0x00000007084e3760}: Found class java.lang.Object, but interface was expected> (0x00000007084e3760) 
thrown [s\open\src\hotspot\share\interpreter\linkResolver.cpp, line 840]
Event: 7.375 Thread 0x000002ad52ef6dd0 Exception <a 'java/lang/NoSuchMethodError'{0x000000070855fd38}: 'java.lang.Object java.lang.invoke.DirectMethodHandle$Holder.invokeStatic(java.lang.Object, int, java.lang.Object)'> (0x000000070855fd38) 
thrown [s\open\src\hotspot\share\interpreter\linkResolver.cpp, line 773]
Event: 8.177 Thread 0x000002ad52ef6dd0 Exception <a 'java/lang/NoSuchMethodError'{0x0000000707b1e320}: 'java.lang.Object java.lang.invoke.DirectMethodHandle$Holder.newInvokeSpecial(java.lang.Object, java.lang.Object, int, java.lang.Object, java.lang.Object)'> (0x0000000707b1e320) 
thrown [s\open\src\hotspot\share\interpreter\linkResolver.cpp, line 773]
Event: 8.199 Thread 0x000002ad52ef6dd0 Exception <a 'java/lang/NoSuchMethodError'{0x0000000707899430}: 'java.lang.Object java.lang.invoke.DirectMethodHandle$Holder.newInvokeSpecial(java.lang.Object, java.lang.Object, java.lang.Object, java.lang.Object, java.lang.Object, java.lang.Object, java.lang.Object, java.lang.Object)'> (0x0000000707899430) 
thrown [s\open\src\hotspot\share\interpreter\linkResolver.cpp, line 773]
Event: 8.291 Thread 0x000002ad52ef6dd0 Exception <a 'java/lang/NoSuchMethodError'{0x000000070a31a830}: 'void java.lang.invoke.DirectMethodHandle$Holder.invokeStatic(java.lang.Object, java.lang.Object, java.lang.Object, int)'> (0x000000070a31a830) 
thrown [s\open\src\hotspot\share\interpreter\linkResolver.cpp, line 773]
Event: 8.308 Thread 0x000002ad52ef6dd0 Exception <a 'java/lang/IncompatibleClassChangeError'{0x000000070a03c758}: Found class java.lang.Object, but interface was expected> (0x000000070a03c758) 
thrown [s\open\src\hotspot\share\interpreter\linkResolver.cpp, line 840]
Event: 8.326 Thread 0x000002ad52ef6dd0 Exception <a 'java/lang/NoSuchMethodError'{0x000000070a149cb0}: 'void java.lang.invoke.Invokers$Holder.invokeExact_MT(java.lang.Object, java.lang.Object, int, java.lang.Object)'> (0x000000070a149cb0) 
thrown [s\open\src\hotspot\share\interpreter\linkResolver.cpp, line 773]
Event: 8.583 Thread 0x000002ad52ef6dd0 Exception <a 'java/io/FileNotFoundException'{0x000000070844eff0}> (0x000000070844eff0) 
thrown [s\open\src\hotspot\share\prims\jni.cpp, line 520]
Event: 8.584 Thread 0x000002ad52ef6dd0 Exception <a 'java/io/FileNotFoundException'{0x0000000708459020}> (0x0000000708459020) 
thrown [s\open\src\hotspot\share\prims\jni.cpp, line 520]

ZGC Phase Switch (0 events):
No events

VM Operations (20 events):
Event: 7.808 Executing VM operation: G1CollectForAllocation (G1 Evacuation Pause) done
Event: 7.823 Executing VM operation: G1PauseRemark
Event: 7.830 Executing VM operation: G1PauseRemark done
Event: 7.837 Executing VM operation: G1PauseCleanup
Event: 7.837 Executing VM operation: G1PauseCleanup done
Event: 8.172 Executing VM operation: HandshakeAllThreads (Deoptimize)
Event: 8.172 Executing VM operation: HandshakeAllThreads (Deoptimize) done
Event: 8.191 Executing VM operation: HandshakeAllThreads (Deoptimize)
Event: 8.191 Executing VM operation: HandshakeAllThreads (Deoptimize) done
Event: 8.214 Executing VM operation: G1CollectForAllocation (G1 Evacuation Pause)
Event: 8.220 Executing VM operation: G1CollectForAllocation (G1 Evacuation Pause) done
Event: 8.640 Executing VM operation: G1CollectForAllocation (G1 Evacuation Pause)
Event: 9.663 Executing VM operation: G1CollectForAllocation (G1 Evacuation Pause) done
Event: 9.666 Executing VM operation: G1CollectForAllocation (G1 Evacuation Pause)
Event: 9.669 Executing VM operation: G1CollectForAllocation (G1 Evacuation Pause) done
Event: 9.677 Executing VM operation: G1CollectForAllocation (G1 Evacuation Pause)
Event: 9.679 Executing VM operation: G1CollectForAllocation (G1 Evacuation Pause) done
Event: 9.689 Executing VM operation: G1CollectForAllocation (G1 Evacuation Pause)
Event: 9.692 Executing VM operation: G1CollectForAllocation (G1 Evacuation Pause) done
Event: 9.702 Executing VM operation: G1CollectForAllocation (G1 Evacuation Pause)

Events (20 events):
Event: 7.829 Thread 0x000002ad68aeb100 flushing nmethod 0x000002ad5da64410
Event: 7.829 Thread 0x000002ad68aeb100 flushing nmethod 0x000002ad5da64110
Event: 7.829 Thread 0x000002ad68aeb100 flushing nmethod 0x000002ad5da5f390
Event: 7.829 Thread 0x000002ad68aeb100 flushing nmethod 0x000002ad5da50e90
Event: 7.829 Thread 0x000002ad68aeb100 flushing nmethod 0x000002ad5d8fbe10
Event: 7.829 Thread 0x000002ad68aeb100 flushing nmethod 0x000002ad5d85fd10
Event: 7.829 Thread 0x000002ad68aeb100 flushing nmethod 0x000002ad5d8efa10
Event: 7.829 Thread 0x000002ad68aeb100 flushing nmethod 0x000002ad5d7d0b90
Event: 7.829 Thread 0x000002ad68aeb100 flushing nmethod 0x000002ad5d7d0690
Event: 7.829 Thread 0x000002ad68aeb100 flushing nmethod 0x000002ad5d7ae390
Event: 7.829 Thread 0x000002ad68aeb100 flushing nmethod 0x000002ad5d7a2210
Event: 8.146 Thread 0x000002ad707c00b0 Thread added: 0x000002ad707c00b0
Event: 8.150 Thread 0x000002ad707c00b0 Thread exited: 0x000002ad707c00b0
Event: 9.663 Thread 0x000002ad6f4a08c0 Thread exited: 0x000002ad6f4a08c0
Event: 9.664 Thread 0x000002ad707b97b0 Thread added: 0x000002ad707b97b0
Event: 9.665 Thread 0x000002ad6eb3db60 Thread exited: 0x000002ad6eb3db60
Event: 9.665 Thread 0x000002ad6eb3c1e0 Thread exited: 0x000002ad6eb3c1e0
Event: 9.665 Thread 0x000002ad6eb3d0a0 Thread exited: 0x000002ad6eb3d0a0
Event: 9.665 Thread 0x000002ad707bdfe0 Thread added: 0x000002ad707bdfe0
Event: 9.672 Thread 0x000002ad707b97b0 Thread exited: 0x000002ad707b97b0


Dynamic libraries:
0x00007ff773ba0000 - 0x00007ff773bb0000 	C:\Program Files\Java\jdk-21\bin\java.exe
0x00007fffc9e80000 - 0x00007fffca0e0000 	C:\WINDOWS\SYSTEM32\ntdll.dll
0x00007fffc8c60000 - 0x00007fffc8d27000 	C:\WINDOWS\System32\KERNEL32.DLL
0x00007fffc76c0000 - 0x00007fffc7a8b000 	C:\WINDOWS\System32\KERNELBASE.dll
0x00007fffc7250000 - 0x00007fffc739b000 	C:\WINDOWS\System32\ucrtbase.dll
0x00007fffb1020000 - 0x00007fffb103b000 	C:\Program Files\Java\jdk-21\bin\VCRUNTIME140.dll
0x00007fffb1040000 - 0x00007fffb1059000 	C:\Program Files\Java\jdk-21\bin\jli.dll
0x00007fffc8340000 - 0x00007fffc83f3000 	C:\WINDOWS\System32\ADVAPI32.dll
0x00007fffc7fb0000 - 0x00007fffc8059000 	C:\WINDOWS\System32\msvcrt.dll
0x00007fffc7c80000 - 0x00007fffc7d26000 	C:\WINDOWS\System32\sechost.dll
0x00007fffc7db0000 - 0x00007fffc7ec6000 	C:\WINDOWS\System32\RPCRT4.dll
0x00007fffc9c60000 - 0x00007fffc9e2c000 	C:\WINDOWS\System32\USER32.dll
0x00007fffc7510000 - 0x00007fffc7537000 	C:\WINDOWS\System32\win32u.dll
0x00007fffc9c00000 - 0x00007fffc9c2a000 	C:\WINDOWS\System32\GDI32.dll
0x00007fffaed60000 - 0x00007fffaeff7000 	C:\WINDOWS\WinSxS\amd64_microsoft.windows.common-controls_6595b64144ccf1df_6.0.26100.3624_none_3e086962e3345f24\COMCTL32.dll
0x00007fffc7060000 - 0x00007fffc7191000 	C:\WINDOWS\System32\gdi32full.dll
0x00007fffc71a0000 - 0x00007fffc7243000 	C:\WINDOWS\System32\msvcp_win.dll
0x00007fffc0460000 - 0x00007fffc046b000 	C:\WINDOWS\SYSTEM32\VERSION.dll
0x00007fffc8580000 - 0x00007fffc85af000 	C:\WINDOWS\System32\IMM32.DLL
0x00007fffb1010000 - 0x00007fffb101c000 	C:\Program Files\Java\jdk-21\bin\vcruntime140_1.dll
0x00007fffb0f80000 - 0x00007fffb100e000 	C:\Program Files\Java\jdk-21\bin\msvcp140.dll
0x00007fff70dd0000 - 0x00007fff71ae3000 	C:\Program Files\Java\jdk-21\bin\server\jvm.dll
0x00007fffc9460000 - 0x00007fffc94d4000 	C:\WINDOWS\System32\WS2_32.dll
0x00007fffc6a50000 - 0x00007fffc6aae000 	C:\WINDOWS\SYSTEM32\POWRPROF.dll
0x00007fffb8900000 - 0x00007fffb8936000 	C:\WINDOWS\SYSTEM32\WINMM.dll
0x00007fffc6a30000 - 0x00007fffc6a44000 	C:\WINDOWS\SYSTEM32\UMPDC.dll
0x00007fffc5e40000 - 0x00007fffc5e5a000 	C:\WINDOWS\SYSTEM32\kernel.appcore.dll
0x00007fffb0f70000 - 0x00007fffb0f7a000 	C:\Program Files\Java\jdk-21\bin\jimage.dll
0x00007fffc3f40000 - 0x00007fffc4181000 	C:\WINDOWS\SYSTEM32\DBGHELP.DLL
0x00007fffc9870000 - 0x00007fffc9bf3000 	C:\WINDOWS\System32\combase.dll
0x00007fffc7ed0000 - 0x00007fffc7fa6000 	C:\WINDOWS\System32\OLEAUT32.dll
0x00007fffa86c0000 - 0x00007fffa86f9000 	C:\WINDOWS\SYSTEM32\dbgcore.DLL
0x00007fffc7b50000 - 0x00007fffc7be9000 	C:\WINDOWS\System32\bcryptPrimitives.dll
0x00007fffb0f50000 - 0x00007fffb0f5f000 	C:\Program Files\Java\jdk-21\bin\instrument.dll
0x00007fffb0f30000 - 0x00007fffb0f4f000 	C:\Program Files\Java\jdk-21\bin\java.dll
0x00007fffc8d30000 - 0x00007fffc9459000 	C:\WINDOWS\System32\SHELL32.dll
0x00007fffc73a0000 - 0x00007fffc7508000 	C:\WINDOWS\System32\wintypes.dll
0x00007fffc4ce0000 - 0x00007fffc5532000 	C:\WINDOWS\SYSTEM32\windows.storage.dll
0x00007fffc8480000 - 0x00007fffc856d000 	C:\WINDOWS\System32\SHCORE.dll
0x00007fffc9760000 - 0x00007fffc97c4000 	C:\WINDOWS\System32\shlwapi.dll
0x00007fffc6f70000 - 0x00007fffc6f9f000 	C:\WINDOWS\SYSTEM32\profapi.dll
0x00007fffa03b0000 - 0x00007fffa03c8000 	C:\Program Files\Java\jdk-21\bin\zip.dll
0x00007fffa6af0000 - 0x00007fffa6b00000 	C:\Program Files\Java\jdk-21\bin\net.dll
0x00007fffbd880000 - 0x00007fffbd99d000 	C:\WINDOWS\SYSTEM32\WINHTTP.dll
0x00007fffc6390000 - 0x00007fffc63fa000 	C:\WINDOWS\system32\mswsock.dll
0x00007fffa03d0000 - 0x00007fffa03e6000 	C:\Program Files\Java\jdk-21\bin\nio.dll
0x00007fffa6ae0000 - 0x00007fffa6ae7000 	C:\Program Files\Java\jdk-21\bin\extnet.dll
0x00007fffc58d0000 - 0x00007fffc59f5000 	C:\WINDOWS\SYSTEM32\DNSAPI.dll
0x00007fffc5840000 - 0x00007fffc5873000 	C:\WINDOWS\SYSTEM32\IPHLPAPI.DLL
0x00007fffc9850000 - 0x00007fffc985a000 	C:\WINDOWS\System32\NSI.dll
0x00007fffb80b0000 - 0x00007fffb80bb000 	C:\Windows\System32\rasadhlp.dll
0x00007fffbd2c0000 - 0x00007fffbd345000 	C:\WINDOWS\System32\fwpuclnt.dll
0x00007fffa03a0000 - 0x00007fffa03aa000 	C:\Program Files\Java\jdk-21\bin\management.dll
0x00007fff9cfe0000 - 0x00007fff9cfeb000 	C:\Program Files\Java\jdk-21\bin\management_ext.dll
0x00007fffc9860000 - 0x00007fffc9868000 	C:\WINDOWS\System32\PSAPI.DLL
0x00007fffc6640000 - 0x00007fffc665c000 	C:\WINDOWS\SYSTEM32\CRYPTSP.dll
0x00007fffc5da0000 - 0x00007fffc5dda000 	C:\WINDOWS\system32\rsaenh.dll
0x00007fffc6430000 - 0x00007fffc645b000 	C:\WINDOWS\SYSTEM32\USERENV.dll
0x00007fffc6900000 - 0x00007fffc6926000 	C:\WINDOWS\SYSTEM32\bcrypt.dll
0x00007fffc6630000 - 0x00007fffc663c000 	C:\WINDOWS\SYSTEM32\CRYPTBASE.dll
0x00007fff77130000 - 0x00007fff77148000 	C:\WINDOWS\system32\napinsp.dll
0x00007fff77110000 - 0x00007fff77122000 	C:\WINDOWS\System32\winrnr.dll
0x00007fff7a0f0000 - 0x00007fff7a120000 	C:\WINDOWS\system32\nlansp_c.dll
0x00007fff90610000 - 0x00007fff90626000 	C:\WINDOWS\system32\wshbth.dll
0x00007fffa40c0000 - 0x00007fffa410e000 	C:\WINDOWS\SYSTEM32\pdh.dll
0x00007fff97650000 - 0x00007fff97662000 	C:\WINDOWS\System32\perfproc.dll
0x00007fff973c0000 - 0x00007fff973d1000 	C:\WINDOWS\System32\perfos.dll
0x00007fffc3d30000 - 0x00007fffc3d42000 	C:\WINDOWS\SYSTEM32\pfclient.dll
0x00007fff9cfd0000 - 0x00007fff9cfde000 	C:\Program Files\Java\jdk-21\bin\sunmscapi.dll
0x00007fffc7540000 - 0x00007fffc76b7000 	C:\WINDOWS\System32\CRYPT32.dll
0x00007fffc6880000 - 0x00007fffc68b0000 	C:\WINDOWS\SYSTEM32\ncrypt.dll
0x00007fffc6830000 - 0x00007fffc686f000 	C:\WINDOWS\SYSTEM32\NTASN1.dll
0x00007fff9cfc0000 - 0x00007fff9cfd0000 	C:\Program Files\Java\jdk-21\bin\verify.dll

dbghelp: loaded successfully - version: 4.0.5 - missing functions: none
symbol engine: initialized successfully - sym options: 0x614 - pdb path: .;C:\Program Files\Java\jdk-21\bin;C:\WINDOWS\SYSTEM32;C:\WINDOWS\WinSxS\amd64_microsoft.windows.common-controls_6595b64144ccf1df_6.0.26100.3624_none_3e086962e3345f24;C:\Program Files\Java\jdk-21\bin\server

VM Arguments:
jvm_args: -XX:TieredStopAtLevel=1 -Dspring.output.ansi.enabled=always -Dcom.sun.management.jmxremote -Dspring.jmx.enabled=true -Dspring.liveBeansView.mbeanDomain -Dspring.application.admin.enabled=true -Dmanagement.endpoints.jmx.exposure.include=* -javaagent:C:\Program Files\JetBrains\IntelliJ IDEA 2023.2\lib\idea_rt.jar=54685 -Dfile.encoding=UTF-8 -Dsun.stdout.encoding=UTF-8 -Dsun.stderr.encoding=UTF-8 
java_command: org.example.technihongo.TechNihongoApplication
java_class_path (initial): C:\Users\Admin\Back-end\target\classes;C:\Users\Admin\.m2\repository\org\springframework\boot\spring-boot-starter-web\3.2.5\spring-boot-starter-web-3.2.5.jar;C:\Users\Admin\.m2\repository\org\springframework\boot\spring-boot-starter\3.2.5\spring-boot-starter-3.2.5.jar;C:\Users\Admin\.m2\repository\org\springframework\boot\spring-boot\3.2.5\spring-boot-3.2.5.jar;C:\Users\Admin\.m2\repository\org\springframework\boot\spring-boot-autoconfigure\3.2.5\spring-boot-autoconfigure-3.2.5.jar;C:\Users\Admin\.m2\repository\org\springframework\boot\spring-boot-starter-logging\3.2.5\spring-boot-starter-logging-3.2.5.jar;C:\Users\Admin\.m2\repository\org\apache\logging\log4j\log4j-to-slf4j\2.21.1\log4j-to-slf4j-2.21.1.jar;C:\Users\Admin\.m2\repository\org\apache\logging\log4j\log4j-api\2.21.1\log4j-api-2.21.1.jar;C:\Users\Admin\.m2\repository\org\slf4j\jul-to-slf4j\2.0.13\jul-to-slf4j-2.0.13.jar;C:\Users\Admin\.m2\repository\jakarta\annotation\jakarta.annotation-api\2.1.1\jakarta.annotation-api-2.1.1.jar;C:\Users\Admin\.m2\repository\org\yaml\snakeyaml\2.2\snakeyaml-2.2.jar;C:\Users\Admin\.m2\repository\org\springframework\boot\spring-boot-starter-json\3.2.5\spring-boot-starter-json-3.2.5.jar;C:\Users\Admin\.m2\repository\com\fasterxml\jackson\datatype\jackson-datatype-jdk8\2.15.4\jackson-datatype-jdk8-2.15.4.jar;C:\Users\Admin\.m2\repository\com\fasterxml\jackson\datatype\jackson-datatype-jsr310\2.15.4\jackson-datatype-jsr310-2.15.4.jar;C:\Users\Admin\.m2\repository\com\fasterxml\jackson\module\jackson-module-parameter-names\2.15.4\jackson-module-parameter-names-2.15.4.jar;C:\Users\Admin\.m2\repository\org\springframework\boot\spring-boot-starter-tomcat\3.2.5\spring-boot-starter-tomcat-3.2.5.jar;C:\Users\Admin\.m2\repository\org\apache\tomcat\embed\tomcat-embed-core\10.1.20\tomcat-embed-core-10.1.20.jar;C:\Users\Admin\.m2\repository\org\apache\tomcat\embed\tomcat-embed-websocket\10.1.20\tomcat-embed-websocket-10.1.20.jar;C:\Users\Admin\.m2\repository\org\springframework\spring-web\6.1.6\spring-web-6.1.6.jar;C:\Users\Admin\.m2\repository\org\springframework\spring-beans\6.1.6\spring-beans-6.1.6.jar;C:\Users\Admin\.m2\repository\org\springframework\spring-webmvc\6.1.6\spring-webmvc-6.1.6.jar;C:\Users\Admin\.m2\repository\org\springframework\spring-context\6.1.6\spring-context-6.1.6.jar;C:\Users\Admin\.m2\repository\org\springframework\spring-expression\6.1.6\spring-expression-6.1.6.jar;C:\Users\Admin\.m2\repository\org\springframework\boot\spring-boot-starter-data-jpa\3.2.5\spring-boot-starter-data-jpa-3.2.5.jar;C:\Users\Admin\.m2\repository\org\springframework\boot\spring-boot-starter-aop\3.2.5\spring-boot-starter-aop-3.2.5.jar;C:\Users\Admin\.m2\repository\org\aspectj\aspectjweaver\1.9.22\aspectjweaver-1.9.22.jar;C:\Users\Admin\.m2\repository\org\springframework\boot\spring-boot-starter-jdbc\3.2.5\spring-boot-starter-jdbc-3.2.5.jar;C:\Users\Admin\.m2\repository\com\zaxxer\HikariCP\5.0.1\HikariCP-5.0.1.jar;C:\Users\Admin\.m2\repository\org\springframework\spring-jdbc\6.1.6\spring-jdbc-6.1.6.jar;C:\Users\Admin\.m2\repository\org\hibernate\orm\hibernate-core\6.4.4.Final\hibernate-core-6.4.4.Final.jar;C:\Users\Admin\.m2\repository\jakarta\persistence\jakarta.persistence-api\3.1.0\jakarta.persistence-api-3.1.0.jar;C:\Users\Admin\.m2\repository\jakarta\transaction\jakarta.transaction-api\2.0.1\jakarta.transaction-api-2.0.1.jar;C:\Users\Admin\.m2\repository\org\jboss\logging\jboss-logging\3.5.3.Final\jboss-logging-3.5.3.Final.jar;C:\Users\Admin\.m2\repository\org\hibernate\common\hibernate-commons-annotations\6.0.6.Final\hibernate-commons-annotations-6.0.6.Final.jar;C:\Users\Admin\.m2\repository\io\smallrye\jandex\3.1.2\jandex-3.1.2.jar;C:\Users\Admin\.m2\repository\com\fasterxml\classmate\1.6.0\classmate-1.6.0.jar;C:\Users\Admin\.m2\repository\net\bytebuddy\byte-buddy\1.14.13\byte-buddy-1.14.13.jar;C:\Users\Admin\.m2\repository\org\glassfish\jaxb\jaxb-runtime\4.0.5\jaxb-runtime-4.0.5.jar;C:\Users\Admin\.m2\repository\org\glassfish\jaxb\jaxb-core\4.0.5\jaxb-core-4.0.5.jar;C:\Users\Admin\.m2\repository\org\glassfish\jaxb\txw2\4.0.5\txw2-4.0.5.jar;C:\Users\Admin\.m2\repository\com\sun\istack\istack-commons-runtime\4.1.2\istack-commons-runtime-4.1.2.jar;C:\Users\Admin\.m2\repository\jakarta\inject\jakarta.inject-api\2.0.1\jakarta.inject-api-2.0.1.jar;C:\Users\Admin\.m2\repository\org\antlr\antlr4-runtime\4.13.0\antlr4-runtime-4.13.0.jar;C:\Users\Admin\.m2\repository\org\springframework\data\spring-data-jpa\3.2.5\spring-data-jpa-3.2.5.jar;C:\Users\Admin\.m2\repository\org\springframework\data\spring-data-commons\3.2.5\spring-data-commons-3.2.5.jar;C:\Users\Admin\.m2\repository\org\springframework\spring-orm\6.1.6\spring-orm-6.1.6.jar;C:\Users\Admin\.m2\repository\org\springframework\spring-tx\6.1.6\spring-tx-6.1.6.jar;C:\Users\Admin\.m2\repository\org\springframework\spring-aspects\6.1.6\spring-aspects-6.1.6.jar;C:\Users\Admin\.m2\repository\org\springframework\boot\spring-boot-starter-actuator\3.2.5\spring-boot-starter-actuator-3.2.5.jar;C:\Users\Admin\.m2\repository\org\springframework\boot\spring-boot-actuator-autoconfigure\3.2.5\spring-boot-actuator-autoconfigure-3.2.5.jar;C:\Users\Admin\.m2\repository\org\springframework\boot\spring-boot-actuator\3.2.5\spring-boot-actuator-3.2.5.jar;C:\Users\Admin\.m2\repository\io\micrometer\micrometer-observation\1.12.5\micrometer-observation-1.12.5.jar;C:\Users\Admin\.m2\repository\io\micrometer\micrometer-commons\1.12.5\micrometer-commons-1.12.5.jar;C:\Users\Admin\.m2\repository\io\micrometer\micrometer-jakarta9\1.12.5\micrometer-jakarta9-1.12.5.jar;C:\Users\Admin\.m2\repository\io\micrometer\micrometer-core\1.12.5\micrometer-core-1.12.5.jar;C:\Users\Admin\.m2\repository\org\hdrhistogram\HdrHistogram\2.1.12\HdrHistogram-2.1.12.jar;C:\Users\Admin\.m2\repository\org\latencyutils\LatencyUtils\2.0.3\LatencyUtils-2.0.3.jar;C:\Users\Admin\.m2\repository\org\springframework\boot\spring-boot-starter-validation\3.2.5\spring-boot-starter-validation-3.2.5.jar;C:\Users\Admin\.m2\repository\org\apache\tomcat\embed\tomcat-embed-el\10.1.20\tomcat-embed-el-10.1.20.jar;C:\Users\Admin\.m2\repository\org\hibernate\validator\hibernate-validator\8.0.1.Final\hibernate-validator-8.0.1.Final.jar;C:\Users\Admin\.m2\repository\jakarta\validation\jakarta.validation-api\3.0.2\jakarta.validation-api-3.0.2.jar;C:\Users\Admin\.m2\repository\org\springframework\boot\spring-boot-starter-security\3.2.5\spring-boot-starter-security-3.2.5.jar;C:\Users\Admin\.m2\repository\org\springframework\spring-aop\6.1.6\spring-aop-6.1.6.jar;C:\Users\Admin\.m2\repository\org\springframework\security\spring-security-config\6.2.4\spring-security-config-6.2.4.jar;C:\Users\Admin\.m2\repository\org\springframework\security\spring-security-core\6.2.4\spring-security-core-6.2.4.jar;C:\Users\Admin\.m2\repository\org\springframework\security\spring-security-web\6.2.4\spring-security-web-6.2.4.jar;C:\Users\Admin\.m2\repository\org\springframework\boot\spring-boot-starter-mail\3.2.5\spring-boot-starter-mail-3.2.5.jar;C:\Users\Admin\.m2\repository\org\springframework\spring-context-support\6.1.6\spring-context-support-6.1.6.jar;C:\Users\Admin\.m2\repository\org\eclipse\angus\jakarta.mail\2.0.3\jakarta.mail-2.0.3.jar;C:\Users\Admin\.m2\repository\jakarta\activation\jakarta.activation-api\2.1.3\jakarta.activation-api-2.1.3.jar;C:\Users\Admin\.m2\repository\org\eclipse\angus\angus-activation\2.0.2\angus-activation-2.0.2.jar;C:\Users\Admin\.m2\repository\com\microsoft\sqlserver\mssql-jdbc\12.4.2.jre11\mssql-jdbc-12.4.2.jre11.jar;C:\Users\Admin\.m2\repository\org\projectlombok\lombok\1.18.32\lombok-1.18.32.jar;C:\Users\Admin\.m2\repository\io\jsonwebtoken\jjwt-api\0.11.5\jjwt-api-0.11.5.jar;C:\Users\Admin\.m2\repository\io\jsonwebtoken\jjwt-impl\0.11.5\jjwt-impl-0.11.5.jar;C:\Users\Admin\.m2\repository\io\jsonwebtoken\jjwt-jackson\0.11.5\jjwt-jackson-0.11.5.jar;C:\Users\Admin\.m2\repository\com\fasterxml\jackson\core\jackson-databind\2.15.4\jackson-databind-2.15.4.jar;C:\Users\Admin\.m2\repository\com\fasterxml\jackson\core\jackson-annotations\2.15.4\jackson-annotations-2.15.4.jar;C:\Users\Admin\.m2\repository\com\fasterxml\jackson\core\jackson-core\2.15.4\jackson-core-2.15.4.jar;C:\Users\Admin\.m2\repository\ch\qos\logback\logback-classic\1.4.11\logback-classic-1.4.11.jar;C:\Users\Admin\.m2\repository\ch\qos\logback\logback-core\1.4.14\logback-core-1.4.14.jar;C:\Users\Admin\.m2\repository\org\slf4j\slf4j-api\2.0.13\slf4j-api-2.0.13.jar;C:\Users\Admin\.m2\repository\org\springframework\cloud\spring-cloud-starter-openfeign\4.1.1\spring-cloud-starter-openfeign-4.1.1.jar;C:\Users\Admin\.m2\repository\org\springframework\cloud\spring-cloud-starter\4.1.2\spring-cloud-starter-4.1.2.jar;C:\Users\Admin\.m2\repository\org\springframework\cloud\spring-cloud-context\4.1.2\spring-cloud-context-4.1.2.jar;C:\Users\Admin\.m2\repository\org\springframework\security\spring-security-rsa\1.1.2\spring-security-rsa-1.1.2.jar;C:\Users\Admin\.m2\repository\org\bouncycastle\bcprov-jdk18on\1.77\bcprov-jdk18on-1.77.jar;C:\Users\Admin\.m2\repository\org\springframework\cloud\spring-cloud-openfeign-core\4.1.1\spring-cloud-openfeign-core-4.1.1.jar;C:\Users\Admin\.m2\repository\io\github\openfeign\form\feign-form-spring\3.8.0\feign-form-spring-3.8.0.jar;C:\Users\Admin\.m2\repository\io\github\openfeign\form\feign-form\3.8.0\feign-form-3.8.0.jar;C:\Users\Admin\.m2\repository\commons-fileupload\commons-fileupload\1.5\commons-fileupload-1.5.jar;C:\Users\Admin\.m2\repository\commons-io\commons-io\2.11.0\commons-io-2.11.0.jar;C:\Users\Admin\.m2\repository\org\springframework\cloud\spring-cloud-commons\4.1.2\spring-cloud-commons-4.1.2.jar;C:\Users\Admin\.m2\repository\org\springframework\security\spring-security-crypto\6.2.4\spring-security-crypto-6.2.4.jar;C:\Users\Admin\.m2\repository\io\github\openfeign\feign-core\13.2.1\feign-core-13.2.1.jar;C:\Users\Admin\.m2\repository\io\github\openfeign\feign-slf4j\13.2.1\feign-slf4j-13.2.1.jar;C:\Users\Admin\.m2\repository\commons-codec\commons-codec\1.15\commons-codec-1.15.jar;C:\Users\Admin\.m2\repository\org\json\json\20231013\json-20231013.jar;C:\Users\Admin\.m2\repository\net\minidev\json-smart\2.5.0\json-smart-2.5.0.jar;C:\Users\Admin\.m2\repository\net\minidev\accessors-smart\2.5.0\accessors-smart-2.5.0.jar;C:\Users\Admin\.m2\repository\org\ow2\asm\asm\9.3\asm-9.3.jar;C:\Users\Admin\.m2\repository\jakarta\xml\bind\jakarta.xml.bind-api\4.0.2\jakarta.xml.bind-api-4.0.2.jar;C:\Users\Admin\.m2\repository\org\springframework\spring-core\6.1.6\spring-core-6.1.6.jar;C:\Users\Admin\.m2\repository\org\springframework\spring-jcl\6.1.6\spring-jcl-6.1.6.jar
Launcher Type: SUN_STANDARD

[Global flags]
     intx CICompilerCount                          = 12                                        {product} {ergonomic}
     uint ConcGCThreads                            = 3                                         {product} {ergonomic}
     uint G1ConcRefinementThreads                  = 13                                        {product} {ergonomic}
   size_t G1HeapRegionSize                         = 2097152                                   {product} {ergonomic}
    uintx GCDrainStackTargetSize                   = 64                                        {product} {ergonomic}
   size_t InitialHeapSize                          = 266338304                                 {product} {ergonomic}
     bool ManagementServer                         = true                                      {product} {command line}
   size_t MarkStackSize                            = 4194304                                   {product} {ergonomic}
   size_t MaxHeapSize                              = 4242538496                                {product} {ergonomic}
   size_t MaxNewSize                               = 2543845376                                {product} {ergonomic}
   size_t MinHeapDeltaBytes                        = 2097152                                   {product} {ergonomic}
   size_t MinHeapSize                              = 8388608                                   {product} {ergonomic}
    uintx NonNMethodCodeHeapSize                   = 4096                                   {pd product} {ergonomic}
    uintx NonProfiledCodeHeapSize                  = 0                                      {pd product} {ergonomic}
     bool ProfileInterpreter                       = false                                  {pd product} {command line}
    uintx ProfiledCodeHeapSize                     = 0                                      {pd product} {ergonomic}
   size_t SoftMaxHeapSize                          = 4242538496                             {manageable} {ergonomic}
     intx TieredStopAtLevel                        = 1                                         {product} {command line}
     bool UseCompressedOops                        = true                           {product lp64_product} {ergonomic}
     bool UseG1GC                                  = true                                      {product} {ergonomic}
     bool UseLargePagesIndividualAllocation        = false                                  {pd product} {ergonomic}

Logging:
Log output configuration:
 #0: stdout all=warning uptime,level,tags foldmultilines=false
 #1: stderr all=off uptime,level,tags foldmultilines=false

Environment Variables:
PATH=C:\Program Files\Common Files\Oracle\Java\javapath;C:\Windows\system32;C:\Windows;C:\Windows\System32\Wbem;C:\Windows\System32\WindowsPowerShell\v1.0\;C:\Windows\System32\OpenSSH\;C:\Program Files (x86)\NVIDIA Corporation\PhysX\Common;C:\WINDOWS\system32;C:\WINDOWS;C:\WINDOWS\System32\Wbem;C:\WINDOWS\System32\WindowsPowerShell\v1.0\;C:\WINDOWS\System32\OpenSSH\;C:\Program Files (x86)\Microsoft SQL Server\150\Tools\Binn\;C:\Program Files\Microsoft SQL Server\150\Tools\Binn\;C:\Program Files (x86)\Microsoft SQL Server\150\DTS\Binn\;C:\Program Files\Microsoft SQL Server\150\DTS\Binn\;C:\Program Files\Microsoft SQL Server\Client SDK\ODBC\170\Tools\Binn\;C:\Program Files\Azure Data Studio\bin;C:\Program Files\apache-maven-3.9.4-bin\apache-maven-3.9.4\bin;C:\ProgramData\chocolatey\bin;C:\WINDOWS\system32;C:\WINDOWS;C:\WINDOWS\System32\Wbem;C:\WINDOWS\System32\WindowsPowerShell\v1.0\;C:\WINDOWS\System32\OpenSSH\;D:\Free_time_game\Git\Git\cmd;C:\Program Files\dotnet\;C:\Program Files\nodejs\;C:\Program Files\Git\cmd;C:\Program Files\NVIDIA Corporation\NVIDIA app\NvDLISR;C:\Program Files\Docker\Docker\resources\bin;C:\Users\Admin\AppData\Local\Programs\Python\Python311\Scripts\;C:\Users\Admin\AppData\Local\Programs\Python\Python311\;C:\Users\Admin\AppData\Local\Microsoft\WindowsApps;D:\PythonCode\PyCharm Community Edition 2022.2.3\bin;;C:\Program Files\Azure Data Studio\bin;C:\Program Files\JetBrains\IntelliJ IDEA 2023.2\bin;C:\Program Files\nodejs;C:\Users\YourUsername\AppData\Roaming\npm;;D:\Free_time_game\Microsoft VS Code\bin;C:\Users\Admin\AppData\Roaming\npm;C:\Users\Admin\AppData\Local\Programs\Microsoft VS Code\bin;C:\Flutter\Src\flutter\bin;C:\Users\Admin\.dotnet\tools
USERNAME=Admin
OS=Windows_NT
PROCESSOR_IDENTIFIER=Intel64 Family 6 Model 154 Stepping 3, GenuineIntel
TMP=C:\Users\Admin\AppData\Local\Temp
TEMP=C:\Users\Admin\AppData\Local\Temp




---------------  S Y S T E M  ---------------

OS:
 Windows 11 , 64 bit Build 26100 (10.0.26100.3624)
OS uptime: 0 days 1:07 hours
Hyper-V role detected

CPU: total 16 (initial active 16) (8 cores per cpu, 2 threads per core) family 6 model 154 stepping 3 microcode 0x432, cx8, cmov, fxsr, ht, mmx, 3dnowpref, sse, sse2, sse3, ssse3, sse4.1, sse4.2, popcnt, lzcnt, tsc, tscinvbit, avx, avx2, aes, erms, clmul, bmi1, bmi2, adx, sha, fma, vzeroupper, clflush, clflushopt, clwb, hv, serialize, rdtscp, rdpid, fsrm, f16c, cet_ibt, cet_ss
Processor Information for processor 0
  Max Mhz: 2500, Current Mhz: 2500, Mhz Limit: 2500
Processor Information for processor 1
  Max Mhz: 2500, Current Mhz: 2500, Mhz Limit: 2500
Processor Information for processor 2
  Max Mhz: 2500, Current Mhz: 2500, Mhz Limit: 2500
Processor Information for processor 3
  Max Mhz: 2500, Current Mhz: 2500, Mhz Limit: 2500
Processor Information for processor 4
  Max Mhz: 2500, Current Mhz: 2500, Mhz Limit: 2500
Processor Information for processor 5
  Max Mhz: 2500, Current Mhz: 2500, Mhz Limit: 2500
Processor Information for processor 6
  Max Mhz: 2500, Current Mhz: 2500, Mhz Limit: 2500
Processor Information for processor 7
  Max Mhz: 2500, Current Mhz: 2500, Mhz Limit: 2500
Processor Information for processor 8
  Max Mhz: 2500, Current Mhz: 1800, Mhz Limit: 1800
Processor Information for processor 9
  Max Mhz: 2500, Current Mhz: 1800, Mhz Limit: 1800
Processor Information for processor 10
  Max Mhz: 2500, Current Mhz: 1800, Mhz Limit: 1800
Processor Information for processor 11
  Max Mhz: 2500, Current Mhz: 1800, Mhz Limit: 1800
Processor Information for processor 12
  Max Mhz: 2500, Current Mhz: 1800, Mhz Limit: 1800
Processor Information for processor 13
  Max Mhz: 2500, Current Mhz: 1800, Mhz Limit: 1800
Processor Information for processor 14
  Max Mhz: 2500, Current Mhz: 1800, Mhz Limit: 1800
Processor Information for processor 15
  Max Mhz: 2500, Current Mhz: 1800, Mhz Limit: 1800

Memory: 4k page, system-wide physical 16176M (4398M free)
TotalPageFile size 18224M (AvailPageFile size 23M)
current process WorkingSet (physical memory assigned to process): 324M, peak: 324M
current process commit charge ("private bytes"): 395M, peak: 506M

vm_info: Java HotSpot(TM) 64-Bit Server VM (21+35-LTS-2513) for windows-amd64 JRE (21+35-LTS-2513), built on 2023-08-09T20:25:10Z by "mach5one" with MS VC++ 17.1 (VS2022)

END.
