#
# There is insufficient memory for the Java Runtime Environment to continue.
# Native memory allocation (malloc) failed to allocate 1654416 bytes. Error detail: Chunk::new
# Possible reasons:
#   The system is out of physical RAM or swap space
#   This process is running with CompressedOops enabled, and the Java Heap may be blocking the growth of the native heap
# Possible solutions:
#   Reduce memory load on the system
#   Increase physical memory or swap space
#   Check if swap backing store is full
#   Decrease Java heap size (-Xmx/-Xms)
#   Decrease number of Java threads
#   Decrease Java thread stack sizes (-Xss)
#   Set larger code cache with -XX:ReservedCodeCacheSize=
#   JVM is running with Unscaled Compressed Oops mode in which the Java heap is
#     placed in the first 4GB address space. The Java Heap base address is the
#     maximum limit for the native heap growth. Please use -XX:HeapBaseMinAddress
#     to set the Java Heap base and to place the Java Heap above 4GB virtual address.
# This output file may be truncated or incomplete.
#
#  Out of Memory Error (arena.cpp:168), pid=15424, tid=19864
#
# JRE version: OpenJDK Runtime Environment Temurin-21.0.6+7 (21.0.6+7) (build 21.0.6+7-LTS)
# Java VM: OpenJDK 64-Bit Server VM Temurin-21.0.6+7 (21.0.6+7-LTS, mixed mode, sharing, tiered, compressed oops, compressed class ptrs, parallel gc, windows-amd64)
# No core dump will be written. Minidumps are not enabled by default on client versions of Windows
#

---------------  S U M M A R Y ------------

Command Line: --add-modules=ALL-SYSTEM --add-opens=java.base/java.util=ALL-UNNAMED --add-opens=java.base/java.lang=ALL-UNNAMED --add-opens=java.base/sun.nio.fs=ALL-UNNAMED -Declipse.application=org.eclipse.jdt.ls.core.id1 -Dosgi.bundles.defaultStartLevel=4 -Declipse.product=org.eclipse.jdt.ls.core.product -Djava.import.generatesMetadataFilesAtProjectRoot=false -DDetectVMInstallationsJob.disabled=true -Dfile.encoding=utf8 -XX:+UseParallelGC -XX:GCTimeRatio=4 -XX:AdaptiveSizePolicyWeight=90 -Dsun.zip.disableMemoryMapping=true -Xmx1G -Xms100m -Xlog:disable -javaagent:c:\Users\Admin\.vscode\extensions\redhat.java-1.40.0-win32-x64\lombok\lombok-1.18.36.jar -XX:+HeapDumpOnOutOfMemoryError -XX:HeapDumpPath=c:\Users\Admin\AppData\Roaming\Code\User\workspaceStorage\a966c509f19e0aa3f203f1213fa67aae\redhat.java -Daether.dependencyCollector.impl=bf c:\Users\Admin\.vscode\extensions\redhat.java-1.40.0-win32-x64\server\plugins\org.eclipse.equinox.launcher_1.6.1000.v20250131-0606.jar -configuration c:\Users\Admin\AppData\Roaming\Code\User\globalStorage\redhat.java\1.40.0\config_win -data c:\Users\Admin\AppData\Roaming\Code\User\workspaceStorage\a966c509f19e0aa3f203f1213fa67aae\redhat.java\jdt_ws --pipe=\\.\pipe\lsp-8a9d91d049144ebafe7b73a7d71ea0c9-sock

Host: 12th Gen Intel(R) Core(TM) i5-12500H, 16 cores, 15G,  Windows 11 , 64 bit Build 26100 (10.0.26100.3037)
Time: Thu Feb 27 21:42:33 2025 SE Asia Standard Time elapsed time: 5.248721 seconds (0d 0h 0m 5s)

---------------  T H R E A D  ---------------

Current thread (0x00000182764e5b40):  JavaThread "C2 CompilerThread4" daemon [_thread_in_native, id=19864, stack(0x00000019c7900000,0x00000019c7a00000) (1024K)]


Current CompileTask:
C2:5248 3507       4       java.lang.invoke.MethodType::makeImpl (109 bytes)

Stack: [0x00000019c7900000,0x00000019c7a00000]
Native frames: (J=compiled Java code, j=interpreted, Vv=VM code, C=native code)
V  [jvm.dll+0x6cdee9]
V  [jvm.dll+0x8a83d1]
V  [jvm.dll+0x8aa8fe]
V  [jvm.dll+0x8aafe3]
V  [jvm.dll+0x27f706]
V  [jvm.dll+0xc500d]
V  [jvm.dll+0xc5543]
V  [jvm.dll+0x3b678c]
V  [jvm.dll+0x382935]
V  [jvm.dll+0x381d9a]
V  [jvm.dll+0x2479f0]
V  [jvm.dll+0x246fcf]
V  [jvm.dll+0x1c75ee]
V  [jvm.dll+0x25685a]
V  [jvm.dll+0x254dfa]
V  [jvm.dll+0x3f0256]
V  [jvm.dll+0x851f8b]
V  [jvm.dll+0x6cc5ed]
C  [ucrtbase.dll+0x37b0]
C  [KERNEL32.DLL+0x2e8d7]
C  [ntdll.dll+0xbbf2c]


---------------  P R O C E S S  ---------------

Threads class SMR info:
_java_thread_list=0x00000182770a7eb0, length=28, elements={
0x0000018217d22fc0, 0x0000018217dc6660, 0x0000018217dc8190, 0x000001826f1fc3c0,
0x000001826f1fd010, 0x0000018217dcb740, 0x0000018217dcddb0, 0x0000018217dd0f40,
0x0000018217dd2f40, 0x0000018217d8e540, 0x0000018270800a70, 0x000001827083fe10,
0x000001827602d630, 0x00000182760c6470, 0x0000018276720140, 0x00000182764e5b40,
0x00000182767da840, 0x0000018276f9f1b0, 0x0000018276582550, 0x0000018276992c50,
0x0000018276c95530, 0x00000182770128d0, 0x0000018277239540, 0x0000018277238820,
0x0000018277239bd0, 0x0000018277238190, 0x0000018277237b00, 0x0000018277238eb0
}

Java Threads: ( => current thread )
  0x0000018217d22fc0 JavaThread "main"                              [_thread_blocked, id=460, stack(0x00000019c6000000,0x00000019c6100000) (1024K)]
  0x0000018217dc6660 JavaThread "Reference Handler"          daemon [_thread_blocked, id=2116, stack(0x00000019c6400000,0x00000019c6500000) (1024K)]
  0x0000018217dc8190 JavaThread "Finalizer"                  daemon [_thread_blocked, id=18352, stack(0x00000019c6500000,0x00000019c6600000) (1024K)]
  0x000001826f1fc3c0 JavaThread "Signal Dispatcher"          daemon [_thread_blocked, id=22172, stack(0x00000019c6600000,0x00000019c6700000) (1024K)]
  0x000001826f1fd010 JavaThread "Attach Listener"            daemon [_thread_blocked, id=16888, stack(0x00000019c6700000,0x00000019c6800000) (1024K)]
  0x0000018217dcb740 JavaThread "Service Thread"             daemon [_thread_blocked, id=18760, stack(0x00000019c6800000,0x00000019c6900000) (1024K)]
  0x0000018217dcddb0 JavaThread "Monitor Deflation Thread"   daemon [_thread_blocked, id=3420, stack(0x00000019c6900000,0x00000019c6a00000) (1024K)]
  0x0000018217dd0f40 JavaThread "C2 CompilerThread0"         daemon [_thread_blocked, id=2084, stack(0x00000019c6a00000,0x00000019c6b00000) (1024K)]
  0x0000018217dd2f40 JavaThread "C1 CompilerThread0"         daemon [_thread_blocked, id=24724, stack(0x00000019c6b00000,0x00000019c6c00000) (1024K)]
  0x0000018217d8e540 JavaThread "Common-Cleaner"             daemon [_thread_blocked, id=7936, stack(0x00000019c6c00000,0x00000019c6d00000) (1024K)]
  0x0000018270800a70 JavaThread "C1 CompilerThread1"         daemon [_thread_blocked, id=19544, stack(0x00000019c6d00000,0x00000019c6e00000) (1024K)]
  0x000001827083fe10 JavaThread "C2 CompilerThread1"         daemon [_thread_blocked, id=21768, stack(0x00000019c6e00000,0x00000019c6f00000) (1024K)]
  0x000001827602d630 JavaThread "Notification Thread"        daemon [_thread_blocked, id=3472, stack(0x00000019c7100000,0x00000019c7200000) (1024K)]
  0x00000182760c6470 JavaThread "C2 CompilerThread2"         daemon [_thread_blocked, id=15044, stack(0x00000019c7200000,0x00000019c7300000) (1024K)]
  0x0000018276720140 JavaThread "C2 CompilerThread3"         daemon [_thread_blocked, id=17672, stack(0x00000019c7800000,0x00000019c7900000) (1024K)]
=>0x00000182764e5b40 JavaThread "C2 CompilerThread4"         daemon [_thread_in_native, id=19864, stack(0x00000019c7900000,0x00000019c7a00000) (1024K)]
  0x00000182767da840 JavaThread "Active Thread: Equinox Container: de096f11-9d9f-4141-9d7d-aba3f0457c40"        [_thread_blocked, id=6644, stack(0x00000019c7b00000,0x00000019c7c00000) (1024K)]
  0x0000018276f9f1b0 JavaThread "Refresh Thread: Equinox Container: de096f11-9d9f-4141-9d7d-aba3f0457c40" daemon [_thread_blocked, id=7596, stack(0x00000019c7e00000,0x00000019c7f00000) (1024K)]
  0x0000018276582550 JavaThread "Framework Event Dispatcher: Equinox Container: de096f11-9d9f-4141-9d7d-aba3f0457c40" daemon [_thread_blocked, id=25660, stack(0x00000019c7f00000,0x00000019c8000000) (1024K)]
  0x0000018276992c50 JavaThread "Start Level: Equinox Container: de096f11-9d9f-4141-9d7d-aba3f0457c40" daemon [_thread_in_native, id=25832, stack(0x00000019c8000000,0x00000019c8100000) (1024K)]
  0x0000018276c95530 JavaThread "Bundle File Closer"         daemon [_thread_blocked, id=25380, stack(0x00000019c8100000,0x00000019c8200000) (1024K)]
  0x00000182770128d0 JavaThread "SCR Component Actor"        daemon [_thread_blocked, id=6536, stack(0x00000019c8400000,0x00000019c8500000) (1024K)]
  0x0000018277239540 JavaThread "SCR Component Registry"     daemon [_thread_blocked, id=11212, stack(0x00000019c8500000,0x00000019c8600000) (1024K)]
  0x0000018277238820 JavaThread "Worker-JM"                         [_thread_blocked, id=7200, stack(0x00000019c8800000,0x00000019c8900000) (1024K)]
  0x0000018277239bd0 JavaThread "JNA Cleaner"                daemon [_thread_blocked, id=992, stack(0x00000019c8900000,0x00000019c8a00000) (1024K)]
  0x0000018277238190 JavaThread "Worker-0: Checking project encoding"        [_thread_blocked, id=22228, stack(0x00000019c8a00000,0x00000019c8b00000) (1024K)]
  0x0000018277237b00 JavaThread "Worker-1: Refreshing workspace"        [_thread_blocked, id=14620, stack(0x00000019c8b00000,0x00000019c8c00000) (1024K)]
  0x0000018277238eb0 JavaThread "Worker-2"                          [_thread_blocked, id=17856, stack(0x00000019c8c00000,0x00000019c8d00000) (1024K)]
Total: 28

Other Threads:
  0x0000018217dbf9a0 VMThread "VM Thread"                           [id=19616, stack(0x00000019c6300000,0x00000019c6400000) (1024K)]
  0x000001826f0dca00 WatcherThread "VM Periodic Task Thread"        [id=24364, stack(0x00000019c6200000,0x00000019c6300000) (1024K)]
  0x0000018217d40980 WorkerThread "GC Thread#0"                     [id=20024, stack(0x00000019c6100000,0x00000019c6200000) (1024K)]
  0x00000182764fef80 WorkerThread "GC Thread#1"                     [id=7112, stack(0x00000019c7300000,0x00000019c7400000) (1024K)]
  0x00000182765628d0 WorkerThread "GC Thread#2"                     [id=13428, stack(0x00000019c7400000,0x00000019c7500000) (1024K)]
  0x0000018276656f00 WorkerThread "GC Thread#3"                     [id=21652, stack(0x00000019c7500000,0x00000019c7600000) (1024K)]
  0x00000182766572a0 WorkerThread "GC Thread#4"                     [id=13104, stack(0x00000019c7600000,0x00000019c7700000) (1024K)]
  0x000001827685a710 WorkerThread "GC Thread#5"                     [id=14732, stack(0x00000019c7700000,0x00000019c7800000) (1024K)]
  0x0000018276996840 WorkerThread "GC Thread#6"                     [id=21524, stack(0x00000019c7c00000,0x00000019c7d00000) (1024K)]
  0x0000018276996be0 WorkerThread "GC Thread#7"                     [id=10764, stack(0x00000019c7d00000,0x00000019c7e00000) (1024K)]
  0x00000182770bcf20 WorkerThread "GC Thread#8"                     [id=16136, stack(0x00000019c8200000,0x00000019c8300000) (1024K)]
  0x000001827744d6c0 WorkerThread "GC Thread#9"                     [id=19340, stack(0x00000019c8300000,0x00000019c8400000) (1024K)]
  0x000001827744c840 WorkerThread "GC Thread#10"                    [id=9800, stack(0x00000019c7a00000,0x00000019c7b00000) (1024K)]
  0x000001827744d320 WorkerThread "GC Thread#11"                    [id=5768, stack(0x00000019c8600000,0x00000019c8700000) (1024K)]
  0x000001827744da60 WorkerThread "GC Thread#12"                    [id=8744, stack(0x00000019c8700000,0x00000019c8800000) (1024K)]
Total: 15

Threads with active compile tasks:
C2 CompilerThread4  5258 3507       4       java.lang.invoke.MethodType::makeImpl (109 bytes)
Total: 1

VM state: not at safepoint (normal execution)

VM Mutex/Monitor currently owned by a thread: None

Heap address: 0x00000000c0000000, size: 1024 MB, Compressed Oops mode: 32-bit

CDS archive(s) mapped at: [0x000001822e000000-0x000001822eba0000-0x000001822eba0000), size 12189696, SharedBaseAddress: 0x000001822e000000, ArchiveRelocationMode: 1.
Compressed class space mapped at: 0x000001822f000000-0x000001826f000000, reserved size: 1073741824
Narrow klass base: 0x000001822e000000, Narrow klass shift: 0, Narrow klass range: 0x100000000

GC Precious Log:
 CardTable entry size: 512
 CPUs: 16 total, 16 available
 Memory: 16176M
 Large Page Support: Disabled
 NUMA Support: Disabled
 Compressed Oops: Enabled (32-bit)
 Alignments: Space 512K, Generation 512K, Heap 2M
 Heap Min Capacity: 100M
 Heap Initial Capacity: 100M
 Heap Max Capacity: 1G
 Pre-touch: Disabled
 Parallel Workers: 13

Heap:
 PSYoungGen      total 29184K, used 22053K [0x00000000eab00000, 0x00000000ecf80000, 0x0000000100000000)
  eden space 25088K, 71% used [0x00000000eab00000,0x00000000ebc8f1c0,0x00000000ec380000)
  from space 4096K, 99% used [0x00000000ec400000,0x00000000ec7fa5e0,0x00000000ec800000)
  to   space 6144K, 0% used [0x00000000ec980000,0x00000000ec980000,0x00000000ecf80000)
 ParOldGen       total 68608K, used 8993K [0x00000000c0000000, 0x00000000c4300000, 0x00000000eab00000)
  object space 68608K, 13% used [0x00000000c0000000,0x00000000c08c85c0,0x00000000c4300000)
 Metaspace       used 18486K, committed 19328K, reserved 1114112K
  class space    used 1837K, committed 2176K, reserved 1048576K

Card table byte_map: [0x000001822ba10000,0x000001822bc20000] _byte_map_base: 0x000001822b410000

Marking Bits: (ParMarkBitMap*) 0x00007ffc24473260
 Begin Bits: [0x000001822bd80000, 0x000001822cd80000)
 End Bits:   [0x000001822cd80000, 0x000001822dd80000)

Polling page: 0x0000018217df0000

Metaspace:

Usage:
  Non-class:     16.26 MB used.
      Class:      1.79 MB used.
       Both:     18.05 MB used.

Virtual space:
  Non-class space:       64.00 MB reserved,      16.75 MB ( 26%) committed,  1 nodes.
      Class space:        1.00 GB reserved,       2.12 MB ( <1%) committed,  1 nodes.
             Both:        1.06 GB reserved,      18.88 MB (  2%) committed. 

Chunk freelists:
   Non-Class:  14.92 MB
       Class:  13.92 MB
        Both:  28.84 MB

MaxMetaspaceSize: unlimited
CompressedClassSpaceSize: 1.00 GB
Initial GC threshold: 21.00 MB
Current GC threshold: 21.00 MB
CDS: on
 - commit_granule_bytes: 65536.
 - commit_granule_words: 8192.
 - virtual_space_node_default_size: 8388608.
 - enlarge_chunks_in_place: 1.
 - use_allocation_guard: 0.


Internal statistics:

num_allocs_failed_limit: 0.
num_arena_births: 556.
num_arena_deaths: 0.
num_vsnodes_births: 2.
num_vsnodes_deaths: 0.
num_space_committed: 302.
num_space_uncommitted: 0.
num_chunks_returned_to_freelist: 0.
num_chunks_taken_from_freelist: 1259.
num_chunk_merges: 0.
num_chunk_splits: 799.
num_chunks_enlarged: 494.
num_inconsistent_stats: 0.

CodeHeap 'non-profiled nmethods': size=119168Kb used=1507Kb max_used=1507Kb free=117660Kb
 bounds [0x00000182243d0000, 0x0000018224640000, 0x000001822b830000]
CodeHeap 'profiled nmethods': size=119104Kb used=7998Kb max_used=7998Kb free=111105Kb
 bounds [0x000001821c830000, 0x000001821d000000, 0x0000018223c80000]
CodeHeap 'non-nmethods': size=7488Kb used=1835Kb max_used=2994Kb free=5652Kb
 bounds [0x0000018223c80000, 0x0000018223f70000, 0x00000182243d0000]
 total_blobs=4393 nmethods=3844 adapters=454
 compilation: enabled
              stopped_count=0, restarted_count=0
 full_count=0

Compilation events (20 events):
Event: 4.235 Thread 0x0000018270800a70 nmethod 3826 0x000001821cff2990 code [0x000001821cff2b40, 0x000001821cff2c90]
Event: 4.235 Thread 0x000001827093e520 3828       3       jdk.internal.org.objectweb.asm.FieldWriter::putFieldInfo (269 bytes)
Event: 4.235 Thread 0x00000182760c6470 nmethod 3773 0x0000018224544790 code [0x0000018224544980, 0x0000018224545340]
Event: 4.235 Thread 0x0000018217dd2f40 nmethod 3820 0x0000018224545890 code [0x0000018224545a20, 0x0000018224545ae8]
Event: 4.235 Thread 0x0000018270963790 nmethod 3818 0x000001821cff2d90 code [0x000001821cff3360, 0x000001821cff6a00]
Event: 4.235 Thread 0x0000018270800a70 3829       3       java.lang.invoke.LambdaFormBuffer::insertName (106 bytes)
Event: 4.236 Thread 0x0000018270800a70 nmethod 3829 0x000001821cff7d90 code [0x000001821cff7f60, 0x000001821cff8188]
Event: 4.236 Thread 0x00000182760c6470 3832       4       java.lang.invoke.MethodTypeForm::canonicalize (74 bytes)
Event: 4.236 Thread 0x000001827093e520 nmethod 3828 0x000001821cff8290 code [0x000001821cff8520, 0x000001821cff8e10]
Event: 4.236 Thread 0x00000182760c6470 nmethod 3832 0x0000018224546190 code [0x0000018224546320, 0x00000182245463f8]
Event: 4.237 Thread 0x00000182760c6470 3835       4       java.util.Arrays::rangeCheck (74 bytes)
Event: 4.237 Thread 0x000001827083fe10 3836       4       jdk.internal.org.objectweb.asm.Frame::push (109 bytes)
Event: 4.237 Thread 0x00000182760c6470 nmethod 3835 0x0000018224546e10 code [0x0000018224546fa0, 0x0000018224547068]
Event: 4.238 Thread 0x000001827083fe10 nmethod 3836 0x0000018224547110 code [0x00000182245472a0, 0x00000182245474b0]
Event: 4.239 Thread 0x000001827093e520 3838       3       org.objectweb.asm.SymbolTable::addTypeInternal (85 bytes)
Event: 4.240 Thread 0x000001827093e520 nmethod 3838 0x000001821cff9190 code [0x000001821cff9360, 0x000001821cff98c0]
Event: 4.240 Thread 0x0000018270963790 3839       1       java.net.URI::getHost (5 bytes)
Event: 4.240 Thread 0x0000018217dd2f40 3840       3       java.util.zip.Inflater::<init> (28 bytes)
Event: 4.240 Thread 0x0000018270963790 nmethod 3839 0x0000018224547610 code [0x00000182245477a0, 0x0000018224547868]
Event: 4.240 Thread 0x0000018217dd2f40 nmethod 3840 0x000001821cff9a90 code [0x000001821cff9c80, 0x000001821cffa098]

GC Heap History (10 events):
Event: 1.769 GC heap before
{Heap before GC invocations=1 (full 0):
 PSYoungGen      total 29696K, used 25600K [0x00000000eab00000, 0x00000000ecc00000, 0x0000000100000000)
  eden space 25600K, 100% used [0x00000000eab00000,0x00000000ec400000,0x00000000ec400000)
  from space 4096K, 0% used [0x00000000ec800000,0x00000000ec800000,0x00000000ecc00000)
  to   space 4096K, 0% used [0x00000000ec400000,0x00000000ec400000,0x00000000ec800000)
 ParOldGen       total 68608K, used 0K [0x00000000c0000000, 0x00000000c4300000, 0x00000000eab00000)
  object space 68608K, 0% used [0x00000000c0000000,0x00000000c0000000,0x00000000c4300000)
 Metaspace       used 3977K, committed 4160K, reserved 1114112K
  class space    used 393K, committed 448K, reserved 1048576K
}
Event: 1.773 GC heap after
{Heap after GC invocations=1 (full 0):
 PSYoungGen      total 29696K, used 3126K [0x00000000eab00000, 0x00000000ecc00000, 0x0000000100000000)
  eden space 25600K, 0% used [0x00000000eab00000,0x00000000eab00000,0x00000000ec400000)
  from space 4096K, 76% used [0x00000000ec400000,0x00000000ec70d800,0x00000000ec800000)
  to   space 4096K, 0% used [0x00000000ec800000,0x00000000ec800000,0x00000000ecc00000)
 ParOldGen       total 68608K, used 16K [0x00000000c0000000, 0x00000000c4300000, 0x00000000eab00000)
  object space 68608K, 0% used [0x00000000c0000000,0x00000000c0004000,0x00000000c4300000)
 Metaspace       used 3977K, committed 4160K, reserved 1114112K
  class space    used 393K, committed 448K, reserved 1048576K
}
Event: 2.154 GC heap before
{Heap before GC invocations=2 (full 0):
 PSYoungGen      total 29696K, used 28726K [0x00000000eab00000, 0x00000000ecc00000, 0x0000000100000000)
  eden space 25600K, 100% used [0x00000000eab00000,0x00000000ec400000,0x00000000ec400000)
  from space 4096K, 76% used [0x00000000ec400000,0x00000000ec70d800,0x00000000ec800000)
  to   space 4096K, 0% used [0x00000000ec800000,0x00000000ec800000,0x00000000ecc00000)
 ParOldGen       total 68608K, used 16K [0x00000000c0000000, 0x00000000c4300000, 0x00000000eab00000)
  object space 68608K, 0% used [0x00000000c0000000,0x00000000c0004000,0x00000000c4300000)
 Metaspace       used 7720K, committed 8000K, reserved 1114112K
  class space    used 747K, committed 896K, reserved 1048576K
}
Event: 2.158 GC heap after
{Heap after GC invocations=2 (full 0):
 PSYoungGen      total 29696K, used 4068K [0x00000000eab00000, 0x00000000ecc00000, 0x0000000100000000)
  eden space 25600K, 0% used [0x00000000eab00000,0x00000000eab00000,0x00000000ec400000)
  from space 4096K, 99% used [0x00000000ec800000,0x00000000ecbf9178,0x00000000ecc00000)
  to   space 4096K, 0% used [0x00000000ec400000,0x00000000ec400000,0x00000000ec800000)
 ParOldGen       total 68608K, used 1345K [0x00000000c0000000, 0x00000000c4300000, 0x00000000eab00000)
  object space 68608K, 1% used [0x00000000c0000000,0x00000000c01506a8,0x00000000c4300000)
 Metaspace       used 7720K, committed 8000K, reserved 1114112K
  class space    used 747K, committed 896K, reserved 1048576K
}
Event: 2.434 GC heap before
{Heap before GC invocations=3 (full 0):
 PSYoungGen      total 29696K, used 29660K [0x00000000eab00000, 0x00000000ecc00000, 0x0000000100000000)
  eden space 25600K, 99% used [0x00000000eab00000,0x00000000ec3fe1e8,0x00000000ec400000)
  from space 4096K, 99% used [0x00000000ec800000,0x00000000ecbf9178,0x00000000ecc00000)
  to   space 4096K, 0% used [0x00000000ec400000,0x00000000ec400000,0x00000000ec800000)
 ParOldGen       total 68608K, used 1345K [0x00000000c0000000, 0x00000000c4300000, 0x00000000eab00000)
  object space 68608K, 1% used [0x00000000c0000000,0x00000000c01506a8,0x00000000c4300000)
 Metaspace       used 9135K, committed 9472K, reserved 1114112K
  class space    used 913K, committed 1088K, reserved 1048576K
}
Event: 2.438 GC heap after
{Heap after GC invocations=3 (full 0):
 PSYoungGen      total 29696K, used 4073K [0x00000000eab00000, 0x00000000ecc00000, 0x0000000100000000)
  eden space 25600K, 0% used [0x00000000eab00000,0x00000000eab00000,0x00000000ec400000)
  from space 4096K, 99% used [0x00000000ec400000,0x00000000ec7fa638,0x00000000ec800000)
  to   space 4096K, 0% used [0x00000000ec800000,0x00000000ec800000,0x00000000ecc00000)
 ParOldGen       total 68608K, used 5845K [0x00000000c0000000, 0x00000000c4300000, 0x00000000eab00000)
  object space 68608K, 8% used [0x00000000c0000000,0x00000000c05b5710,0x00000000c4300000)
 Metaspace       used 9135K, committed 9472K, reserved 1114112K
  class space    used 913K, committed 1088K, reserved 1048576K
}
Event: 2.714 GC heap before
{Heap before GC invocations=4 (full 0):
 PSYoungGen      total 29696K, used 29673K [0x00000000eab00000, 0x00000000ecc00000, 0x0000000100000000)
  eden space 25600K, 100% used [0x00000000eab00000,0x00000000ec400000,0x00000000ec400000)
  from space 4096K, 99% used [0x00000000ec400000,0x00000000ec7fa638,0x00000000ec800000)
  to   space 4096K, 0% used [0x00000000ec800000,0x00000000ec800000,0x00000000ecc00000)
 ParOldGen       total 68608K, used 5845K [0x00000000c0000000, 0x00000000c4300000, 0x00000000eab00000)
  object space 68608K, 8% used [0x00000000c0000000,0x00000000c05b5710,0x00000000c4300000)
 Metaspace       used 12689K, committed 13184K, reserved 1114112K
  class space    used 1263K, committed 1472K, reserved 1048576K
}
Event: 2.716 GC heap after
{Heap after GC invocations=4 (full 0):
 PSYoungGen      total 29696K, used 4076K [0x00000000eab00000, 0x00000000ecc00000, 0x0000000100000000)
  eden space 25600K, 0% used [0x00000000eab00000,0x00000000eab00000,0x00000000ec400000)
  from space 4096K, 99% used [0x00000000ec800000,0x00000000ecbfb258,0x00000000ecc00000)
  to   space 4096K, 0% used [0x00000000ec400000,0x00000000ec400000,0x00000000ec800000)
 ParOldGen       total 68608K, used 7296K [0x00000000c0000000, 0x00000000c4300000, 0x00000000eab00000)
  object space 68608K, 10% used [0x00000000c0000000,0x00000000c0720278,0x00000000c4300000)
 Metaspace       used 12689K, committed 13184K, reserved 1114112K
  class space    used 1263K, committed 1472K, reserved 1048576K
}
Event: 3.052 GC heap before
{Heap before GC invocations=5 (full 0):
 PSYoungGen      total 29696K, used 29676K [0x00000000eab00000, 0x00000000ecc00000, 0x0000000100000000)
  eden space 25600K, 100% used [0x00000000eab00000,0x00000000ec400000,0x00000000ec400000)
  from space 4096K, 99% used [0x00000000ec800000,0x00000000ecbfb258,0x00000000ecc00000)
  to   space 4096K, 0% used [0x00000000ec400000,0x00000000ec400000,0x00000000ec800000)
 ParOldGen       total 68608K, used 7296K [0x00000000c0000000, 0x00000000c4300000, 0x00000000eab00000)
  object space 68608K, 10% used [0x00000000c0000000,0x00000000c0720278,0x00000000c4300000)
 Metaspace       used 16524K, committed 17216K, reserved 1114112K
  class space    used 1620K, committed 1920K, reserved 1048576K
}
Event: 3.055 GC heap after
{Heap after GC invocations=5 (full 0):
 PSYoungGen      total 29184K, used 4073K [0x00000000eab00000, 0x00000000ecf80000, 0x0000000100000000)
  eden space 25088K, 0% used [0x00000000eab00000,0x00000000eab00000,0x00000000ec380000)
  from space 4096K, 99% used [0x00000000ec400000,0x00000000ec7fa5e0,0x00000000ec800000)
  to   space 6144K, 0% used [0x00000000ec980000,0x00000000ec980000,0x00000000ecf80000)
 ParOldGen       total 68608K, used 8993K [0x00000000c0000000, 0x00000000c4300000, 0x00000000eab00000)
  object space 68608K, 13% used [0x00000000c0000000,0x00000000c08c85c0,0x00000000c4300000)
 Metaspace       used 16524K, committed 17216K, reserved 1114112K
  class space    used 1620K, committed 1920K, reserved 1048576K
}

Dll operation events (10 events):
Event: 0.015 Loaded shared library c:\Users\Admin\.vscode\extensions\redhat.java-1.40.0-win32-x64\jre\21.0.6-win32-x86_64\bin\java.dll
Event: 0.044 Loaded shared library c:\Users\Admin\.vscode\extensions\redhat.java-1.40.0-win32-x64\jre\21.0.6-win32-x86_64\bin\zip.dll
Event: 0.119 Loaded shared library C:\Users\Admin\.vscode\extensions\redhat.java-1.40.0-win32-x64\jre\21.0.6-win32-x86_64\bin\instrument.dll
Event: 0.127 Loaded shared library C:\Users\Admin\.vscode\extensions\redhat.java-1.40.0-win32-x64\jre\21.0.6-win32-x86_64\bin\net.dll
Event: 0.130 Loaded shared library C:\Users\Admin\.vscode\extensions\redhat.java-1.40.0-win32-x64\jre\21.0.6-win32-x86_64\bin\nio.dll
Event: 0.134 Loaded shared library C:\Users\Admin\.vscode\extensions\redhat.java-1.40.0-win32-x64\jre\21.0.6-win32-x86_64\bin\zip.dll
Event: 0.154 Loaded shared library C:\Users\Admin\.vscode\extensions\redhat.java-1.40.0-win32-x64\jre\21.0.6-win32-x86_64\bin\jimage.dll
Event: 0.237 Loaded shared library c:\Users\Admin\.vscode\extensions\redhat.java-1.40.0-win32-x64\jre\21.0.6-win32-x86_64\bin\verify.dll
Event: 2.165 Loaded shared library C:\Users\Admin\AppData\Roaming\Code\User\globalStorage\redhat.java\1.40.0\config_win\org.eclipse.equinox.launcher\org.eclipse.equinox.launcher.win32.win32.x86_64_1.2.1200.v20250212-0927\eclipse_11909.dll
Event: 3.032 Loaded shared library C:\Users\Admin\AppData\Local\Temp\jna-63116079\jna1670214729291636940.dll

Deoptimization events (20 events):
Event: 3.091 Thread 0x0000018276992c50 Uncommon trap: trap_request=0xffffff45 fr.pc=0x0000018224513ea4 relative=0x0000000000000084
Event: 3.091 Thread 0x0000018276992c50 Uncommon trap: reason=unstable_if action=reinterpret pc=0x0000018224513ea4 method=java.lang.ref.SoftReference.get()Ljava/lang/Object; @ 6 c2
Event: 3.091 Thread 0x0000018276992c50 DEOPT PACKING pc=0x0000018224513ea4 sp=0x00000019c80f9870
Event: 3.091 Thread 0x0000018276992c50 DEOPT UNPACKING pc=0x0000018223cd3aa2 sp=0x00000019c80f9808 mode 2
Event: 4.190 Thread 0x0000018276992c50 Uncommon trap: trap_request=0xffffff45 fr.pc=0x000001822440a23c relative=0x00000000000002fc
Event: 4.190 Thread 0x0000018276992c50 Uncommon trap: reason=unstable_if action=reinterpret pc=0x000001822440a23c method=java.util.HashMap$HashIterator.<init>(Ljava/util/HashMap;)V @ 45 c2
Event: 4.190 Thread 0x0000018276992c50 DEOPT PACKING pc=0x000001822440a23c sp=0x00000019c80f2c10
Event: 4.190 Thread 0x0000018276992c50 DEOPT UNPACKING pc=0x0000018223cd3aa2 sp=0x00000019c80f2ad8 mode 2
Event: 4.204 Thread 0x0000018276992c50 Uncommon trap: trap_request=0xffffffde fr.pc=0x00000182245311f0 relative=0x0000000000000050
Event: 4.204 Thread 0x0000018276992c50 Uncommon trap: reason=class_check action=maybe_recompile pc=0x00000182245311f0 method=java.lang.invoke.DirectMethodHandle.internalMemberName(Ljava/lang/Object;)Ljava/lang/Object; @ 1 c2
Event: 4.204 Thread 0x0000018276992c50 DEOPT PACKING pc=0x00000182245311f0 sp=0x00000019c80f37d0
Event: 4.204 Thread 0x0000018276992c50 DEOPT UNPACKING pc=0x0000018223cd3aa2 sp=0x00000019c80f3760 mode 2
Event: 4.204 Thread 0x0000018276992c50 Uncommon trap: trap_request=0xffffffde fr.pc=0x00000182245311f0 relative=0x0000000000000050
Event: 4.204 Thread 0x0000018276992c50 Uncommon trap: reason=class_check action=maybe_recompile pc=0x00000182245311f0 method=java.lang.invoke.DirectMethodHandle.internalMemberName(Ljava/lang/Object;)Ljava/lang/Object; @ 1 c2
Event: 4.204 Thread 0x0000018276992c50 DEOPT PACKING pc=0x00000182245311f0 sp=0x00000019c80f3840
Event: 4.204 Thread 0x0000018276992c50 DEOPT UNPACKING pc=0x0000018223cd3aa2 sp=0x00000019c80f37d0 mode 2
Event: 4.205 Thread 0x0000018276992c50 Uncommon trap: trap_request=0xffffffde fr.pc=0x00000182245311f0 relative=0x0000000000000050
Event: 4.205 Thread 0x0000018276992c50 Uncommon trap: reason=class_check action=maybe_recompile pc=0x00000182245311f0 method=java.lang.invoke.DirectMethodHandle.internalMemberName(Ljava/lang/Object;)Ljava/lang/Object; @ 1 c2
Event: 4.205 Thread 0x0000018276992c50 DEOPT PACKING pc=0x00000182245311f0 sp=0x00000019c80f3840
Event: 4.205 Thread 0x0000018276992c50 DEOPT UNPACKING pc=0x0000018223cd3aa2 sp=0x00000019c80f37d0 mode 2

Classes loaded (20 events):
Event: 3.114 Loading class java/util/concurrent/atomic/Striped64$1
Event: 3.114 Loading class java/util/concurrent/atomic/Striped64$1 done
Event: 4.164 Loading class java/util/BitSet
Event: 4.164 Loading class java/util/BitSet done
Event: 4.167 Loading class sun/net/www/protocol/jrt/JavaRuntimeURLConnection
Event: 4.167 Loading class sun/net/www/protocol/jrt/JavaRuntimeURLConnection done
Event: 4.168 Loading class sun/net/www/protocol/jrt/JavaRuntimeURLConnection$1
Event: 4.168 Loading class sun/net/www/protocol/jrt/JavaRuntimeURLConnection$1 done
Event: 4.176 Loading class java/util/function/UnaryOperator
Event: 4.176 Loading class java/util/function/UnaryOperator done
Event: 4.178 Loading class java/util/ServiceConfigurationError
Event: 4.178 Loading class java/util/ServiceConfigurationError done
Event: 4.184 Loading class java/lang/InheritableThreadLocal
Event: 4.184 Loading class java/lang/InheritableThreadLocal done
Event: 4.202 Loading class java/security/AccessControlException
Event: 4.202 Loading class java/security/AccessControlException done
Event: 4.225 Loading class java/security/Policy$UnsupportedEmptyCollection
Event: 4.225 Loading class java/security/Policy$UnsupportedEmptyCollection done
Event: 4.225 Loading class java/security/Policy$PolicyInfo
Event: 4.225 Loading class java/security/Policy$PolicyInfo done

Classes unloaded (0 events):
No events

Classes redefined (0 events):
No events

Internal exceptions (20 events):
Event: 2.845 Thread 0x0000018276992c50 Exception <a 'java/io/FileNotFoundException'{0x00000000eb901ed8}> (0x00000000eb901ed8) 
thrown [s\src\hotspot\share\prims\jni.cpp, line 520]
Event: 2.938 Thread 0x0000018276992c50 Exception <a 'java/lang/NoSuchMethodError'{0x00000000ebf35850}: 'java.lang.Object java.lang.invoke.DirectMethodHandle$Holder.invokeStaticInit(java.lang.Object, int)'> (0x00000000ebf35850) 
thrown [s\src\hotspot\share\interpreter\linkResolver.cpp, line 773]
Event: 2.965 Thread 0x0000018276992c50 Exception <a 'java/lang/NoSuchMethodError'{0x00000000ec17bf10}: 'java.lang.Object java.lang.invoke.DirectMethodHandle$Holder.invokeStaticInit(java.lang.Object, int, int, int, int)'> (0x00000000ec17bf10) 
thrown [s\src\hotspot\share\interpreter\linkResolver.cpp, line 773]
Event: 2.979 Thread 0x0000018276992c50 Exception <a 'java/lang/NoSuchMethodError'{0x00000000ec245e70}: 'java.lang.Object java.lang.invoke.DirectMethodHandle$Holder.invokeStaticInit(java.lang.Object, java.lang.Object, int, int, int, int)'> (0x00000000ec245e70) 
thrown [s\src\hotspot\share\interpreter\linkResolver.cpp, line 773]
Event: 3.044 Thread 0x0000018276992c50 Exception <a 'java/lang/NoSuchMethodError'{0x00000000ec354148}: 'void java.lang.invoke.DirectMethodHandle$Holder.invokeSpecial(java.lang.Object, java.lang.Object, java.lang.Object, int)'> (0x00000000ec354148) 
thrown [s\src\hotspot\share\interpreter\linkResolver.cpp, line 773]
Event: 3.044 Thread 0x0000018276992c50 Exception <a 'java/lang/NoSuchMethodError'{0x00000000ec357ad8}: 'void java.lang.invoke.DelegatingMethodHandle$Holder.reinvoke_L(java.lang.Object, java.lang.Object, int)'> (0x00000000ec357ad8) 
thrown [s\src\hotspot\share\interpreter\linkResolver.cpp, line 773]
Event: 3.044 Thread 0x0000018276992c50 Exception <a 'java/lang/NoSuchMethodError'{0x00000000ec35e810}: 'int java.lang.invoke.Invokers$Holder.invokeExact_MT(java.lang.Object, java.lang.Object, java.lang.Object)'> (0x00000000ec35e810) 
thrown [s\src\hotspot\share\interpreter\linkResolver.cpp, line 773]
Event: 3.061 Thread 0x0000018276992c50 Exception <a 'java/lang/NoSuchMethodError'{0x00000000eab84318}: 'void java.lang.invoke.Invokers$Holder.invokeExact_MT(java.lang.Object, java.lang.Object, int, java.lang.Object)'> (0x00000000eab84318) 
thrown [s\src\hotspot\share\interpreter\linkResolver.cpp, line 773]
Event: 3.081 Thread 0x0000018276992c50 Exception <a 'java/lang/NoSuchMethodError'{0x00000000eac8a168}: 'java.lang.Object java.lang.invoke.DirectMethodHandle$Holder.invokeSpecial(java.lang.Object, java.lang.Object, java.lang.Object, long, java.lang.Object)'> (0x00000000eac8a168) 
thrown [s\src\hotspot\share\interpreter\linkResolver.cpp, line 773]
Event: 3.081 Thread 0x0000018276992c50 Exception <a 'java/lang/NoSuchMethodError'{0x00000000eac918f8}: 'java.lang.Object java.lang.invoke.DirectMethodHandle$Holder.newInvokeSpecial(java.lang.Object, java.lang.Object, java.lang.Object, long)'> (0x00000000eac918f8) 
thrown [s\src\hotspot\share\interpreter\linkResolver.cpp, line 773]
Event: 3.082 Thread 0x0000018276992c50 Exception <a 'java/lang/NoSuchMethodError'{0x00000000eac957c8}: 'java.lang.Object java.lang.invoke.Invokers$Holder.linkToTargetMethod(java.lang.Object, java.lang.Object, long, java.lang.Object)'> (0x00000000eac957c8) 
thrown [s\src\hotspot\share\interpreter\linkResolver.cpp, line 773]
Event: 3.092 Thread 0x0000018276992c50 Exception <a 'java/lang/NoSuchMethodError'{0x00000000ead16378}: 'int java.lang.invoke.DirectMethodHandle$Holder.invokeStaticInit(java.lang.Object, java.lang.Object, java.lang.Object)'> (0x00000000ead16378) 
thrown [s\src\hotspot\share\interpreter\linkResolver.cpp, line 773]
Event: 3.101 Thread 0x0000018276992c50 Exception <a 'java/lang/IncompatibleClassChangeError'{0x00000000eade1a98}: Found class java.lang.Object, but interface was expected> (0x00000000eade1a98) 
thrown [s\src\hotspot\share\interpreter\linkResolver.cpp, line 840]
Event: 3.103 Thread 0x0000018276992c50 Exception <a 'java/lang/NoSuchMethodError'{0x00000000eadf0d80}: 'java.lang.Object java.lang.invoke.DirectMethodHandle$Holder.invokeSpecial(java.lang.Object, java.lang.Object, java.lang.Object, int, java.lang.Object, java.lang.Object)'> (0x00000000eadf0d80) 
thrown [s\src\hotspot\share\interpreter\linkResolver.cpp, line 773]
Event: 3.104 Thread 0x0000018276992c50 Exception <a 'java/lang/NoSuchMethodError'{0x00000000eadf8690}: 'java.lang.Object java.lang.invoke.DirectMethodHandle$Holder.newInvokeSpecial(java.lang.Object, java.lang.Object, java.lang.Object, int, java.lang.Object)'> (0x00000000eadf8690) 
thrown [s\src\hotspot\share\interpreter\linkResolver.cpp, line 773]
Event: 3.104 Thread 0x0000018276992c50 Exception <a 'java/lang/NoSuchMethodError'{0x00000000eadfc180}: 'java.lang.Object java.lang.invoke.Invokers$Holder.linkToTargetMethod(java.lang.Object, java.lang.Object, int, java.lang.Object, java.lang.Object)'> (0x00000000eadfc180) 
thrown [s\src\hotspot\share\interpreter\linkResolver.cpp, line 773]
Event: 3.105 Thread 0x0000018277238190 Exception <a 'java/lang/NoSuchMethodError'{0x00000000eacf7590}: 'java.lang.Object java.lang.invoke.DirectMethodHandle$Holder.invokeSpecial(java.lang.Object, java.lang.Object, int, java.lang.Object, java.lang.Object)'> (0x00000000eacf7590) 
thrown [s\src\hotspot\share\interpreter\linkResolver.cpp, line 773]
Event: 3.115 Thread 0x0000018276992c50 Exception <a 'java/lang/NoSuchMethodError'{0x00000000eaef93a0}: 'void java.lang.invoke.DirectMethodHandle$Holder.invokeSpecial(java.lang.Object, java.lang.Object, java.lang.Object, java.lang.Object, java.lang.Object)'> (0x00000000eaef93a0) 
thrown [s\src\hotspot\share\interpreter\linkResolver.cpp, line 773]
Event: 4.204 Thread 0x0000018276992c50 Exception <a 'java/lang/NoSuchMethodError'{0x00000000eb6c2300}: 'java.lang.Object java.lang.invoke.DirectMethodHandle$Holder.invokeInterface(java.lang.Object, java.lang.Object, java.lang.Object)'> (0x00000000eb6c2300) 
thrown [s\src\hotspot\share\interpreter\linkResolver.cpp, line 773]
Event: 4.237 Thread 0x0000018276992c50 Exception <a 'java/lang/NoSuchMethodError'{0x00000000eba92c50}: 'java.lang.Object java.lang.invoke.Invokers$Holder.linkToTargetMethod(java.lang.Object, long, java.lang.Object, java.lang.Object)'> (0x00000000eba92c50) 
thrown [s\src\hotspot\share\interpreter\linkResolver.cpp, line 773]

ZGC Phase Switch (0 events):
No events

VM Operations (20 events):
Event: 2.851 Executing VM operation: HandshakeAllThreads (Deoptimize)
Event: 2.851 Executing VM operation: HandshakeAllThreads (Deoptimize) done
Event: 2.950 Executing VM operation: HandshakeAllThreads (Deoptimize)
Event: 2.950 Executing VM operation: HandshakeAllThreads (Deoptimize) done
Event: 2.976 Executing VM operation: HandshakeAllThreads (Deoptimize)
Event: 2.976 Executing VM operation: HandshakeAllThreads (Deoptimize) done
Event: 3.036 Executing VM operation: HandshakeAllThreads (Deoptimize)
Event: 3.036 Executing VM operation: HandshakeAllThreads (Deoptimize) done
Event: 3.052 Executing VM operation: ParallelGCFailedAllocation (Allocation Failure)
Event: 3.055 Executing VM operation: ParallelGCFailedAllocation (Allocation Failure) done
Event: 4.068 Executing VM operation: Cleanup
Event: 4.146 Executing VM operation: Cleanup done
Event: 4.168 Executing VM operation: HandshakeAllThreads (Deoptimize)
Event: 4.168 Executing VM operation: HandshakeAllThreads (Deoptimize) done
Event: 4.186 Executing VM operation: HandshakeAllThreads (Deoptimize)
Event: 4.186 Executing VM operation: HandshakeAllThreads (Deoptimize) done
Event: 4.189 Executing VM operation: HandshakeAllThreads (Deoptimize)
Event: 4.189 Executing VM operation: HandshakeAllThreads (Deoptimize) done
Event: 5.199 Executing VM operation: Cleanup
Event: 5.199 Executing VM operation: Cleanup done

Memory protections (0 events):
No events

Nmethod flushes (0 events):
No events

Events (20 events):
Event: 0.164 Thread 0x0000018217dd2f40 Thread added: 0x000001827093e520
Event: 0.164 Thread 0x0000018217dd2f40 Thread added: 0x0000018270963790
Event: 0.348 Thread 0x0000018217d22fc0 Thread added: 0x000001827602d630
Event: 0.475 Thread 0x000001827083fe10 Thread added: 0x00000182760c6470
Event: 1.894 Thread 0x000001827093e520 Thread added: 0x0000018276720140
Event: 1.897 Thread 0x000001827093e520 Thread added: 0x00000182764e5b40
Event: 1.899 Thread 0x000001827093e520 Thread added: 0x00000182764e66a0
Event: 2.057 Thread 0x0000018217d22fc0 Thread added: 0x00000182767da840
Event: 2.160 Thread 0x0000018217d22fc0 Thread added: 0x0000018276f9f1b0
Event: 2.176 Thread 0x0000018276f9f1b0 Thread added: 0x0000018276582550
Event: 2.178 Thread 0x0000018217d22fc0 Thread added: 0x0000018276992c50
Event: 2.397 Thread 0x0000018276992c50 Thread added: 0x0000018276c95530
Event: 2.492 Thread 0x0000018276992c50 Thread added: 0x00000182770128d0
Event: 2.545 Thread 0x0000018276992c50 Thread added: 0x0000018277239540
Event: 2.562 Thread 0x00000182764e66a0 Thread exited: 0x00000182764e66a0
Event: 2.778 Thread 0x0000018276992c50 Thread added: 0x0000018277238820
Event: 3.049 Thread 0x0000018276992c50 Thread added: 0x0000018277239bd0
Event: 3.087 Thread 0x0000018276992c50 Thread added: 0x0000018277238190
Event: 3.105 Thread 0x0000018276992c50 Thread added: 0x0000018277237b00
Event: 3.305 Thread 0x0000018277237b00 Thread added: 0x0000018277238eb0


Dynamic libraries:
0x00007ff7fe040000 - 0x00007ff7fe04e000 	c:\Users\Admin\.vscode\extensions\redhat.java-1.40.0-win32-x64\jre\21.0.6-win32-x86_64\bin\java.exe
0x00007ffcfab20000 - 0x00007ffcfad83000 	C:\WINDOWS\SYSTEM32\ntdll.dll
0x00007ffcfa300000 - 0x00007ffcfa3c7000 	C:\WINDOWS\System32\KERNEL32.DLL
0x00007ffcf8590000 - 0x00007ffcf8957000 	C:\WINDOWS\System32\KERNELBASE.dll
0x00007ffcf8040000 - 0x00007ffcf818c000 	C:\WINDOWS\System32\ucrtbase.dll
0x00007ffcf26a0000 - 0x00007ffcf26b8000 	c:\Users\Admin\.vscode\extensions\redhat.java-1.40.0-win32-x64\jre\21.0.6-win32-x86_64\bin\jli.dll
0x00007ffcecb80000 - 0x00007ffcecb9e000 	c:\Users\Admin\.vscode\extensions\redhat.java-1.40.0-win32-x64\jre\21.0.6-win32-x86_64\bin\VCRUNTIME140.dll
0x00007ffcfa130000 - 0x00007ffcfa2f9000 	C:\WINDOWS\System32\USER32.dll
0x00007ffcdc1c0000 - 0x00007ffcdc450000 	C:\WINDOWS\WinSxS\amd64_microsoft.windows.common-controls_6595b64144ccf1df_6.0.26100.3037_none_3e09262ce333c378\COMCTL32.dll
0x00007ffcfa5a0000 - 0x00007ffcfa649000 	C:\WINDOWS\System32\msvcrt.dll
0x00007ffcf8190000 - 0x00007ffcf81b7000 	C:\WINDOWS\System32\win32u.dll
0x00007ffcf89a0000 - 0x00007ffcf89ca000 	C:\WINDOWS\System32\GDI32.dll
0x00007ffcf8270000 - 0x00007ffcf839b000 	C:\WINDOWS\System32\gdi32full.dll
0x00007ffcf81c0000 - 0x00007ffcf8263000 	C:\WINDOWS\System32\msvcp_win.dll
0x00007ffcf8960000 - 0x00007ffcf898f000 	C:\WINDOWS\System32\IMM32.DLL
0x00007ffcf2d10000 - 0x00007ffcf2d1c000 	c:\Users\Admin\.vscode\extensions\redhat.java-1.40.0-win32-x64\jre\21.0.6-win32-x86_64\bin\vcruntime140_1.dll
0x00007ffc37280000 - 0x00007ffc3730d000 	c:\Users\Admin\.vscode\extensions\redhat.java-1.40.0-win32-x64\jre\21.0.6-win32-x86_64\bin\msvcp140.dll
0x00007ffc237c0000 - 0x00007ffc24550000 	c:\Users\Admin\.vscode\extensions\redhat.java-1.40.0-win32-x64\jre\21.0.6-win32-x86_64\bin\server\jvm.dll
0x00007ffcf8a60000 - 0x00007ffcf8b14000 	C:\WINDOWS\System32\ADVAPI32.dll
0x00007ffcfa3d0000 - 0x00007ffcfa476000 	C:\WINDOWS\System32\sechost.dll
0x00007ffcfa9c0000 - 0x00007ffcfaad6000 	C:\WINDOWS\System32\RPCRT4.dll
0x00007ffcf9ed0000 - 0x00007ffcf9f44000 	C:\WINDOWS\System32\WS2_32.dll
0x00007ffcf1330000 - 0x00007ffcf133b000 	C:\WINDOWS\SYSTEM32\VERSION.dll
0x00007ffcf78c0000 - 0x00007ffcf790e000 	C:\WINDOWS\SYSTEM32\POWRPROF.dll
0x00007ffce6d80000 - 0x00007ffce6db6000 	C:\WINDOWS\SYSTEM32\WINMM.dll
0x00007ffcf78a0000 - 0x00007ffcf78b4000 	C:\WINDOWS\SYSTEM32\UMPDC.dll
0x00007ffcf6c20000 - 0x00007ffcf6c3a000 	C:\WINDOWS\SYSTEM32\kernel.appcore.dll
0x00007ffcef8d0000 - 0x00007ffcef8da000 	c:\Users\Admin\.vscode\extensions\redhat.java-1.40.0-win32-x64\jre\21.0.6-win32-x86_64\bin\jimage.dll
0x00007ffcf4ec0000 - 0x00007ffcf5101000 	C:\WINDOWS\SYSTEM32\DBGHELP.DLL
0x00007ffcf9b40000 - 0x00007ffcf9ebe000 	C:\WINDOWS\System32\combase.dll
0x00007ffcf9840000 - 0x00007ffcf9916000 	C:\WINDOWS\System32\OLEAUT32.dll
0x00007ffcd2eb0000 - 0x00007ffcd2ee9000 	C:\WINDOWS\SYSTEM32\dbgcore.DLL
0x00007ffcf83a0000 - 0x00007ffcf8439000 	C:\WINDOWS\System32\bcryptPrimitives.dll
0x00007ffcef850000 - 0x00007ffcef85f000 	c:\Users\Admin\.vscode\extensions\redhat.java-1.40.0-win32-x64\jre\21.0.6-win32-x86_64\bin\instrument.dll
0x00007ffcec910000 - 0x00007ffcec92f000 	c:\Users\Admin\.vscode\extensions\redhat.java-1.40.0-win32-x64\jre\21.0.6-win32-x86_64\bin\java.dll
0x00007ffcf8c20000 - 0x00007ffcf9324000 	C:\WINDOWS\System32\SHELL32.dll
0x00007ffcf5ba0000 - 0x00007ffcf63d7000 	C:\WINDOWS\SYSTEM32\windows.storage.dll
0x00007ffcf8b30000 - 0x00007ffcf8c19000 	C:\WINDOWS\System32\SHCORE.dll
0x00007ffcfa650000 - 0x00007ffcfa6ad000 	C:\WINDOWS\System32\shlwapi.dll
0x00007ffcf7dd0000 - 0x00007ffcf7dfe000 	C:\WINDOWS\SYSTEM32\profapi.dll
0x00007ffcec810000 - 0x00007ffcec828000 	c:\Users\Admin\.vscode\extensions\redhat.java-1.40.0-win32-x64\jre\21.0.6-win32-x86_64\bin\zip.dll
0x00007ffcef7e0000 - 0x00007ffcef7f0000 	C:\Users\Admin\.vscode\extensions\redhat.java-1.40.0-win32-x64\jre\21.0.6-win32-x86_64\bin\net.dll
0x00007ffcf0320000 - 0x00007ffcf043e000 	C:\WINDOWS\SYSTEM32\WINHTTP.dll
0x00007ffcf7200000 - 0x00007ffcf726a000 	C:\WINDOWS\system32\mswsock.dll
0x00007ffcc6bd0000 - 0x00007ffcc6be6000 	C:\Users\Admin\.vscode\extensions\redhat.java-1.40.0-win32-x64\jre\21.0.6-win32-x86_64\bin\nio.dll
0x00007ffcecaa0000 - 0x00007ffcecab0000 	c:\Users\Admin\.vscode\extensions\redhat.java-1.40.0-win32-x64\jre\21.0.6-win32-x86_64\bin\verify.dll
0x00007ffca9110000 - 0x00007ffca9155000 	C:\Users\Admin\AppData\Roaming\Code\User\globalStorage\redhat.java\1.40.0\config_win\org.eclipse.equinox.launcher\org.eclipse.equinox.launcher.win32.win32.x86_64_1.2.1200.v20250212-0927\eclipse_11909.dll
0x00007ffcf9920000 - 0x00007ffcf9ab5000 	C:\WINDOWS\System32\ole32.dll
0x00007ffcf74a0000 - 0x00007ffcf74bc000 	C:\WINDOWS\SYSTEM32\CRYPTSP.dll
0x00007ffcf6c40000 - 0x00007ffcf6c78000 	C:\WINDOWS\system32\rsaenh.dll
0x00007ffcf72a0000 - 0x00007ffcf72cb000 	C:\WINDOWS\SYSTEM32\USERENV.dll
0x00007ffcf7770000 - 0x00007ffcf7796000 	C:\WINDOWS\SYSTEM32\bcrypt.dll
0x00007ffcf74c0000 - 0x00007ffcf74cc000 	C:\WINDOWS\SYSTEM32\CRYPTBASE.dll
0x00007ffcf6780000 - 0x00007ffcf67b2000 	C:\WINDOWS\SYSTEM32\IPHLPAPI.DLL
0x00007ffcfa8c0000 - 0x00007ffcfa8ca000 	C:\WINDOWS\System32\NSI.dll
0x00007ffca3420000 - 0x00007ffca3469000 	C:\Users\Admin\AppData\Local\Temp\jna-63116079\jna1670214729291636940.dll
0x00007ffcfa120000 - 0x00007ffcfa128000 	C:\WINDOWS\System32\PSAPI.DLL

dbghelp: loaded successfully - version: 4.0.5 - missing functions: none
symbol engine: initialized successfully - sym options: 0x614 - pdb path: .;c:\Users\Admin\.vscode\extensions\redhat.java-1.40.0-win32-x64\jre\21.0.6-win32-x86_64\bin;C:\WINDOWS\SYSTEM32;C:\WINDOWS\WinSxS\amd64_microsoft.windows.common-controls_6595b64144ccf1df_6.0.26100.3037_none_3e09262ce333c378;c:\Users\Admin\.vscode\extensions\redhat.java-1.40.0-win32-x64\jre\21.0.6-win32-x86_64\bin\server;C:\Users\Admin\AppData\Roaming\Code\User\globalStorage\redhat.java\1.40.0\config_win\org.eclipse.equinox.launcher\org.eclipse.equinox.launcher.win32.win32.x86_64_1.2.1200.v20250212-0927;C:\Users\Admin\AppData\Local\Temp\jna-63116079

VM Arguments:
jvm_args: --add-modules=ALL-SYSTEM --add-opens=java.base/java.util=ALL-UNNAMED --add-opens=java.base/java.lang=ALL-UNNAMED --add-opens=java.base/sun.nio.fs=ALL-UNNAMED -Declipse.application=org.eclipse.jdt.ls.core.id1 -Dosgi.bundles.defaultStartLevel=4 -Declipse.product=org.eclipse.jdt.ls.core.product -Djava.import.generatesMetadataFilesAtProjectRoot=false -DDetectVMInstallationsJob.disabled=true -Dfile.encoding=utf8 -XX:+UseParallelGC -XX:GCTimeRatio=4 -XX:AdaptiveSizePolicyWeight=90 -Dsun.zip.disableMemoryMapping=true -Xmx1G -Xms100m -Xlog:disable -javaagent:c:\Users\Admin\.vscode\extensions\redhat.java-1.40.0-win32-x64\lombok\lombok-1.18.36.jar -XX:+HeapDumpOnOutOfMemoryError -XX:HeapDumpPath=c:\Users\Admin\AppData\Roaming\Code\User\workspaceStorage\a966c509f19e0aa3f203f1213fa67aae\redhat.java -Daether.dependencyCollector.impl=bf 
java_command: c:\Users\Admin\.vscode\extensions\redhat.java-1.40.0-win32-x64\server\plugins\org.eclipse.equinox.launcher_1.6.1000.v20250131-0606.jar -configuration c:\Users\Admin\AppData\Roaming\Code\User\globalStorage\redhat.java\1.40.0\config_win -data c:\Users\Admin\AppData\Roaming\Code\User\workspaceStorage\a966c509f19e0aa3f203f1213fa67aae\redhat.java\jdt_ws --pipe=\\.\pipe\lsp-8a9d91d049144ebafe7b73a7d71ea0c9-sock
java_class_path (initial): c:\Users\Admin\.vscode\extensions\redhat.java-1.40.0-win32-x64\server\plugins\org.eclipse.equinox.launcher_1.6.1000.v20250131-0606.jar
Launcher Type: SUN_STANDARD

[Global flags]
    uintx AdaptiveSizePolicyWeight                 = 90                                        {product} {command line}
     intx CICompilerCount                          = 12                                        {product} {ergonomic}
    uintx GCTimeRatio                              = 4                                         {product} {command line}
     bool HeapDumpOnOutOfMemoryError               = true                                   {manageable} {command line}
    ccstr HeapDumpPath                             = c:\Users\Admin\AppData\Roaming\Code\User\workspaceStorage\a966c509f19e0aa3f203f1213fa67aae\redhat.java         {manageable} {command line}
   size_t InitialHeapSize                          = 104857600                                 {product} {command line}
   size_t MaxHeapSize                              = 1073741824                                {product} {command line}
   size_t MaxNewSize                               = 357564416                                 {product} {ergonomic}
   size_t MinHeapDeltaBytes                        = 524288                                    {product} {ergonomic}
   size_t MinHeapSize                              = 104857600                                 {product} {command line}
   size_t NewSize                                  = 34603008                                  {product} {ergonomic}
    uintx NonNMethodCodeHeapSize                   = 7602480                                {pd product} {ergonomic}
    uintx NonProfiledCodeHeapSize                  = 122027880                              {pd product} {ergonomic}
   size_t OldSize                                  = 70254592                                  {product} {ergonomic}
    uintx ProfiledCodeHeapSize                     = 122027880                              {pd product} {ergonomic}
    uintx ReservedCodeCacheSize                    = 251658240                              {pd product} {ergonomic}
     bool SegmentedCodeCache                       = true                                      {product} {ergonomic}
   size_t SoftMaxHeapSize                          = 1073741824                             {manageable} {ergonomic}
     bool UseCompressedOops                        = true                           {product lp64_product} {ergonomic}
     bool UseLargePagesIndividualAllocation        = false                                  {pd product} {ergonomic}
     bool UseParallelGC                            = true                                      {product} {command line}

Logging:
Log output configuration:
 #0: stdout all=off uptime,level,tags foldmultilines=false
 #1: stderr all=off uptime,level,tags foldmultilines=false

Environment Variables:
PATH=C:\Python312\Scripts\;C:\Python312\;C:\Program Files\Common Files\Oracle\Java\javapath;C:\Windows\system32;C:\Windows;C:\Windows\System32\Wbem;C:\Windows\System32\WindowsPowerShell\v1.0\;C:\Windows\System32\OpenSSH\;C:\Program Files (x86)\NVIDIA Corporation\PhysX\Common;C:\WINDOWS\system32;C:\WINDOWS;C:\WINDOWS\System32\Wbem;C:\WINDOWS\System32\WindowsPowerShell\v1.0\;C:\WINDOWS\System32\OpenSSH\;C:\Program Files (x86)\Microsoft SQL Server\150\Tools\Binn\;C:\Program Files\Microsoft SQL Server\150\Tools\Binn\;C:\Program Files (x86)\Microsoft SQL Server\150\DTS\Binn\;C:\Program Files\Microsoft SQL Server\150\DTS\Binn\;C:\Program Files\Microsoft SQL Server\Client SDK\ODBC\170\Tools\Binn\;C:\Program Files\Azure Data Studio\bin;C:\Program Files\apache-maven-3.9.4-bin\apache-maven-3.9.4\bin;C:\ProgramData\chocolatey\bin;C:\WINDOWS\system32;C:\WINDOWS;C:\WINDOWS\System32\Wbem;C:\WINDOWS\System32\WindowsPowerShell\v1.0\;C:\WINDOWS\System32\OpenSSH\;D:\Free_time_game\Git\Git\cmd;C:\Program Files\dotnet\;C:\Program Files\nodejs\;C:\Program Files\Git\cmd;C:\Program Files\NVIDIA Corporation\NVIDIA app\NvDLISR;C:\Program Files\Docker\Docker\resources\bin;C:\Users\Admin\AppData\Local\Programs\Python\Python311\Scripts\;C:\Users\Admin\AppData\Local\Programs\Python\Python311\;C:\Users\Admin\AppData\Local\Microsoft\WindowsApps;D:\PythonCode\PyCharm Community Edition 2022.2.3\bin;;C:\Program Files\Azure Data Studio\bin;C:\Program Files\JetBrains\IntelliJ IDEA 2023.2\bin;C:\Program Files\nodejs;C:\Users\YourUsername\AppData\Roaming\npm;;D:\Free_time_game\Microsoft VS Code\bin;C:\Users\Admin\AppData\Roaming\npm;C:\Users\Admin\AppData\Local\Programs\Microsoft VS Code\bin;C:\Flutter\Src\flutter\bin
USERNAME=Admin
OS=Windows_NT
PROCESSOR_IDENTIFIER=Intel64 Family 6 Model 154 Stepping 3, GenuineIntel
TMP=C:\Users\Admin\AppData\Local\Temp
TEMP=C:\Users\Admin\AppData\Local\Temp




Periodic native trim disabled

---------------  S Y S T E M  ---------------

OS:
 Windows 11 , 64 bit Build 26100 (10.0.26100.3037)
OS uptime: 0 days 2:23 hours
Hyper-V role detected

CPU: total 16 (initial active 16) (8 cores per cpu, 2 threads per core) family 6 model 154 stepping 3 microcode 0x432, cx8, cmov, fxsr, ht, mmx, 3dnowpref, sse, sse2, sse3, ssse3, sse4.1, sse4.2, popcnt, lzcnt, tsc, tscinvbit, avx, avx2, aes, erms, clmul, bmi1, bmi2, adx, sha, fma, vzeroupper, clflush, clflushopt, clwb, hv, serialize, rdtscp, rdpid, fsrm, f16c, cet_ibt, cet_ss
Processor Information for processor 0
  Max Mhz: 2500, Current Mhz: 2500, Mhz Limit: 2500
Processor Information for processor 1
  Max Mhz: 2500, Current Mhz: 2500, Mhz Limit: 2500
Processor Information for processor 2
  Max Mhz: 2500, Current Mhz: 2500, Mhz Limit: 2500
Processor Information for processor 3
  Max Mhz: 2500, Current Mhz: 2500, Mhz Limit: 2500
Processor Information for processor 4
  Max Mhz: 2500, Current Mhz: 2500, Mhz Limit: 2500
Processor Information for processor 5
  Max Mhz: 2500, Current Mhz: 2500, Mhz Limit: 2500
Processor Information for processor 6
  Max Mhz: 2500, Current Mhz: 2500, Mhz Limit: 2500
Processor Information for processor 7
  Max Mhz: 2500, Current Mhz: 2500, Mhz Limit: 2500
Processor Information for processor 8
  Max Mhz: 2500, Current Mhz: 1800, Mhz Limit: 1800
Processor Information for processor 9
  Max Mhz: 2500, Current Mhz: 1800, Mhz Limit: 1800
Processor Information for processor 10
  Max Mhz: 2500, Current Mhz: 1800, Mhz Limit: 1800
Processor Information for processor 11
  Max Mhz: 2500, Current Mhz: 1800, Mhz Limit: 1800
Processor Information for processor 12
  Max Mhz: 2500, Current Mhz: 1800, Mhz Limit: 1800
Processor Information for processor 13
  Max Mhz: 2500, Current Mhz: 1800, Mhz Limit: 1800
Processor Information for processor 14
  Max Mhz: 2500, Current Mhz: 1800, Mhz Limit: 1800
Processor Information for processor 15
  Max Mhz: 2500, Current Mhz: 1800, Mhz Limit: 1800

Memory: 4k page, system-wide physical 16176M (4776M free)
TotalPageFile size 18224M (AvailPageFile size 1M)
current process WorkingSet (physical memory assigned to process): 146M, peak: 146M
current process commit charge ("private bytes"): 268M, peak: 269M

vm_info: OpenJDK 64-Bit Server VM (21.0.6+7-LTS) for windows-amd64 JRE (21.0.6+7-LTS), built on 2025-01-21T00:00:00Z by "admin" with MS VC++ 17.7 (VS2022)

END.
