#
# There is insufficient memory for the Java Runtime Environment to continue.
# Native memory allocation (malloc) failed to allocate 1599680 bytes. Error detail: Chunk::new
# Possible reasons:
#   The system is out of physical RAM or swap space
#   This process is running with CompressedOops enabled, and the Java Heap may be blocking the growth of the native heap
# Possible solutions:
#   Reduce memory load on the system
#   Increase physical memory or swap space
#   Check if swap backing store is full
#   Decrease Java heap size (-Xmx/-Xms)
#   Decrease number of Java threads
#   Decrease Java thread stack sizes (-Xss)
#   Set larger code cache with -XX:ReservedCodeCacheSize=
#   JVM is running with Unscaled Compressed Oops mode in which the Java heap is
#     placed in the first 4GB address space. The Java Heap base address is the
#     maximum limit for the native heap growth. Please use -XX:HeapBaseMinAddress
#     to set the Java Heap base and to place the Java Heap above 4GB virtual address.
# This output file may be truncated or incomplete.
#
#  Out of Memory Error (arena.cpp:168), pid=19488, tid=9676
#
# JRE version: OpenJDK Runtime Environment Temurin-21.0.6+7 (21.0.6+7) (build 21.0.6+7-LTS)
# Java VM: OpenJDK 64-Bit Server VM Temurin-21.0.6+7 (21.0.6+7-LTS, mixed mode, sharing, tiered, compressed oops, compressed class ptrs, parallel gc, windows-amd64)
# No core dump will be written. Minidumps are not enabled by default on client versions of Windows
#

---------------  S U M M A R Y ------------

Command Line: --add-modules=ALL-SYSTEM --add-opens=java.base/java.util=ALL-UNNAMED --add-opens=java.base/java.lang=ALL-UNNAMED --add-opens=java.base/sun.nio.fs=ALL-UNNAMED -Declipse.application=org.eclipse.jdt.ls.core.id1 -Dosgi.bundles.defaultStartLevel=4 -Declipse.product=org.eclipse.jdt.ls.core.product -Djava.import.generatesMetadataFilesAtProjectRoot=false -DDetectVMInstallationsJob.disabled=true -Dfile.encoding=utf8 -XX:+UseParallelGC -XX:GCTimeRatio=4 -XX:AdaptiveSizePolicyWeight=90 -Dsun.zip.disableMemoryMapping=true -Xmx1G -Xms100m -Xlog:disable -javaagent:c:\Users\Admin\.vscode\extensions\redhat.java-1.40.0-win32-x64\lombok\lombok-1.18.36.jar -XX:+HeapDumpOnOutOfMemoryError -XX:HeapDumpPath=c:\Users\Admin\AppData\Roaming\Code\User\workspaceStorage\a966c509f19e0aa3f203f1213fa67aae\redhat.java -Daether.dependencyCollector.impl=bf c:\Users\Admin\.vscode\extensions\redhat.java-1.40.0-win32-x64\server\plugins\org.eclipse.equinox.launcher_1.6.1000.v20250131-0606.jar -configuration c:\Users\Admin\AppData\Roaming\Code\User\globalStorage\redhat.java\1.40.0\config_win -data c:\Users\Admin\AppData\Roaming\Code\User\workspaceStorage\a966c509f19e0aa3f203f1213fa67aae\redhat.java\jdt_ws --pipe=\\.\pipe\lsp-39edb9165821e8a32e06c25b62abce61-sock

Host: 12th Gen Intel(R) Core(TM) i5-12500H, 16 cores, 15G,  Windows 11 , 64 bit Build 26100 (10.0.26100.3037)
Time: Thu Feb 27 21:42:26 2025 SE Asia Standard Time elapsed time: 25.456314 seconds (0d 0h 0m 25s)

---------------  T H R E A D  ---------------

Current thread (0x000001fd444b91a0):  JavaThread "C2 CompilerThread0" daemon [_thread_in_native, id=9676, stack(0x0000007e84900000,0x0000007e84a00000) (1024K)]


Current CompileTask:
C2:25456 12920       4       java.lang.invoke.MethodType::makeImpl (109 bytes)

Stack: [0x0000007e84900000,0x0000007e84a00000]
Native frames: (J=compiled Java code, j=interpreted, Vv=VM code, C=native code)
V  [jvm.dll+0x6cdee9]
V  [jvm.dll+0x8a83d1]
V  [jvm.dll+0x8aa8fe]
V  [jvm.dll+0x8aafe3]
V  [jvm.dll+0x27f706]
V  [jvm.dll+0xc500d]
V  [jvm.dll+0xc5543]
V  [jvm.dll+0x3b678c]
V  [jvm.dll+0x382935]
V  [jvm.dll+0x381d9a]
V  [jvm.dll+0x2479f0]
V  [jvm.dll+0x246fcf]
V  [jvm.dll+0x1c75ee]
V  [jvm.dll+0x25685a]
V  [jvm.dll+0x254dfa]
V  [jvm.dll+0x3f0256]
V  [jvm.dll+0x851f8b]
V  [jvm.dll+0x6cc5ed]
C  [ucrtbase.dll+0x37b0]
C  [KERNEL32.DLL+0x2e8d7]
C  [ntdll.dll+0xbbf2c]


---------------  P R O C E S S  ---------------

Threads class SMR info:
_java_thread_list=0x000001fd664bd300, length=89, elements={
0x000001fd44403890, 0x000001fd444a7000, 0x000001fd58ff9a50, 0x000001fd58ffe960,
0x000001fd444aa890, 0x000001fd444ae0a0, 0x000001fd5a514f70, 0x000001fd444b91a0,
0x000001fd444bd6f0, 0x000001fd5a5e6520, 0x000001fd5a862790, 0x000001fd60816820,
0x000001fd60814de0, 0x000001fd60815b00, 0x000001fd60815470, 0x000001fd60817540,
0x000001fd60816eb0, 0x000001fd60818260, 0x000001fd613757e0, 0x000001fd613785d0,
0x000001fd61376b90, 0x000001fd61375150, 0x000001fd61376500, 0x000001fd61377220,
0x000001fd613778b0, 0x000001fd61377f40, 0x000001fd611c74c0, 0x000001fd611c5a80,
0x000001fd611c7b50, 0x000001fd611c6e30, 0x000001fd611c4d60, 0x000001fd611c67a0,
0x000001fd611c81e0, 0x000001fd611c53f0, 0x000001fd611c6110, 0x000001fd634e22f0,
0x000001fd634e5e00, 0x000001fd634e43c0, 0x000001fd634e3010, 0x000001fd634e36a0,
0x000001fd634e2980, 0x000001fd634e4a50, 0x000001fd634e50e0, 0x000001fd634e5770,
0x000001fd634e3d30, 0x000001fd65c9ec80, 0x000001fd65c9c3a0, 0x000001fd65c9ca70,
0x000001fd65c9d140, 0x000001fd65c9d810, 0x000001fd65c9dee0, 0x000001fd65c9f350,
0x000001fd6132f650, 0x000001fd6132fd20, 0x000001fd613303f0, 0x000001fd66d19650,
0x000001fd66d17c10, 0x000001fd66d1b090, 0x000001fd66d1b720, 0x000001fd66d182a0,
0x000001fd66d1bdb0, 0x000001fd66d1c440, 0x000001fd66d18fc0, 0x000001fd66d1cad0,
0x000001fd66d1d160, 0x000001fd66d19ce0, 0x000001fd66d1d7f0, 0x000001fd66d1de80,
0x000001fd66d1e510, 0x000001fd66d1eba0, 0x000001fd634e71b0, 0x000001fd634e7840,
0x000001fd634e7ed0, 0x000001fd634e8560, 0x000001fd634e9280, 0x000001fd634e8bf0,
0x000001fd60817bd0, 0x000001fd67b64a40, 0x000001fd67b67ec0, 0x000001fd67b68550,
0x000001fd67b650d0, 0x000001fd67b66480, 0x000001fd67b68be0, 0x000001fd67b65760,
0x000001fd67b69270, 0x000001fd67b66b10, 0x000001fd67b67830, 0x000001fd67b65df0,
0x000001fd67b69f90
}

Java Threads: ( => current thread )
  0x000001fd44403890 JavaThread "main"                              [_thread_blocked, id=6256, stack(0x0000007e83f00000,0x0000007e84000000) (1024K)]
  0x000001fd444a7000 JavaThread "Reference Handler"          daemon [_thread_blocked, id=15672, stack(0x0000007e84300000,0x0000007e84400000) (1024K)]
  0x000001fd58ff9a50 JavaThread "Finalizer"                  daemon [_thread_blocked, id=6552, stack(0x0000007e84400000,0x0000007e84500000) (1024K)]
  0x000001fd58ffe960 JavaThread "Signal Dispatcher"          daemon [_thread_blocked, id=6240, stack(0x0000007e84500000,0x0000007e84600000) (1024K)]
  0x000001fd444aa890 JavaThread "Attach Listener"            daemon [_thread_blocked, id=26240, stack(0x0000007e84600000,0x0000007e84700000) (1024K)]
  0x000001fd444ae0a0 JavaThread "Service Thread"             daemon [_thread_blocked, id=13352, stack(0x0000007e84700000,0x0000007e84800000) (1024K)]
  0x000001fd5a514f70 JavaThread "Monitor Deflation Thread"   daemon [_thread_blocked, id=1092, stack(0x0000007e84800000,0x0000007e84900000) (1024K)]
=>0x000001fd444b91a0 JavaThread "C2 CompilerThread0"         daemon [_thread_in_native, id=9676, stack(0x0000007e84900000,0x0000007e84a00000) (1024K)]
  0x000001fd444bd6f0 JavaThread "C1 CompilerThread0"         daemon [_thread_blocked, id=25776, stack(0x0000007e84a00000,0x0000007e84b00000) (1024K)]
  0x000001fd5a5e6520 JavaThread "Common-Cleaner"             daemon [_thread_blocked, id=20320, stack(0x0000007e84b00000,0x0000007e84c00000) (1024K)]
  0x000001fd5a862790 JavaThread "Notification Thread"        daemon [_thread_blocked, id=6064, stack(0x0000007e84f00000,0x0000007e85000000) (1024K)]
  0x000001fd60816820 JavaThread "Active Thread: Equinox Container: c68a622a-e541-4b56-99b1-63a83be904a0"        [_thread_blocked, id=24848, stack(0x0000007e85900000,0x0000007e85a00000) (1024K)]
  0x000001fd60814de0 JavaThread "Refresh Thread: Equinox Container: c68a622a-e541-4b56-99b1-63a83be904a0" daemon [_thread_blocked, id=21524, stack(0x0000007e85c00000,0x0000007e85d00000) (1024K)]
  0x000001fd60815b00 JavaThread "Framework Event Dispatcher: Equinox Container: c68a622a-e541-4b56-99b1-63a83be904a0" daemon [_thread_blocked, id=10764, stack(0x0000007e85d00000,0x0000007e85e00000) (1024K)]
  0x000001fd60815470 JavaThread "Start Level: Equinox Container: c68a622a-e541-4b56-99b1-63a83be904a0" daemon [_thread_blocked, id=17092, stack(0x0000007e85e00000,0x0000007e85f00000) (1024K)]
  0x000001fd60817540 JavaThread "Bundle File Closer"         daemon [_thread_blocked, id=2784, stack(0x0000007e85f00000,0x0000007e86000000) (1024K)]
  0x000001fd60816eb0 JavaThread "SCR Component Actor"        daemon [_thread_blocked, id=18380, stack(0x0000007e86200000,0x0000007e86300000) (1024K)]
  0x000001fd60818260 JavaThread "Worker-JM"                         [_thread_blocked, id=25832, stack(0x0000007e86700000,0x0000007e86800000) (1024K)]
  0x000001fd613757e0 JavaThread "Worker-0: Building"                [_thread_blocked, id=25660, stack(0x0000007e86800000,0x0000007e86900000) (1024K)]
  0x000001fd613785d0 JavaThread "Worker-1"                          [_thread_blocked, id=7596, stack(0x0000007e86900000,0x0000007e86a00000) (1024K)]
  0x000001fd61376b90 JavaThread "Java indexing"              daemon [_thread_blocked, id=23100, stack(0x0000007e86a00000,0x0000007e86b00000) (1024K)]
  0x000001fd61375150 JavaThread "JNA Cleaner"                daemon [_thread_blocked, id=24472, stack(0x0000007e86b00000,0x0000007e86c00000) (1024K)]
  0x000001fd61376500 JavaThread "Worker-2: Publish Diagnostics"        [_thread_blocked, id=21376, stack(0x0000007e86e00000,0x0000007e86f00000) (1024K)]
  0x000001fd61377220 JavaThread "Worker-3: Java indexing... "        [_thread_blocked, id=22940, stack(0x0000007e86f00000,0x0000007e87000000) (1024K)]
  0x000001fd613778b0 JavaThread "Thread-2"                   daemon [_thread_in_native, id=7528, stack(0x0000007e87000000,0x0000007e87100000) (1024K)]
  0x000001fd61377f40 JavaThread "Thread-3"                   daemon [_thread_in_native, id=10228, stack(0x0000007e87100000,0x0000007e87200000) (1024K)]
  0x000001fd611c74c0 JavaThread "Thread-4"                   daemon [_thread_in_native, id=24500, stack(0x0000007e87200000,0x0000007e87300000) (1024K)]
  0x000001fd611c5a80 JavaThread "Thread-5"                   daemon [_thread_in_native, id=4132, stack(0x0000007e87300000,0x0000007e87400000) (1024K)]
  0x000001fd611c7b50 JavaThread "Thread-6"                   daemon [_thread_in_native, id=23832, stack(0x0000007e87400000,0x0000007e87500000) (1024K)]
  0x000001fd611c6e30 JavaThread "Thread-7"                   daemon [_thread_in_native, id=1564, stack(0x0000007e87500000,0x0000007e87600000) (1024K)]
  0x000001fd611c4d60 JavaThread "Thread-8"                   daemon [_thread_in_native, id=24628, stack(0x0000007e87600000,0x0000007e87700000) (1024K)]
  0x000001fd611c67a0 JavaThread "Thread-9"                   daemon [_thread_in_native, id=6484, stack(0x0000007e87700000,0x0000007e87800000) (1024K)]
  0x000001fd611c81e0 JavaThread "Thread-10"                  daemon [_thread_in_native, id=25140, stack(0x0000007e87800000,0x0000007e87900000) (1024K)]
  0x000001fd611c53f0 JavaThread "Thread-11"                  daemon [_thread_in_native, id=6536, stack(0x0000007e87900000,0x0000007e87a00000) (1024K)]
  0x000001fd611c6110 JavaThread "Thread-12"                  daemon [_thread_in_native, id=12000, stack(0x0000007e87a00000,0x0000007e87b00000) (1024K)]
  0x000001fd634e22f0 JavaThread "Thread-13"                  daemon [_thread_in_native, id=21276, stack(0x0000007e87b00000,0x0000007e87c00000) (1024K)]
  0x000001fd634e5e00 JavaThread "Thread-14"                  daemon [_thread_in_native, id=12228, stack(0x0000007e87c00000,0x0000007e87d00000) (1024K)]
  0x000001fd634e43c0 JavaThread "Thread-15"                  daemon [_thread_in_native, id=7332, stack(0x0000007e87d00000,0x0000007e87e00000) (1024K)]
  0x000001fd634e3010 JavaThread "Thread-16"                  daemon [_thread_in_native, id=22676, stack(0x0000007e87e00000,0x0000007e87f00000) (1024K)]
  0x000001fd634e36a0 JavaThread "Thread-17"                  daemon [_thread_in_native, id=4592, stack(0x0000007e87f00000,0x0000007e88000000) (1024K)]
  0x000001fd634e2980 JavaThread "Thread-18"                  daemon [_thread_in_native, id=19652, stack(0x0000007e88000000,0x0000007e88100000) (1024K)]
  0x000001fd634e4a50 JavaThread "pool-2-thread-1"                   [_thread_blocked, id=20436, stack(0x0000007e88100000,0x0000007e88200000) (1024K)]
  0x000001fd634e50e0 JavaThread "WorkspaceEventsHandler"            [_thread_blocked, id=11212, stack(0x0000007e88300000,0x0000007e88400000) (1024K)]
  0x000001fd634e5770 JavaThread "pool-1-thread-1"                   [_thread_blocked, id=9800, stack(0x0000007e88400000,0x0000007e88500000) (1024K)]
  0x000001fd634e3d30 JavaThread "Worker-4"                          [_thread_blocked, id=8744, stack(0x0000007e88500000,0x0000007e88600000) (1024K)]
  0x000001fd65c9ec80 JavaThread "C1 CompilerThread1"         daemon [_thread_blocked, id=25380, stack(0x0000007e84c00000,0x0000007e84d00000) (1024K)]
  0x000001fd65c9c3a0 JavaThread "C2 CompilerThread1"         daemon [_thread_in_native, id=23260, stack(0x0000007e84d00000,0x0000007e84e00000) (1024K)]
  0x000001fd65c9ca70 JavaThread "C1 CompilerThread2"         daemon [_thread_blocked, id=5900, stack(0x0000007e84e00000,0x0000007e84f00000) (1024K)]
  0x000001fd65c9d140 JavaThread "C1 CompilerThread3"         daemon [_thread_blocked, id=21304, stack(0x0000007e85000000,0x0000007e85100000) (1024K)]
  0x000001fd65c9d810 JavaThread "C2 CompilerThread2"         daemon [_thread_in_native, id=4564, stack(0x0000007e85100000,0x0000007e85200000) (1024K)]
  0x000001fd65c9dee0 JavaThread "C2 CompilerThread3"         daemon [_thread_blocked, id=26564, stack(0x0000007e85200000,0x0000007e85300000) (1024K)]
  0x000001fd65c9f350 JavaThread "C2 CompilerThread4"         daemon [_thread_blocked, id=5764, stack(0x0000007e85800000,0x0000007e85900000) (1024K)]
  0x000001fd6132f650 JavaThread "C2 CompilerThread5"         daemon [_thread_blocked, id=21500, stack(0x0000007e86300000,0x0000007e86400000) (1024K)]
  0x000001fd6132fd20 JavaThread "C2 CompilerThread6"         daemon [_thread_blocked, id=7200, stack(0x0000007e88200000,0x0000007e88300000) (1024K)]
  0x000001fd613303f0 JavaThread "C2 CompilerThread7"         daemon [_thread_blocked, id=24924, stack(0x0000007e88600000,0x0000007e88700000) (1024K)]
  0x000001fd66d19650 JavaThread "Worker-5"                          [_thread_blocked, id=8836, stack(0x0000007e88700000,0x0000007e88800000) (1024K)]
  0x000001fd66d17c10 JavaThread "Worker-6: Initialize workspace"        [_thread_blocked, id=5768, stack(0x0000007e88800000,0x0000007e88900000) (1024K)]
  0x000001fd66d1b090 JavaThread "ForkJoinPool.commonPool-worker-1" daemon [_thread_blocked, id=21984, stack(0x0000007e88900000,0x0000007e88a00000) (1024K)]
  0x000001fd66d1b720 JavaThread "LocalFile Deleter"          daemon [_thread_blocked, id=13856, stack(0x0000007e88a00000,0x0000007e88b00000) (1024K)]
  0x000001fd66d182a0 JavaThread "LocalFile Deleter"          daemon [_thread_blocked, id=24252, stack(0x0000007e88b00000,0x0000007e88c00000) (1024K)]
  0x000001fd66d1bdb0 JavaThread "LocalFile Deleter"          daemon [_thread_blocked, id=20900, stack(0x0000007e88c00000,0x0000007e88d00000) (1024K)]
  0x000001fd66d1c440 JavaThread "LocalFile Deleter"          daemon [_thread_blocked, id=26064, stack(0x0000007e88d00000,0x0000007e88e00000) (1024K)]
  0x000001fd66d18fc0 JavaThread "LocalFile Deleter"          daemon [_thread_blocked, id=22032, stack(0x0000007e88e00000,0x0000007e88f00000) (1024K)]
  0x000001fd66d1cad0 JavaThread "LocalFile Deleter"          daemon [_thread_blocked, id=19516, stack(0x0000007e88f00000,0x0000007e89000000) (1024K)]
  0x000001fd66d1d160 JavaThread "LocalFile Deleter"          daemon [_thread_blocked, id=7164, stack(0x0000007e89000000,0x0000007e89100000) (1024K)]
  0x000001fd66d19ce0 JavaThread "LocalFile Deleter"          daemon [_thread_blocked, id=21932, stack(0x0000007e89100000,0x0000007e89200000) (1024K)]
  0x000001fd66d1d7f0 JavaThread "LocalFile Deleter"          daemon [_thread_blocked, id=7720, stack(0x0000007e89200000,0x0000007e89300000) (1024K)]
  0x000001fd66d1de80 JavaThread "LocalFile Deleter"          daemon [_thread_blocked, id=8436, stack(0x0000007e89300000,0x0000007e89400000) (1024K)]
  0x000001fd66d1e510 JavaThread "LocalFile Deleter"          daemon [_thread_blocked, id=20380, stack(0x0000007e89400000,0x0000007e89500000) (1024K)]
  0x000001fd66d1eba0 JavaThread "LocalFile Deleter"          daemon [_thread_blocked, id=25680, stack(0x0000007e89500000,0x0000007e89600000) (1024K)]
  0x000001fd634e71b0 JavaThread "LocalFile Deleter"          daemon [_thread_blocked, id=22080, stack(0x0000007e89600000,0x0000007e89700000) (1024K)]
  0x000001fd634e7840 JavaThread "LocalFile Deleter"          daemon [_thread_blocked, id=25984, stack(0x0000007e89700000,0x0000007e89800000) (1024K)]
  0x000001fd634e7ed0 JavaThread "LocalFile Deleter"          daemon [_thread_blocked, id=16096, stack(0x0000007e89800000,0x0000007e89900000) (1024K)]
  0x000001fd634e8560 JavaThread "LocalFile Deleter"          daemon [_thread_blocked, id=26168, stack(0x0000007e89900000,0x0000007e89a00000) (1024K)]
  0x000001fd634e9280 JavaThread "Compiler Source File Reader" daemon [_thread_blocked, id=7880, stack(0x0000007e89a00000,0x0000007e89b00000) (1024K)]
  0x000001fd634e8bf0 JavaThread "Compiler Source File Reader" daemon [_thread_blocked, id=23816, stack(0x0000007e89b00000,0x0000007e89c00000) (1024K)]
  0x000001fd60817bd0 JavaThread "Compiler Source File Reader" daemon [_thread_blocked, id=22016, stack(0x0000007e89c00000,0x0000007e89d00000) (1024K)]
  0x000001fd67b64a40 JavaThread "Compiler Source File Reader" daemon [_thread_blocked, id=24320, stack(0x0000007e89d00000,0x0000007e89e00000) (1024K)]
  0x000001fd67b67ec0 JavaThread "Compiler Source File Reader" daemon [_thread_blocked, id=17784, stack(0x0000007e89e00000,0x0000007e89f00000) (1024K)]
  0x000001fd67b68550 JavaThread "Compiler Source File Reader" daemon [_thread_blocked, id=19324, stack(0x0000007e89f00000,0x0000007e8a000000) (1024K)]
  0x000001fd67b650d0 JavaThread "Compiler Source File Reader" daemon [_thread_blocked, id=2888, stack(0x0000007e8a000000,0x0000007e8a100000) (1024K)]
  0x000001fd67b66480 JavaThread "Compiler Source File Reader" daemon [_thread_blocked, id=992, stack(0x0000007e8a100000,0x0000007e8a200000) (1024K)]
  0x000001fd67b68be0 JavaThread "Compiler Source File Reader" daemon [_thread_blocked, id=12676, stack(0x0000007e8a200000,0x0000007e8a300000) (1024K)]
  0x000001fd67b65760 JavaThread "Compiler Source File Reader" daemon [_thread_blocked, id=23924, stack(0x0000007e8a300000,0x0000007e8a400000) (1024K)]
  0x000001fd67b69270 JavaThread "Compiler Source File Reader" daemon [_thread_blocked, id=22228, stack(0x0000007e8a400000,0x0000007e8a500000) (1024K)]
  0x000001fd67b66b10 JavaThread "Compiler Source File Reader" daemon [_thread_blocked, id=24704, stack(0x0000007e8a500000,0x0000007e8a600000) (1024K)]
  0x000001fd67b67830 JavaThread "Compiler Source File Reader" daemon [_thread_blocked, id=23508, stack(0x0000007e8a600000,0x0000007e8a700000) (1024K)]
  0x000001fd67b65df0 JavaThread "Compiler Source File Reader" daemon [_thread_blocked, id=11232, stack(0x0000007e8a700000,0x0000007e8a800000) (1024K)]
  0x000001fd67b69f90 JavaThread "Worker-7"                          [_thread_blocked, id=21776, stack(0x0000007e8a800000,0x0000007e8a900000) (1024K)]
Total: 89

Other Threads:
  0x000001fd4449eb30 VMThread "VM Thread"                           [id=9892, stack(0x0000007e84200000,0x0000007e84300000) (1024K)] _threads_hazard_ptr=0x000001fd664bd300
  0x000001fd58edca00 WatcherThread "VM Periodic Task Thread"        [id=21760, stack(0x0000007e84100000,0x0000007e84200000) (1024K)]
  0x000001fd44420d60 WorkerThread "GC Thread#0"                     [id=21384, stack(0x0000007e84000000,0x0000007e84100000) (1024K)]
  0x000001fd60560b60 WorkerThread "GC Thread#1"                     [id=17672, stack(0x0000007e85300000,0x0000007e85400000) (1024K)]
  0x000001fd60560f00 WorkerThread "GC Thread#2"                     [id=25248, stack(0x0000007e85400000,0x0000007e85500000) (1024K)]
  0x000001fd607eabe0 WorkerThread "GC Thread#3"                     [id=19864, stack(0x0000007e85500000,0x0000007e85600000) (1024K)]
  0x000001fd607e87e0 WorkerThread "GC Thread#4"                     [id=9848, stack(0x0000007e85600000,0x0000007e85700000) (1024K)]
  0x000001fd607e80a0 WorkerThread "GC Thread#5"                     [id=9768, stack(0x0000007e85700000,0x0000007e85800000) (1024K)]
  0x000001fd607e8b80 WorkerThread "GC Thread#6"                     [id=6644, stack(0x0000007e85a00000,0x0000007e85b00000) (1024K)]
  0x000001fd607e8f20 WorkerThread "GC Thread#7"                     [id=25200, stack(0x0000007e85b00000,0x0000007e85c00000) (1024K)]
  0x000001fd607e92c0 WorkerThread "GC Thread#8"                     [id=13912, stack(0x0000007e86000000,0x0000007e86100000) (1024K)]
  0x000001fd607e8440 WorkerThread "GC Thread#9"                     [id=26248, stack(0x0000007e86100000,0x0000007e86200000) (1024K)]
  0x000001fd6116f690 WorkerThread "GC Thread#10"                    [id=6948, stack(0x0000007e86400000,0x0000007e86500000) (1024K)]
  0x000001fd6116fa30 WorkerThread "GC Thread#11"                    [id=16136, stack(0x0000007e86500000,0x0000007e86600000) (1024K)]
  0x000001fd6116ceb0 WorkerThread "GC Thread#12"                    [id=19340, stack(0x0000007e86600000,0x0000007e86700000) (1024K)]
Total: 15

Threads with active compile tasks:
C2 CompilerThread0  26477 12920       4       java.lang.invoke.MethodType::makeImpl (109 bytes)
C1 CompilerThread0  26477 13138       3       jdk.internal.misc.Unsafe::setMemoryChecks (13 bytes)
C1 CompilerThread1  26477 13142   !   3       java.util.zip.ZipFile::entries (34 bytes)
C2 CompilerThread1  26477 12881       4       org.eclipse.jdt.internal.core.JarPackageFragmentRoot::initRawPackageInfo (292 bytes)
C1 CompilerThread2  26477 13141       3       org.eclipse.jdt.internal.core.OverflowingLRUCache::put (117 bytes)
C1 CompilerThread3  26477 13140       3       java.util.zip.ZipFile$ZipEntryIterator::<init> (20 bytes)
C2 CompilerThread2  26477 13072 % !   4       org.eclipse.jdt.internal.compiler.parser.Scanner::jumpOverMethodBody @ 12 (2553 bytes)
C2 CompilerThread3  26477 12890   !   4       org.eclipse.jdt.internal.core.util.DeduplicationUtil::intern (149 bytes)
C2 CompilerThread4  26477 13125       4       org.eclipse.jdt.internal.compiler.util.Util::isClassFileName (82 bytes)
C2 CompilerThread5  26477 13130       4       org.eclipse.jdt.internal.core.util.WeakHashSet::add (105 bytes)
C2 CompilerThread6  26477 13071       4       org.eclipse.jdt.internal.compiler.parser.Parser::consumeRule (7755 bytes)
C2 CompilerThread7  26477 12903       4       org.eclipse.core.runtime.Path::<init> (161 bytes)
Total: 12

VM state: synchronizing (normal execution)

VM Mutex/Monitor currently owned by a thread:  ([mutex/lock_event])
[0x00007ffc2446e380] Threads_lock - owner thread: 0x000001fd4449eb30
[0x00007ffc2446e480] Heap_lock - owner thread: 0x000001fd66d1b090

Heap address: 0x00000000c0000000, size: 1024 MB, Compressed Oops mode: 32-bit

CDS archive(s) mapped at: [0x000001fd00000000-0x000001fd00ba0000-0x000001fd00ba0000), size 12189696, SharedBaseAddress: 0x000001fd00000000, ArchiveRelocationMode: 1.
Compressed class space mapped at: 0x000001fd01000000-0x000001fd41000000, reserved size: 1073741824
Narrow klass base: 0x000001fd00000000, Narrow klass shift: 0, Narrow klass range: 0x100000000

GC Precious Log:
 CardTable entry size: 512
 CPUs: 16 total, 16 available
 Memory: 16176M
 Large Page Support: Disabled
 NUMA Support: Disabled
 Compressed Oops: Enabled (32-bit)
 Alignments: Space 512K, Generation 512K, Heap 2M
 Heap Min Capacity: 100M
 Heap Initial Capacity: 100M
 Heap Max Capacity: 1G
 Pre-touch: Disabled
 Parallel Workers: 13

Heap:
 PSYoungGen      total 10240K, used 10208K [0x00000000eab00000, 0x00000000eb680000, 0x0000000100000000)
  eden space 9728K, 100% used [0x00000000eab00000,0x00000000eb480000,0x00000000eb480000)
  from space 512K, 93% used [0x00000000eb580000,0x00000000eb5f8010,0x00000000eb600000)
  to   space 1024K, 0% used [0x00000000eb480000,0x00000000eb480000,0x00000000eb580000)
 ParOldGen       total 72704K, used 72592K [0x00000000c0000000, 0x00000000c4700000, 0x00000000eab00000)
  object space 72704K, 99% used [0x00000000c0000000,0x00000000c46e4238,0x00000000c4700000)
 Metaspace       used 65288K, committed 66752K, reserved 1114112K
  class space    used 6633K, committed 7296K, reserved 1048576K

Card table byte_map: [0x000001fd56890000,0x000001fd56aa0000] _byte_map_base: 0x000001fd56290000

Marking Bits: (ParMarkBitMap*) 0x00007ffc24473260
 Begin Bits: [0x000001fd56c00000, 0x000001fd57c00000)
 End Bits:   [0x000001fd57c00000, 0x000001fd58c00000)

Polling page: 0x000001fd42bc0000

Metaspace:

Usage:
  Non-class:     57.28 MB used.
      Class:      6.48 MB used.
       Both:     63.76 MB used.

Virtual space:
  Non-class space:       64.00 MB reserved,      58.06 MB ( 91%) committed,  1 nodes.
      Class space:        1.00 GB reserved,       7.12 MB ( <1%) committed,  1 nodes.
             Both:        1.06 GB reserved,      65.19 MB (  6%) committed. 

Chunk freelists:
   Non-Class:  5.84 MB
       Class:  8.79 MB
        Both:  14.64 MB

MaxMetaspaceSize: unlimited
CompressedClassSpaceSize: 1.00 GB
Initial GC threshold: 21.00 MB
Current GC threshold: 97.31 MB
CDS: on
 - commit_granule_bytes: 65536.
 - commit_granule_words: 8192.
 - virtual_space_node_default_size: 8388608.
 - enlarge_chunks_in_place: 1.
 - use_allocation_guard: 0.


Internal statistics:

num_allocs_failed_limit: 9.
num_arena_births: 1216.
num_arena_deaths: 24.
num_vsnodes_births: 2.
num_vsnodes_deaths: 0.
num_space_committed: 1043.
num_space_uncommitted: 0.
num_chunks_returned_to_freelist: 38.
num_chunks_taken_from_freelist: 4242.
num_chunk_merges: 17.
num_chunk_splits: 2635.
num_chunks_enlarged: 1578.
num_inconsistent_stats: 0.

CodeHeap 'non-profiled nmethods': size=119168Kb used=8932Kb max_used=8932Kb free=110235Kb
 bounds [0x000001fd4f250000, 0x000001fd4fb10000, 0x000001fd566b0000]
CodeHeap 'profiled nmethods': size=119104Kb used=29696Kb max_used=29696Kb free=89407Kb
 bounds [0x000001fd476b0000, 0x000001fd493c0000, 0x000001fd4eb00000]
CodeHeap 'non-nmethods': size=7488Kb used=3128Kb max_used=3199Kb free=4359Kb
 bounds [0x000001fd4eb00000, 0x000001fd4ee40000, 0x000001fd4f250000]
 total_blobs=13040 nmethods=12292 adapters=649
 compilation: enabled
              stopped_count=0, restarted_count=0
 full_count=0

Compilation events (20 events):
Event: 23.435 Thread 0x000001fd65c9f350 nmethod 12987 0x000001fd4fb04890 code [0x000001fd4fb04ba0, 0x000001fd4fb068f0]
Event: 23.436 Thread 0x000001fd65c9d140 13128       3       lombok.eclipse.handlers.EclipseHandlerUtil::setGeneratedBy (10 bytes)
Event: 23.436 Thread 0x000001fd65c9ec80 13129       3       lombok.core.configuration.FileSystemSourceCache::cacheClear (43 bytes)
Event: 23.436 Thread 0x000001fd65c9d140 nmethod 13128 0x000001fd493a4910 code [0x000001fd493a4ac0, 0x000001fd493a4c60]
Event: 23.437 Thread 0x000001fd65c9ec80 nmethod 13129 0x000001fd493a4d90 code [0x000001fd493a4f60, 0x000001fd493a5290]
Event: 23.437 Thread 0x000001fd65c9ca70 nmethod 13127 0x000001fd493a5390 code [0x000001fd493a5660, 0x000001fd493a62e0]
Event: 23.439 Thread 0x000001fd444bd6f0 nmethod 13126 0x000001fd493a6510 code [0x000001fd493a69e0, 0x000001fd493a9638]
Event: 23.441 Thread 0x000001fd65c9f350 13125       4       org.eclipse.jdt.internal.compiler.util.Util::isClassFileName (82 bytes)
Event: 23.444 Thread 0x000001fd65c9ca70 13131       3       org.eclipse.jdt.internal.core.JarEntryFile::<init> (6 bytes)
Event: 23.444 Thread 0x000001fd65c9ec80 13132       3       org.eclipse.jdt.internal.core.AbstractClassFile::getElementName (10 bytes)
Event: 23.445 Thread 0x000001fd65c9ca70 nmethod 13131 0x000001fd493aa710 code [0x000001fd493aa8c0, 0x000001fd493aab00]
Event: 23.445 Thread 0x000001fd6132f650 nmethod 13077 0x000001fd4fb07a90 code [0x000001fd4fb07ca0, 0x000001fd4fb084a8]
Event: 23.445 Thread 0x000001fd6132f650 13130       4       org.eclipse.jdt.internal.core.util.WeakHashSet::add (105 bytes)
Event: 23.446 Thread 0x000001fd65c9ec80 nmethod 13132 0x000001fd493aac10 code [0x000001fd493aaf00, 0x000001fd493abcc0]
Event: 23.446 Thread 0x000001fd65c9ec80 13133       1       org.eclipse.jdt.internal.core.OpenableElementInfo::setNonJavaResources (6 bytes)
Event: 23.446 Thread 0x000001fd65c9ec80 nmethod 13133 0x000001fd4fb08a10 code [0x000001fd4fb08ba0, 0x000001fd4fb08c80]
Event: 23.533 Thread 0x000001fd65c9ec80 13134       3       java.util.concurrent.CountDownLatch::await (9 bytes)
Event: 23.533 Thread 0x000001fd65c9d140 13135   !   3       jdk.internal.ref.Cleaner::clean (35 bytes)
Event: 23.533 Thread 0x000001fd444bd6f0 13136       3       java.nio.Bits::tryReserveMemory (52 bytes)
Event: 23.534 Thread 0x000001fd65c9ca70 13137       3       jdk.internal.misc.Unsafe::setMemory (29 bytes)

GC Heap History (20 events):
Event: 23.346 GC heap before
{Heap before GC invocations=75 (full 3):
 PSYoungGen      total 10752K, used 10272K [0x00000000eab00000, 0x00000000eb680000, 0x0000000100000000)
  eden space 9728K, 100% used [0x00000000eab00000,0x00000000eb480000,0x00000000eb480000)
  from space 1024K, 53% used [0x00000000eb500000,0x00000000eb588000,0x00000000eb600000)
  to   space 512K, 0% used [0x00000000eb600000,0x00000000eb600000,0x00000000eb680000)
 ParOldGen       total 70144K, used 69770K [0x00000000c0000000, 0x00000000c4480000, 0x00000000eab00000)
  object space 70144K, 99% used [0x00000000c0000000,0x00000000c4422848,0x00000000c4480000)
 Metaspace       used 65137K, committed 66624K, reserved 1114112K
  class space    used 6616K, committed 7296K, reserved 1048576K
}
Event: 23.348 GC heap after
{Heap after GC invocations=75 (full 3):
 PSYoungGen      total 10240K, used 512K [0x00000000eab00000, 0x00000000eb680000, 0x0000000100000000)
  eden space 9728K, 0% used [0x00000000eab00000,0x00000000eab00000,0x00000000eb480000)
  from space 512K, 100% used [0x00000000eb600000,0x00000000eb680000,0x00000000eb680000)
  to   space 1024K, 0% used [0x00000000eb480000,0x00000000eb480000,0x00000000eb580000)
 ParOldGen       total 70144K, used 69938K [0x00000000c0000000, 0x00000000c4480000, 0x00000000eab00000)
  object space 70144K, 99% used [0x00000000c0000000,0x00000000c444c848,0x00000000c4480000)
 Metaspace       used 65137K, committed 66624K, reserved 1114112K
  class space    used 6616K, committed 7296K, reserved 1048576K
}
Event: 23.366 GC heap before
{Heap before GC invocations=76 (full 3):
 PSYoungGen      total 10240K, used 10240K [0x00000000eab00000, 0x00000000eb680000, 0x0000000100000000)
  eden space 9728K, 100% used [0x00000000eab00000,0x00000000eb480000,0x00000000eb480000)
  from space 512K, 100% used [0x00000000eb600000,0x00000000eb680000,0x00000000eb680000)
  to   space 1024K, 0% used [0x00000000eb480000,0x00000000eb480000,0x00000000eb580000)
 ParOldGen       total 70144K, used 69938K [0x00000000c0000000, 0x00000000c4480000, 0x00000000eab00000)
  object space 70144K, 99% used [0x00000000c0000000,0x00000000c444c848,0x00000000c4480000)
 Metaspace       used 65153K, committed 66624K, reserved 1114112K
  class space    used 6617K, committed 7296K, reserved 1048576K
}
Event: 23.367 GC heap after
{Heap after GC invocations=76 (full 3):
 PSYoungGen      total 10752K, used 576K [0x00000000eab00000, 0x00000000eb680000, 0x0000000100000000)
  eden space 9728K, 0% used [0x00000000eab00000,0x00000000eab00000,0x00000000eb480000)
  from space 1024K, 56% used [0x00000000eb480000,0x00000000eb510000,0x00000000eb580000)
  to   space 1024K, 0% used [0x00000000eb580000,0x00000000eb580000,0x00000000eb680000)
 ParOldGen       total 70656K, used 70194K [0x00000000c0000000, 0x00000000c4500000, 0x00000000eab00000)
  object space 70656K, 99% used [0x00000000c0000000,0x00000000c448c858,0x00000000c4500000)
 Metaspace       used 65153K, committed 66624K, reserved 1114112K
  class space    used 6617K, committed 7296K, reserved 1048576K
}
Event: 23.378 GC heap before
{Heap before GC invocations=77 (full 3):
 PSYoungGen      total 10752K, used 10304K [0x00000000eab00000, 0x00000000eb680000, 0x0000000100000000)
  eden space 9728K, 100% used [0x00000000eab00000,0x00000000eb480000,0x00000000eb480000)
  from space 1024K, 56% used [0x00000000eb480000,0x00000000eb510000,0x00000000eb580000)
  to   space 1024K, 0% used [0x00000000eb580000,0x00000000eb580000,0x00000000eb680000)
 ParOldGen       total 70656K, used 70194K [0x00000000c0000000, 0x00000000c4500000, 0x00000000eab00000)
  object space 70656K, 99% used [0x00000000c0000000,0x00000000c448c858,0x00000000c4500000)
 Metaspace       used 65157K, committed 66624K, reserved 1114112K
  class space    used 6617K, committed 7296K, reserved 1048576K
}
Event: 23.379 GC heap after
{Heap after GC invocations=77 (full 3):
 PSYoungGen      total 10752K, used 593K [0x00000000eab00000, 0x00000000eb680000, 0x0000000100000000)
  eden space 9728K, 0% used [0x00000000eab00000,0x00000000eab00000,0x00000000eb480000)
  from space 1024K, 57% used [0x00000000eb580000,0x00000000eb614400,0x00000000eb680000)
  to   space 1024K, 0% used [0x00000000eb480000,0x00000000eb480000,0x00000000eb580000)
 ParOldGen       total 70656K, used 70514K [0x00000000c0000000, 0x00000000c4500000, 0x00000000eab00000)
  object space 70656K, 99% used [0x00000000c0000000,0x00000000c44dc858,0x00000000c4500000)
 Metaspace       used 65157K, committed 66624K, reserved 1114112K
  class space    used 6617K, committed 7296K, reserved 1048576K
}
Event: 23.385 GC heap before
{Heap before GC invocations=78 (full 3):
 PSYoungGen      total 10752K, used 10321K [0x00000000eab00000, 0x00000000eb680000, 0x0000000100000000)
  eden space 9728K, 100% used [0x00000000eab00000,0x00000000eb480000,0x00000000eb480000)
  from space 1024K, 57% used [0x00000000eb580000,0x00000000eb614400,0x00000000eb680000)
  to   space 1024K, 0% used [0x00000000eb480000,0x00000000eb480000,0x00000000eb580000)
 ParOldGen       total 70656K, used 70514K [0x00000000c0000000, 0x00000000c4500000, 0x00000000eab00000)
  object space 70656K, 99% used [0x00000000c0000000,0x00000000c44dc858,0x00000000c4500000)
 Metaspace       used 65160K, committed 66624K, reserved 1114112K
  class space    used 6617K, committed 7296K, reserved 1048576K
}
Event: 23.386 GC heap after
{Heap after GC invocations=78 (full 3):
 PSYoungGen      total 10752K, used 544K [0x00000000eab00000, 0x00000000eb680000, 0x0000000100000000)
  eden space 9728K, 0% used [0x00000000eab00000,0x00000000eab00000,0x00000000eb480000)
  from space 1024K, 53% used [0x00000000eb480000,0x00000000eb508000,0x00000000eb580000)
  to   space 1024K, 0% used [0x00000000eb580000,0x00000000eb580000,0x00000000eb680000)
 ParOldGen       total 71168K, used 70911K [0x00000000c0000000, 0x00000000c4580000, 0x00000000eab00000)
  object space 71168K, 99% used [0x00000000c0000000,0x00000000c453ff38,0x00000000c4580000)
 Metaspace       used 65160K, committed 66624K, reserved 1114112K
  class space    used 6617K, committed 7296K, reserved 1048576K
}
Event: 23.393 GC heap before
{Heap before GC invocations=79 (full 3):
 PSYoungGen      total 10752K, used 10272K [0x00000000eab00000, 0x00000000eb680000, 0x0000000100000000)
  eden space 9728K, 100% used [0x00000000eab00000,0x00000000eb480000,0x00000000eb480000)
  from space 1024K, 53% used [0x00000000eb480000,0x00000000eb508000,0x00000000eb580000)
  to   space 1024K, 0% used [0x00000000eb580000,0x00000000eb580000,0x00000000eb680000)
 ParOldGen       total 71168K, used 70911K [0x00000000c0000000, 0x00000000c4580000, 0x00000000eab00000)
  object space 71168K, 99% used [0x00000000c0000000,0x00000000c453ff38,0x00000000c4580000)
 Metaspace       used 65173K, committed 66624K, reserved 1114112K
  class space    used 6618K, committed 7296K, reserved 1048576K
}
Event: 23.395 GC heap after
{Heap after GC invocations=79 (full 3):
 PSYoungGen      total 10240K, used 448K [0x00000000eab00000, 0x00000000eb600000, 0x0000000100000000)
  eden space 9728K, 0% used [0x00000000eab00000,0x00000000eab00000,0x00000000eb480000)
  from space 512K, 87% used [0x00000000eb580000,0x00000000eb5f0000,0x00000000eb600000)
  to   space 512K, 0% used [0x00000000eb500000,0x00000000eb500000,0x00000000eb580000)
 ParOldGen       total 71680K, used 71192K [0x00000000c0000000, 0x00000000c4600000, 0x00000000eab00000)
  object space 71680K, 99% used [0x00000000c0000000,0x00000000c4586228,0x00000000c4600000)
 Metaspace       used 65173K, committed 66624K, reserved 1114112K
  class space    used 6618K, committed 7296K, reserved 1048576K
}
Event: 23.405 GC heap before
{Heap before GC invocations=80 (full 3):
 PSYoungGen      total 10240K, used 10176K [0x00000000eab00000, 0x00000000eb600000, 0x0000000100000000)
  eden space 9728K, 100% used [0x00000000eab00000,0x00000000eb480000,0x00000000eb480000)
  from space 512K, 87% used [0x00000000eb580000,0x00000000eb5f0000,0x00000000eb600000)
  to   space 512K, 0% used [0x00000000eb500000,0x00000000eb500000,0x00000000eb580000)
 ParOldGen       total 71680K, used 71192K [0x00000000c0000000, 0x00000000c4600000, 0x00000000eab00000)
  object space 71680K, 99% used [0x00000000c0000000,0x00000000c4586228,0x00000000c4600000)
 Metaspace       used 65193K, committed 66688K, reserved 1114112K
  class space    used 6620K, committed 7296K, reserved 1048576K
}
Event: 23.406 GC heap after
{Heap after GC invocations=80 (full 3):
 PSYoungGen      total 10240K, used 464K [0x00000000eab00000, 0x00000000eb600000, 0x0000000100000000)
  eden space 9728K, 0% used [0x00000000eab00000,0x00000000eab00000,0x00000000eb480000)
  from space 512K, 90% used [0x00000000eb500000,0x00000000eb574010,0x00000000eb580000)
  to   space 512K, 0% used [0x00000000eb580000,0x00000000eb580000,0x00000000eb600000)
 ParOldGen       total 71680K, used 71504K [0x00000000c0000000, 0x00000000c4600000, 0x00000000eab00000)
  object space 71680K, 99% used [0x00000000c0000000,0x00000000c45d4238,0x00000000c4600000)
 Metaspace       used 65193K, committed 66688K, reserved 1114112K
  class space    used 6620K, committed 7296K, reserved 1048576K
}
Event: 23.414 GC heap before
{Heap before GC invocations=81 (full 3):
 PSYoungGen      total 10240K, used 10192K [0x00000000eab00000, 0x00000000eb600000, 0x0000000100000000)
  eden space 9728K, 100% used [0x00000000eab00000,0x00000000eb480000,0x00000000eb480000)
  from space 512K, 90% used [0x00000000eb500000,0x00000000eb574010,0x00000000eb580000)
  to   space 512K, 0% used [0x00000000eb580000,0x00000000eb580000,0x00000000eb600000)
 ParOldGen       total 71680K, used 71504K [0x00000000c0000000, 0x00000000c4600000, 0x00000000eab00000)
  object space 71680K, 99% used [0x00000000c0000000,0x00000000c45d4238,0x00000000c4600000)
 Metaspace       used 65205K, committed 66688K, reserved 1114112K
  class space    used 6622K, committed 7296K, reserved 1048576K
}
Event: 23.415 GC heap after
{Heap after GC invocations=81 (full 3):
 PSYoungGen      total 10240K, used 448K [0x00000000eab00000, 0x00000000eb600000, 0x0000000100000000)
  eden space 9728K, 0% used [0x00000000eab00000,0x00000000eab00000,0x00000000eb480000)
  from space 512K, 87% used [0x00000000eb580000,0x00000000eb5f0000,0x00000000eb600000)
  to   space 512K, 0% used [0x00000000eb500000,0x00000000eb500000,0x00000000eb580000)
 ParOldGen       total 72192K, used 71760K [0x00000000c0000000, 0x00000000c4680000, 0x00000000eab00000)
  object space 72192K, 99% used [0x00000000c0000000,0x00000000c4614238,0x00000000c4680000)
 Metaspace       used 65205K, committed 66688K, reserved 1114112K
  class space    used 6622K, committed 7296K, reserved 1048576K
}
Event: 23.423 GC heap before
{Heap before GC invocations=82 (full 3):
 PSYoungGen      total 10240K, used 10125K [0x00000000eab00000, 0x00000000eb600000, 0x0000000100000000)
  eden space 9728K, 99% used [0x00000000eab00000,0x00000000eb4735e0,0x00000000eb480000)
  from space 512K, 87% used [0x00000000eb580000,0x00000000eb5f0000,0x00000000eb600000)
  to   space 512K, 0% used [0x00000000eb500000,0x00000000eb500000,0x00000000eb580000)
 ParOldGen       total 72192K, used 71760K [0x00000000c0000000, 0x00000000c4680000, 0x00000000eab00000)
  object space 72192K, 99% used [0x00000000c0000000,0x00000000c4614238,0x00000000c4680000)
 Metaspace       used 65222K, committed 66688K, reserved 1114112K
  class space    used 6626K, committed 7296K, reserved 1048576K
}
Event: 23.424 GC heap after
{Heap after GC invocations=82 (full 3):
 PSYoungGen      total 10240K, used 448K [0x00000000eab00000, 0x00000000eb600000, 0x0000000100000000)
  eden space 9728K, 0% used [0x00000000eab00000,0x00000000eab00000,0x00000000eb480000)
  from space 512K, 87% used [0x00000000eb500000,0x00000000eb570000,0x00000000eb580000)
  to   space 512K, 0% used [0x00000000eb580000,0x00000000eb580000,0x00000000eb600000)
 ParOldGen       total 72192K, used 72016K [0x00000000c0000000, 0x00000000c4680000, 0x00000000eab00000)
  object space 72192K, 99% used [0x00000000c0000000,0x00000000c4654238,0x00000000c4680000)
 Metaspace       used 65222K, committed 66688K, reserved 1114112K
  class space    used 6626K, committed 7296K, reserved 1048576K
}
Event: 23.431 GC heap before
{Heap before GC invocations=83 (full 3):
 PSYoungGen      total 10240K, used 10176K [0x00000000eab00000, 0x00000000eb600000, 0x0000000100000000)
  eden space 9728K, 100% used [0x00000000eab00000,0x00000000eb480000,0x00000000eb480000)
  from space 512K, 87% used [0x00000000eb500000,0x00000000eb570000,0x00000000eb580000)
  to   space 512K, 0% used [0x00000000eb580000,0x00000000eb580000,0x00000000eb600000)
 ParOldGen       total 72192K, used 72016K [0x00000000c0000000, 0x00000000c4680000, 0x00000000eab00000)
  object space 72192K, 99% used [0x00000000c0000000,0x00000000c4654238,0x00000000c4680000)
 Metaspace       used 65235K, committed 66688K, reserved 1114112K
  class space    used 6629K, committed 7296K, reserved 1048576K
}
Event: 23.432 GC heap after
{Heap after GC invocations=83 (full 3):
 PSYoungGen      total 10240K, used 448K [0x00000000eab00000, 0x00000000eb600000, 0x0000000100000000)
  eden space 9728K, 0% used [0x00000000eab00000,0x00000000eab00000,0x00000000eb480000)
  from space 512K, 87% used [0x00000000eb580000,0x00000000eb5f0000,0x00000000eb600000)
  to   space 512K, 0% used [0x00000000eb500000,0x00000000eb500000,0x00000000eb580000)
 ParOldGen       total 72704K, used 72264K [0x00000000c0000000, 0x00000000c4700000, 0x00000000eab00000)
  object space 72704K, 99% used [0x00000000c0000000,0x00000000c4692238,0x00000000c4700000)
 Metaspace       used 65235K, committed 66688K, reserved 1114112K
  class space    used 6629K, committed 7296K, reserved 1048576K
}
Event: 23.440 GC heap before
{Heap before GC invocations=84 (full 3):
 PSYoungGen      total 10240K, used 10176K [0x00000000eab00000, 0x00000000eb600000, 0x0000000100000000)
  eden space 9728K, 100% used [0x00000000eab00000,0x00000000eb480000,0x00000000eb480000)
  from space 512K, 87% used [0x00000000eb580000,0x00000000eb5f0000,0x00000000eb600000)
  to   space 512K, 0% used [0x00000000eb500000,0x00000000eb500000,0x00000000eb580000)
 ParOldGen       total 72704K, used 72264K [0x00000000c0000000, 0x00000000c4700000, 0x00000000eab00000)
  object space 72704K, 99% used [0x00000000c0000000,0x00000000c4692238,0x00000000c4700000)
 Metaspace       used 65262K, committed 66688K, reserved 1114112K
  class space    used 6630K, committed 7296K, reserved 1048576K
}
Event: 23.441 GC heap after
{Heap after GC invocations=84 (full 3):
 PSYoungGen      total 10240K, used 384K [0x00000000eab00000, 0x00000000eb600000, 0x0000000100000000)
  eden space 9728K, 0% used [0x00000000eab00000,0x00000000eab00000,0x00000000eb480000)
  from space 512K, 75% used [0x00000000eb500000,0x00000000eb560000,0x00000000eb580000)
  to   space 512K, 0% used [0x00000000eb580000,0x00000000eb580000,0x00000000eb600000)
 ParOldGen       total 72704K, used 72440K [0x00000000c0000000, 0x00000000c4700000, 0x00000000eab00000)
  object space 72704K, 99% used [0x00000000c0000000,0x00000000c46be238,0x00000000c4700000)
 Metaspace       used 65262K, committed 66688K, reserved 1114112K
  class space    used 6630K, committed 7296K, reserved 1048576K
}

Dll operation events (10 events):
Event: 0.009 Loaded shared library c:\Users\Admin\.vscode\extensions\redhat.java-1.40.0-win32-x64\jre\21.0.6-win32-x86_64\bin\java.dll
Event: 0.029 Loaded shared library c:\Users\Admin\.vscode\extensions\redhat.java-1.40.0-win32-x64\jre\21.0.6-win32-x86_64\bin\zip.dll
Event: 0.096 Loaded shared library C:\Users\Admin\.vscode\extensions\redhat.java-1.40.0-win32-x64\jre\21.0.6-win32-x86_64\bin\instrument.dll
Event: 0.102 Loaded shared library C:\Users\Admin\.vscode\extensions\redhat.java-1.40.0-win32-x64\jre\21.0.6-win32-x86_64\bin\net.dll
Event: 0.105 Loaded shared library C:\Users\Admin\.vscode\extensions\redhat.java-1.40.0-win32-x64\jre\21.0.6-win32-x86_64\bin\nio.dll
Event: 0.110 Loaded shared library C:\Users\Admin\.vscode\extensions\redhat.java-1.40.0-win32-x64\jre\21.0.6-win32-x86_64\bin\zip.dll
Event: 0.135 Loaded shared library C:\Users\Admin\.vscode\extensions\redhat.java-1.40.0-win32-x64\jre\21.0.6-win32-x86_64\bin\jimage.dll
Event: 0.237 Loaded shared library c:\Users\Admin\.vscode\extensions\redhat.java-1.40.0-win32-x64\jre\21.0.6-win32-x86_64\bin\verify.dll
Event: 1.073 Loaded shared library C:\Users\Admin\AppData\Roaming\Code\User\globalStorage\redhat.java\1.40.0\config_win\org.eclipse.equinox.launcher\org.eclipse.equinox.launcher.win32.win32.x86_64_1.2.1200.v20250212-0927\eclipse_11909.dll
Event: 2.754 Loaded shared library C:\Users\Admin\AppData\Local\Temp\jna-63116079\jna8891701155978442884.dll

Deoptimization events (20 events):
Event: 23.363 Thread 0x000001fd613757e0 DEOPT PACKING pc=0x000001fd4fa7ae30 sp=0x0000007e868fe340
Event: 23.363 Thread 0x000001fd613757e0 DEOPT UNPACKING pc=0x000001fd4eb53aa2 sp=0x0000007e868fe2d0 mode 2
Event: 23.364 Thread 0x000001fd613757e0 Uncommon trap: trap_request=0xffffffde fr.pc=0x000001fd4fa7af18 relative=0x0000000000000658
Event: 23.364 Thread 0x000001fd613757e0 Uncommon trap: reason=class_check action=maybe_recompile pc=0x000001fd4fa7af18 method=org.eclipse.jdt.internal.compiler.parser.Parser.consumeRule(I)V @ 7602 c2
Event: 23.364 Thread 0x000001fd613757e0 DEOPT PACKING pc=0x000001fd4fa7af18 sp=0x0000007e868fe340
Event: 23.364 Thread 0x000001fd613757e0 DEOPT UNPACKING pc=0x000001fd4eb53aa2 sp=0x0000007e868fe2c8 mode 2
Event: 23.364 Thread 0x000001fd613757e0 Uncommon trap: trap_request=0xffffffde fr.pc=0x000001fd4fa7ae30 relative=0x0000000000000570
Event: 23.364 Thread 0x000001fd613757e0 Uncommon trap: reason=class_check action=maybe_recompile pc=0x000001fd4fa7ae30 method=org.eclipse.jdt.internal.compiler.parser.Parser.consumeRule(I)V @ 7623 c2
Event: 23.365 Thread 0x000001fd613757e0 DEOPT PACKING pc=0x000001fd4fa7ae30 sp=0x0000007e868fe340
Event: 23.365 Thread 0x000001fd613757e0 DEOPT UNPACKING pc=0x000001fd4eb53aa2 sp=0x0000007e868fe2d0 mode 2
Event: 23.365 Thread 0x000001fd613757e0 Uncommon trap: trap_request=0xffffffde fr.pc=0x000001fd4fa7af18 relative=0x0000000000000658
Event: 23.365 Thread 0x000001fd613757e0 Uncommon trap: reason=class_check action=maybe_recompile pc=0x000001fd4fa7af18 method=org.eclipse.jdt.internal.compiler.parser.Parser.consumeRule(I)V @ 7602 c2
Event: 23.365 Thread 0x000001fd613757e0 DEOPT PACKING pc=0x000001fd4fa7af18 sp=0x0000007e868fe340
Event: 23.365 Thread 0x000001fd613757e0 DEOPT UNPACKING pc=0x000001fd4eb53aa2 sp=0x0000007e868fe2c8 mode 2
Event: 23.395 Thread 0x000001fd66d1b090 Uncommon trap: trap_request=0xffffff45 fr.pc=0x000001fd4facc2ac relative=0x00000000000000ec
Event: 23.395 Thread 0x000001fd66d1b090 Uncommon trap: reason=unstable_if action=reinterpret pc=0x000001fd4facc2ac method=org.eclipse.jdt.internal.compiler.util.Util.isClassFileName(Ljava/lang/String;)Z @ 67 c2
Event: 23.395 Thread 0x000001fd66d1b090 DEOPT PACKING pc=0x000001fd4facc2ac sp=0x0000007e889fdce0
Event: 23.395 Thread 0x000001fd66d1b090 DEOPT UNPACKING pc=0x000001fd4eb53aa2 sp=0x0000007e889fdc60 mode 2
Event: 23.417 Thread 0x000001fd613757e0 DEOPT PACKING pc=0x000001fd477e7cb9 sp=0x0000007e868fc2d0
Event: 23.417 Thread 0x000001fd613757e0 DEOPT UNPACKING pc=0x000001fd4eb54242 sp=0x0000007e868fb7d0 mode 0

Classes loaded (20 events):
Event: 21.671 Loading class com/sun/org/apache/xerces/internal/xni/parser/XMLParseException
Event: 21.672 Loading class com/sun/org/apache/xerces/internal/xni/parser/XMLParseException done
Event: 21.699 Loading class java/util/concurrent/CompletableFuture$UniApply
Event: 21.699 Loading class java/util/concurrent/CompletableFuture$UniCompletion
Event: 21.699 Loading class java/util/concurrent/CompletableFuture$UniCompletion done
Event: 21.699 Loading class java/util/concurrent/CompletableFuture$UniApply done
Event: 21.700 Loading class java/util/concurrent/CompletableFuture$UniAccept
Event: 21.700 Loading class java/util/concurrent/CompletableFuture$UniAccept done
Event: 21.700 Loading class java/util/concurrent/CompletableFuture$UniExceptionally
Event: 21.700 Loading class java/util/concurrent/CompletableFuture$UniExceptionally done
Event: 21.794 Loading class java/nio/file/attribute/PosixFileAttributes
Event: 21.794 Loading class java/nio/file/attribute/PosixFileAttributes done
Event: 21.822 Loading class java/nio/file/attribute/PosixFileAttributeView
Event: 21.822 Loading class java/nio/file/attribute/PosixFileAttributeView done
Event: 22.877 Loading class java/nio/file/DirectoryIteratorException
Event: 22.877 Loading class java/nio/file/DirectoryIteratorException done
Event: 22.928 Loading class java/lang/UnsupportedClassVersionError
Event: 22.928 Loading class java/lang/UnsupportedClassVersionError done
Event: 23.260 Loading class java/nio/file/FileTreeIterator
Event: 23.260 Loading class java/nio/file/FileTreeIterator done

Classes unloaded (12 events):
Event: 2.285 Thread 0x000001fd4449eb30 Unloading class 0x000001fd0119a000 'java/lang/invoke/LambdaForm$MH+0x000001fd0119a000'
Event: 2.285 Thread 0x000001fd4449eb30 Unloading class 0x000001fd01199c00 'java/lang/invoke/LambdaForm$MH+0x000001fd01199c00'
Event: 2.285 Thread 0x000001fd4449eb30 Unloading class 0x000001fd01199800 'java/lang/invoke/LambdaForm$MH+0x000001fd01199800'
Event: 2.285 Thread 0x000001fd4449eb30 Unloading class 0x000001fd01199400 'java/lang/invoke/LambdaForm$MH+0x000001fd01199400'
Event: 2.285 Thread 0x000001fd4449eb30 Unloading class 0x000001fd01199000 'java/lang/invoke/LambdaForm$BMH+0x000001fd01199000'
Event: 2.285 Thread 0x000001fd4449eb30 Unloading class 0x000001fd01198c00 'java/lang/invoke/LambdaForm$DMH+0x000001fd01198c00'
Event: 2.285 Thread 0x000001fd4449eb30 Unloading class 0x000001fd01193c00 'java/lang/invoke/LambdaForm$DMH+0x000001fd01193c00'
Event: 14.882 Thread 0x000001fd4449eb30 Unloading class 0x000001fd0156d000 'java/lang/invoke/LambdaForm$DMH+0x000001fd0156d000'
Event: 14.882 Thread 0x000001fd4449eb30 Unloading class 0x000001fd0156cc00 'java/lang/invoke/LambdaForm$DMH+0x000001fd0156cc00'
Event: 14.882 Thread 0x000001fd4449eb30 Unloading class 0x000001fd0156c800 'java/lang/invoke/LambdaForm$DMH+0x000001fd0156c800'
Event: 14.882 Thread 0x000001fd4449eb30 Unloading class 0x000001fd0156c400 'java/lang/invoke/LambdaForm$DMH+0x000001fd0156c400'
Event: 14.882 Thread 0x000001fd4449eb30 Unloading class 0x000001fd014e4400 'java/lang/invoke/LambdaForm$DMH+0x000001fd014e4400'

Classes redefined (0 events):
No events

Internal exceptions (20 events):
Event: 22.879 Thread 0x000001fd634e3d30 Exception <a 'java/lang/NoSuchMethodError'{0x00000000eade7e08}: 'java.lang.Object java.lang.invoke.DirectMethodHandle$Holder.invokeSpecial(java.lang.Object, java.lang.Object, int, long)'> (0x00000000eade7e08) 
thrown [s\src\hotspot\share\interpreter\linkResolver.cpp, line 773]
Event: 22.944 Thread 0x000001fd66d1b090 Exception <a 'java/lang/NoSuchMethodError'{0x00000000eae2f1e8}: 'int java.lang.invoke.Invokers$Holder.invokeExact_MT(java.lang.Object, java.lang.Object)'> (0x00000000eae2f1e8) 
thrown [s\src\hotspot\share\interpreter\linkResolver.cpp, line 773]
Event: 23.076 Thread 0x000001fd613757e0 Exception <a 'sun/nio/fs/WindowsException'{0x00000000eab27970}> (0x00000000eab27970) 
thrown [s\src\hotspot\share\prims\jni.cpp, line 520]
Event: 23.082 Thread 0x000001fd66d1b720 Exception <a 'sun/nio/fs/WindowsException'{0x00000000eac1fca0}> (0x00000000eac1fca0) 
thrown [s\src\hotspot\share\prims\jni.cpp, line 520]
Event: 23.083 Thread 0x000001fd66d1b720 Exception <a 'sun/nio/fs/WindowsException'{0x00000000eac20d30}> (0x00000000eac20d30) 
thrown [s\src\hotspot\share\prims\jni.cpp, line 520]
Event: 23.085 Thread 0x000001fd66d182a0 Exception <a 'sun/nio/fs/WindowsException'{0x00000000eac6a2c0}> (0x00000000eac6a2c0) 
thrown [s\src\hotspot\share\prims\jni.cpp, line 520]
Event: 23.085 Thread 0x000001fd66d1bdb0 Exception <a 'sun/nio/fs/WindowsException'{0x00000000eaca76f0}> (0x00000000eaca76f0) 
thrown [s\src\hotspot\share\prims\jni.cpp, line 520]
Event: 23.085 Thread 0x000001fd66d1c440 Exception <a 'sun/nio/fs/WindowsException'{0x00000000eaccacd0}> (0x00000000eaccacd0) 
thrown [s\src\hotspot\share\prims\jni.cpp, line 520]
Event: 23.085 Thread 0x000001fd66d18fc0 Exception <a 'sun/nio/fs/WindowsException'{0x00000000eacd4968}> (0x00000000eacd4968) 
thrown [s\src\hotspot\share\prims\jni.cpp, line 520]
Event: 23.086 Thread 0x000001fd66d1cad0 Exception <a 'sun/nio/fs/WindowsException'{0x00000000eaceb548}> (0x00000000eaceb548) 
thrown [s\src\hotspot\share\prims\jni.cpp, line 520]
Event: 23.086 Thread 0x000001fd66d19ce0 Exception <a 'sun/nio/fs/WindowsException'{0x00000000ead18a88}> (0x00000000ead18a88) 
thrown [s\src\hotspot\share\prims\jni.cpp, line 520]
Event: 23.087 Thread 0x000001fd66d1bdb0 Exception <a 'sun/nio/fs/WindowsException'{0x00000000eaca89d0}> (0x00000000eaca89d0) 
thrown [s\src\hotspot\share\prims\jni.cpp, line 520]
Event: 23.087 Thread 0x000001fd66d1e510 Exception <a 'sun/nio/fs/WindowsException'{0x00000000ead69788}> (0x00000000ead69788) 
thrown [s\src\hotspot\share\prims\jni.cpp, line 520]
Event: 23.087 Thread 0x000001fd66d1d160 Exception <a 'sun/nio/fs/WindowsException'{0x00000000ead0fa58}> (0x00000000ead0fa58) 
thrown [s\src\hotspot\share\prims\jni.cpp, line 520]
Event: 23.087 Thread 0x000001fd66d1c440 Exception <a 'sun/nio/fs/WindowsException'{0x00000000eaccc3f8}> (0x00000000eaccc3f8) 
thrown [s\src\hotspot\share\prims\jni.cpp, line 520]
Event: 23.088 Thread 0x000001fd66d1d7f0 Exception <a 'sun/nio/fs/WindowsException'{0x00000000ead229d0}> (0x00000000ead229d0) 
thrown [s\src\hotspot\share\prims\jni.cpp, line 520]
Event: 23.088 Thread 0x000001fd66d1de80 Exception <a 'sun/nio/fs/WindowsException'{0x00000000ead46408}> (0x00000000ead46408) 
thrown [s\src\hotspot\share\prims\jni.cpp, line 520]
Event: 23.090 Thread 0x000001fd634e7ed0 Exception <a 'sun/nio/fs/WindowsException'{0x00000000eadcdd80}> (0x00000000eadcdd80) 
thrown [s\src\hotspot\share\prims\jni.cpp, line 520]
Event: 23.091 Thread 0x000001fd634e7ed0 Exception <a 'sun/nio/fs/WindowsException'{0x00000000eadcf028}> (0x00000000eadcf028) 
thrown [s\src\hotspot\share\prims\jni.cpp, line 520]
Event: 23.094 Thread 0x000001fd66d1bdb0 Exception <a 'sun/nio/fs/WindowsException'{0x00000000eacac2b8}> (0x00000000eacac2b8) 
thrown [s\src\hotspot\share\prims\jni.cpp, line 520]

ZGC Phase Switch (0 events):
No events

VM Operations (20 events):
Event: 23.365 Executing VM operation: ParallelGCFailedAllocation (Allocation Failure)
Event: 23.367 Executing VM operation: ParallelGCFailedAllocation (Allocation Failure) done
Event: 23.378 Executing VM operation: ParallelGCFailedAllocation (Allocation Failure)
Event: 23.379 Executing VM operation: ParallelGCFailedAllocation (Allocation Failure) done
Event: 23.385 Executing VM operation: ParallelGCFailedAllocation (Allocation Failure)
Event: 23.386 Executing VM operation: ParallelGCFailedAllocation (Allocation Failure) done
Event: 23.393 Executing VM operation: ParallelGCFailedAllocation (Allocation Failure)
Event: 23.395 Executing VM operation: ParallelGCFailedAllocation (Allocation Failure) done
Event: 23.405 Executing VM operation: ParallelGCFailedAllocation (Allocation Failure)
Event: 23.406 Executing VM operation: ParallelGCFailedAllocation (Allocation Failure) done
Event: 23.413 Executing VM operation: ParallelGCFailedAllocation (Allocation Failure)
Event: 23.415 Executing VM operation: ParallelGCFailedAllocation (Allocation Failure) done
Event: 23.423 Executing VM operation: ParallelGCFailedAllocation (Allocation Failure)
Event: 23.424 Executing VM operation: ParallelGCFailedAllocation (Allocation Failure) done
Event: 23.431 Executing VM operation: ParallelGCFailedAllocation (Allocation Failure)
Event: 23.432 Executing VM operation: ParallelGCFailedAllocation (Allocation Failure) done
Event: 23.440 Executing VM operation: ParallelGCFailedAllocation (Allocation Failure)
Event: 23.441 Executing VM operation: ParallelGCFailedAllocation (Allocation Failure) done
Event: 24.441 Executing VM operation: Cleanup
Event: 24.455 Executing VM operation: Cleanup done

Memory protections (0 events):
No events

Nmethod flushes (20 events):
Event: 14.899 Thread 0x000001fd4449eb30 flushing  nmethod 0x000001fd47fa2c90
Event: 14.899 Thread 0x000001fd4449eb30 flushing  nmethod 0x000001fd47fb0910
Event: 14.899 Thread 0x000001fd4449eb30 flushing  nmethod 0x000001fd47fc5090
Event: 14.899 Thread 0x000001fd4449eb30 flushing  nmethod 0x000001fd47fc5690
Event: 14.899 Thread 0x000001fd4449eb30 flushing  nmethod 0x000001fd48000a10
Event: 14.899 Thread 0x000001fd4449eb30 flushing  nmethod 0x000001fd4800cd10
Event: 14.899 Thread 0x000001fd4449eb30 flushing  nmethod 0x000001fd4803a910
Event: 14.899 Thread 0x000001fd4449eb30 flushing  nmethod 0x000001fd4803b310
Event: 14.899 Thread 0x000001fd4449eb30 flushing  nmethod 0x000001fd4803ce10
Event: 14.899 Thread 0x000001fd4449eb30 flushing  nmethod 0x000001fd4803e710
Event: 14.899 Thread 0x000001fd4449eb30 flushing  nmethod 0x000001fd4803eb90
Event: 14.899 Thread 0x000001fd4449eb30 flushing  nmethod 0x000001fd48043c90
Event: 14.899 Thread 0x000001fd4449eb30 flushing  nmethod 0x000001fd48049a90
Event: 14.899 Thread 0x000001fd4449eb30 flushing  nmethod 0x000001fd4804c890
Event: 14.899 Thread 0x000001fd4449eb30 flushing  nmethod 0x000001fd48056490
Event: 14.899 Thread 0x000001fd4449eb30 flushing  nmethod 0x000001fd48082310
Event: 14.899 Thread 0x000001fd4449eb30 flushing  nmethod 0x000001fd48082990
Event: 14.899 Thread 0x000001fd4449eb30 flushing  nmethod 0x000001fd48098290
Event: 14.899 Thread 0x000001fd4449eb30 flushing  nmethod 0x000001fd480ba810
Event: 14.899 Thread 0x000001fd4449eb30 flushing  nmethod 0x000001fd480d6590

Events (20 events):
Event: 23.087 Thread 0x000001fd66d182a0 Thread added: 0x000001fd66d1eba0
Event: 23.087 Thread 0x000001fd66d1d7f0 Thread added: 0x000001fd634e71b0
Event: 23.088 Thread 0x000001fd66d1de80 Thread added: 0x000001fd634e7840
Event: 23.088 Thread 0x000001fd66d19ce0 Thread added: 0x000001fd634e7ed0
Event: 23.088 Thread 0x000001fd66d18fc0 Thread added: 0x000001fd634e8560
Event: 23.149 Thread 0x000001fd613757e0 Thread added: 0x000001fd634e9280
Event: 23.150 Thread 0x000001fd613757e0 Thread added: 0x000001fd634e8bf0
Event: 23.150 Thread 0x000001fd613757e0 Thread added: 0x000001fd60817bd0
Event: 23.150 Thread 0x000001fd613757e0 Thread added: 0x000001fd67b64a40
Event: 23.151 Thread 0x000001fd613757e0 Thread added: 0x000001fd67b67ec0
Event: 23.151 Thread 0x000001fd613757e0 Thread added: 0x000001fd67b68550
Event: 23.151 Thread 0x000001fd613757e0 Thread added: 0x000001fd67b650d0
Event: 23.152 Thread 0x000001fd613757e0 Thread added: 0x000001fd67b66480
Event: 23.152 Thread 0x000001fd613757e0 Thread added: 0x000001fd67b68be0
Event: 23.152 Thread 0x000001fd613757e0 Thread added: 0x000001fd67b65760
Event: 23.152 Thread 0x000001fd613757e0 Thread added: 0x000001fd67b69270
Event: 23.153 Thread 0x000001fd613757e0 Thread added: 0x000001fd67b66b10
Event: 23.153 Thread 0x000001fd613757e0 Thread added: 0x000001fd67b67830
Event: 23.153 Thread 0x000001fd613757e0 Thread added: 0x000001fd67b65df0
Event: 23.315 Thread 0x000001fd634e3d30 Thread added: 0x000001fd67b69f90


Dynamic libraries:
0x00007ff7fe040000 - 0x00007ff7fe04e000 	c:\Users\Admin\.vscode\extensions\redhat.java-1.40.0-win32-x64\jre\21.0.6-win32-x86_64\bin\java.exe
0x00007ffcfab20000 - 0x00007ffcfad83000 	C:\WINDOWS\SYSTEM32\ntdll.dll
0x00007ffcfa300000 - 0x00007ffcfa3c7000 	C:\WINDOWS\System32\KERNEL32.DLL
0x00007ffcf8590000 - 0x00007ffcf8957000 	C:\WINDOWS\System32\KERNELBASE.dll
0x00007ffcf8040000 - 0x00007ffcf818c000 	C:\WINDOWS\System32\ucrtbase.dll
0x00007ffcecb80000 - 0x00007ffcecb9e000 	c:\Users\Admin\.vscode\extensions\redhat.java-1.40.0-win32-x64\jre\21.0.6-win32-x86_64\bin\VCRUNTIME140.dll
0x00007ffcf26a0000 - 0x00007ffcf26b8000 	c:\Users\Admin\.vscode\extensions\redhat.java-1.40.0-win32-x64\jre\21.0.6-win32-x86_64\bin\jli.dll
0x00007ffcfa130000 - 0x00007ffcfa2f9000 	C:\WINDOWS\System32\USER32.dll
0x00007ffcdc1c0000 - 0x00007ffcdc450000 	C:\WINDOWS\WinSxS\amd64_microsoft.windows.common-controls_6595b64144ccf1df_6.0.26100.3037_none_3e09262ce333c378\COMCTL32.dll
0x00007ffcf8190000 - 0x00007ffcf81b7000 	C:\WINDOWS\System32\win32u.dll
0x00007ffcfa5a0000 - 0x00007ffcfa649000 	C:\WINDOWS\System32\msvcrt.dll
0x00007ffcf89a0000 - 0x00007ffcf89ca000 	C:\WINDOWS\System32\GDI32.dll
0x00007ffcf8270000 - 0x00007ffcf839b000 	C:\WINDOWS\System32\gdi32full.dll
0x00007ffcf81c0000 - 0x00007ffcf8263000 	C:\WINDOWS\System32\msvcp_win.dll
0x00007ffcf8960000 - 0x00007ffcf898f000 	C:\WINDOWS\System32\IMM32.DLL
0x00007ffcf2d10000 - 0x00007ffcf2d1c000 	c:\Users\Admin\.vscode\extensions\redhat.java-1.40.0-win32-x64\jre\21.0.6-win32-x86_64\bin\vcruntime140_1.dll
0x00007ffc37280000 - 0x00007ffc3730d000 	c:\Users\Admin\.vscode\extensions\redhat.java-1.40.0-win32-x64\jre\21.0.6-win32-x86_64\bin\msvcp140.dll
0x00007ffc237c0000 - 0x00007ffc24550000 	c:\Users\Admin\.vscode\extensions\redhat.java-1.40.0-win32-x64\jre\21.0.6-win32-x86_64\bin\server\jvm.dll
0x00007ffcf8a60000 - 0x00007ffcf8b14000 	C:\WINDOWS\System32\ADVAPI32.dll
0x00007ffcfa3d0000 - 0x00007ffcfa476000 	C:\WINDOWS\System32\sechost.dll
0x00007ffcfa9c0000 - 0x00007ffcfaad6000 	C:\WINDOWS\System32\RPCRT4.dll
0x00007ffcf9ed0000 - 0x00007ffcf9f44000 	C:\WINDOWS\System32\WS2_32.dll
0x00007ffcf78c0000 - 0x00007ffcf790e000 	C:\WINDOWS\SYSTEM32\POWRPROF.dll
0x00007ffcf1330000 - 0x00007ffcf133b000 	C:\WINDOWS\SYSTEM32\VERSION.dll
0x00007ffce6d80000 - 0x00007ffce6db6000 	C:\WINDOWS\SYSTEM32\WINMM.dll
0x00007ffcf78a0000 - 0x00007ffcf78b4000 	C:\WINDOWS\SYSTEM32\UMPDC.dll
0x00007ffcf6c20000 - 0x00007ffcf6c3a000 	C:\WINDOWS\SYSTEM32\kernel.appcore.dll
0x00007ffcef8d0000 - 0x00007ffcef8da000 	c:\Users\Admin\.vscode\extensions\redhat.java-1.40.0-win32-x64\jre\21.0.6-win32-x86_64\bin\jimage.dll
0x00007ffcf4ec0000 - 0x00007ffcf5101000 	C:\WINDOWS\SYSTEM32\DBGHELP.DLL
0x00007ffcf9b40000 - 0x00007ffcf9ebe000 	C:\WINDOWS\System32\combase.dll
0x00007ffcf9840000 - 0x00007ffcf9916000 	C:\WINDOWS\System32\OLEAUT32.dll
0x00007ffcd2eb0000 - 0x00007ffcd2ee9000 	C:\WINDOWS\SYSTEM32\dbgcore.DLL
0x00007ffcf83a0000 - 0x00007ffcf8439000 	C:\WINDOWS\System32\bcryptPrimitives.dll
0x00007ffcef850000 - 0x00007ffcef85f000 	c:\Users\Admin\.vscode\extensions\redhat.java-1.40.0-win32-x64\jre\21.0.6-win32-x86_64\bin\instrument.dll
0x00007ffcec910000 - 0x00007ffcec92f000 	c:\Users\Admin\.vscode\extensions\redhat.java-1.40.0-win32-x64\jre\21.0.6-win32-x86_64\bin\java.dll
0x00007ffcf8c20000 - 0x00007ffcf9324000 	C:\WINDOWS\System32\SHELL32.dll
0x00007ffcf5ba0000 - 0x00007ffcf63d7000 	C:\WINDOWS\SYSTEM32\windows.storage.dll
0x00007ffcf8b30000 - 0x00007ffcf8c19000 	C:\WINDOWS\System32\SHCORE.dll
0x00007ffcfa650000 - 0x00007ffcfa6ad000 	C:\WINDOWS\System32\shlwapi.dll
0x00007ffcf7dd0000 - 0x00007ffcf7dfe000 	C:\WINDOWS\SYSTEM32\profapi.dll
0x00007ffcec810000 - 0x00007ffcec828000 	c:\Users\Admin\.vscode\extensions\redhat.java-1.40.0-win32-x64\jre\21.0.6-win32-x86_64\bin\zip.dll
0x00007ffcef7e0000 - 0x00007ffcef7f0000 	C:\Users\Admin\.vscode\extensions\redhat.java-1.40.0-win32-x64\jre\21.0.6-win32-x86_64\bin\net.dll
0x00007ffcf0320000 - 0x00007ffcf043e000 	C:\WINDOWS\SYSTEM32\WINHTTP.dll
0x00007ffcf7200000 - 0x00007ffcf726a000 	C:\WINDOWS\system32\mswsock.dll
0x00007ffcc6bd0000 - 0x00007ffcc6be6000 	C:\Users\Admin\.vscode\extensions\redhat.java-1.40.0-win32-x64\jre\21.0.6-win32-x86_64\bin\nio.dll
0x00007ffcecaa0000 - 0x00007ffcecab0000 	c:\Users\Admin\.vscode\extensions\redhat.java-1.40.0-win32-x64\jre\21.0.6-win32-x86_64\bin\verify.dll
0x00007ffca9110000 - 0x00007ffca9155000 	C:\Users\Admin\AppData\Roaming\Code\User\globalStorage\redhat.java\1.40.0\config_win\org.eclipse.equinox.launcher\org.eclipse.equinox.launcher.win32.win32.x86_64_1.2.1200.v20250212-0927\eclipse_11909.dll
0x00007ffcf9920000 - 0x00007ffcf9ab5000 	C:\WINDOWS\System32\ole32.dll
0x00007ffcf74a0000 - 0x00007ffcf74bc000 	C:\WINDOWS\SYSTEM32\CRYPTSP.dll
0x00007ffcf6c40000 - 0x00007ffcf6c78000 	C:\WINDOWS\system32\rsaenh.dll
0x00007ffcf72a0000 - 0x00007ffcf72cb000 	C:\WINDOWS\SYSTEM32\USERENV.dll
0x00007ffcf7770000 - 0x00007ffcf7796000 	C:\WINDOWS\SYSTEM32\bcrypt.dll
0x00007ffcf74c0000 - 0x00007ffcf74cc000 	C:\WINDOWS\SYSTEM32\CRYPTBASE.dll
0x00007ffcf6780000 - 0x00007ffcf67b2000 	C:\WINDOWS\SYSTEM32\IPHLPAPI.DLL
0x00007ffcfa8c0000 - 0x00007ffcfa8ca000 	C:\WINDOWS\System32\NSI.dll
0x00007ffca3420000 - 0x00007ffca3469000 	C:\Users\Admin\AppData\Local\Temp\jna-63116079\jna8891701155978442884.dll
0x00007ffcfa120000 - 0x00007ffcfa128000 	C:\WINDOWS\System32\PSAPI.DLL
0x00007ffceff30000 - 0x00007ffceff4f000 	C:\WINDOWS\SYSTEM32\dhcpcsvc6.DLL
0x00007ffceff00000 - 0x00007ffceff25000 	C:\WINDOWS\SYSTEM32\dhcpcsvc.DLL

dbghelp: loaded successfully - version: 4.0.5 - missing functions: none
symbol engine: initialized successfully - sym options: 0x614 - pdb path: .;c:\Users\Admin\.vscode\extensions\redhat.java-1.40.0-win32-x64\jre\21.0.6-win32-x86_64\bin;C:\WINDOWS\SYSTEM32;C:\WINDOWS\WinSxS\amd64_microsoft.windows.common-controls_6595b64144ccf1df_6.0.26100.3037_none_3e09262ce333c378;c:\Users\Admin\.vscode\extensions\redhat.java-1.40.0-win32-x64\jre\21.0.6-win32-x86_64\bin\server;C:\Users\Admin\AppData\Roaming\Code\User\globalStorage\redhat.java\1.40.0\config_win\org.eclipse.equinox.launcher\org.eclipse.equinox.launcher.win32.win32.x86_64_1.2.1200.v20250212-0927;C:\Users\Admin\AppData\Local\Temp\jna-63116079

VM Arguments:
jvm_args: --add-modules=ALL-SYSTEM --add-opens=java.base/java.util=ALL-UNNAMED --add-opens=java.base/java.lang=ALL-UNNAMED --add-opens=java.base/sun.nio.fs=ALL-UNNAMED -Declipse.application=org.eclipse.jdt.ls.core.id1 -Dosgi.bundles.defaultStartLevel=4 -Declipse.product=org.eclipse.jdt.ls.core.product -Djava.import.generatesMetadataFilesAtProjectRoot=false -DDetectVMInstallationsJob.disabled=true -Dfile.encoding=utf8 -XX:+UseParallelGC -XX:GCTimeRatio=4 -XX:AdaptiveSizePolicyWeight=90 -Dsun.zip.disableMemoryMapping=true -Xmx1G -Xms100m -Xlog:disable -javaagent:c:\Users\Admin\.vscode\extensions\redhat.java-1.40.0-win32-x64\lombok\lombok-1.18.36.jar -XX:+HeapDumpOnOutOfMemoryError -XX:HeapDumpPath=c:\Users\Admin\AppData\Roaming\Code\User\workspaceStorage\a966c509f19e0aa3f203f1213fa67aae\redhat.java -Daether.dependencyCollector.impl=bf 
java_command: c:\Users\Admin\.vscode\extensions\redhat.java-1.40.0-win32-x64\server\plugins\org.eclipse.equinox.launcher_1.6.1000.v20250131-0606.jar -configuration c:\Users\Admin\AppData\Roaming\Code\User\globalStorage\redhat.java\1.40.0\config_win -data c:\Users\Admin\AppData\Roaming\Code\User\workspaceStorage\a966c509f19e0aa3f203f1213fa67aae\redhat.java\jdt_ws --pipe=\\.\pipe\lsp-39edb9165821e8a32e06c25b62abce61-sock
java_class_path (initial): c:\Users\Admin\.vscode\extensions\redhat.java-1.40.0-win32-x64\server\plugins\org.eclipse.equinox.launcher_1.6.1000.v20250131-0606.jar
Launcher Type: SUN_STANDARD

[Global flags]
    uintx AdaptiveSizePolicyWeight                 = 90                                        {product} {command line}
     intx CICompilerCount                          = 12                                        {product} {ergonomic}
    uintx GCTimeRatio                              = 4                                         {product} {command line}
     bool HeapDumpOnOutOfMemoryError               = true                                   {manageable} {command line}
    ccstr HeapDumpPath                             = c:\Users\Admin\AppData\Roaming\Code\User\workspaceStorage\a966c509f19e0aa3f203f1213fa67aae\redhat.java         {manageable} {command line}
   size_t InitialHeapSize                          = 104857600                                 {product} {command line}
   size_t MaxHeapSize                              = 1073741824                                {product} {command line}
   size_t MaxNewSize                               = 357564416                                 {product} {ergonomic}
   size_t MinHeapDeltaBytes                        = 524288                                    {product} {ergonomic}
   size_t MinHeapSize                              = 104857600                                 {product} {command line}
   size_t NewSize                                  = 34603008                                  {product} {ergonomic}
    uintx NonNMethodCodeHeapSize                   = 7602480                                {pd product} {ergonomic}
    uintx NonProfiledCodeHeapSize                  = 122027880                              {pd product} {ergonomic}
   size_t OldSize                                  = 70254592                                  {product} {ergonomic}
    uintx ProfiledCodeHeapSize                     = 122027880                              {pd product} {ergonomic}
    uintx ReservedCodeCacheSize                    = 251658240                              {pd product} {ergonomic}
     bool SegmentedCodeCache                       = true                                      {product} {ergonomic}
   size_t SoftMaxHeapSize                          = 1073741824                             {manageable} {ergonomic}
     bool UseCompressedOops                        = true                           {product lp64_product} {ergonomic}
     bool UseLargePagesIndividualAllocation        = false                                  {pd product} {ergonomic}
     bool UseParallelGC                            = true                                      {product} {command line}

Logging:
Log output configuration:
 #0: stdout all=off uptime,level,tags foldmultilines=false
 #1: stderr all=off uptime,level,tags foldmultilines=false

Environment Variables:
PATH=C:\Python312\Scripts\;C:\Python312\;C:\Program Files\Common Files\Oracle\Java\javapath;C:\Windows\system32;C:\Windows;C:\Windows\System32\Wbem;C:\Windows\System32\WindowsPowerShell\v1.0\;C:\Windows\System32\OpenSSH\;C:\Program Files (x86)\NVIDIA Corporation\PhysX\Common;C:\WINDOWS\system32;C:\WINDOWS;C:\WINDOWS\System32\Wbem;C:\WINDOWS\System32\WindowsPowerShell\v1.0\;C:\WINDOWS\System32\OpenSSH\;C:\Program Files (x86)\Microsoft SQL Server\150\Tools\Binn\;C:\Program Files\Microsoft SQL Server\150\Tools\Binn\;C:\Program Files (x86)\Microsoft SQL Server\150\DTS\Binn\;C:\Program Files\Microsoft SQL Server\150\DTS\Binn\;C:\Program Files\Microsoft SQL Server\Client SDK\ODBC\170\Tools\Binn\;C:\Program Files\Azure Data Studio\bin;C:\Program Files\apache-maven-3.9.4-bin\apache-maven-3.9.4\bin;C:\ProgramData\chocolatey\bin;C:\WINDOWS\system32;C:\WINDOWS;C:\WINDOWS\System32\Wbem;C:\WINDOWS\System32\WindowsPowerShell\v1.0\;C:\WINDOWS\System32\OpenSSH\;D:\Free_time_game\Git\Git\cmd;C:\Program Files\dotnet\;C:\Program Files\nodejs\;C:\Program Files\Git\cmd;C:\Program Files\NVIDIA Corporation\NVIDIA app\NvDLISR;C:\Program Files\Docker\Docker\resources\bin;C:\Users\Admin\AppData\Local\Programs\Python\Python311\Scripts\;C:\Users\Admin\AppData\Local\Programs\Python\Python311\;C:\Users\Admin\AppData\Local\Microsoft\WindowsApps;D:\PythonCode\PyCharm Community Edition 2022.2.3\bin;;C:\Program Files\Azure Data Studio\bin;C:\Program Files\JetBrains\IntelliJ IDEA 2023.2\bin;C:\Program Files\nodejs;C:\Users\YourUsername\AppData\Roaming\npm;;D:\Free_time_game\Microsoft VS Code\bin;C:\Users\Admin\AppData\Roaming\npm;C:\Users\Admin\AppData\Local\Programs\Microsoft VS Code\bin;C:\Flutter\Src\flutter\bin
USERNAME=Admin
OS=Windows_NT
PROCESSOR_IDENTIFIER=Intel64 Family 6 Model 154 Stepping 3, GenuineIntel
TMP=C:\Users\Admin\AppData\Local\Temp
TEMP=C:\Users\Admin\AppData\Local\Temp




Periodic native trim disabled

---------------  S Y S T E M  ---------------

OS:
 Windows 11 , 64 bit Build 26100 (10.0.26100.3037)
OS uptime: 0 days 2:23 hours
Hyper-V role detected

CPU: total 16 (initial active 16) (8 cores per cpu, 2 threads per core) family 6 model 154 stepping 3 microcode 0x432, cx8, cmov, fxsr, ht, mmx, 3dnowpref, sse, sse2, sse3, ssse3, sse4.1, sse4.2, popcnt, lzcnt, tsc, tscinvbit, avx, avx2, aes, erms, clmul, bmi1, bmi2, adx, sha, fma, vzeroupper, clflush, clflushopt, clwb, hv, serialize, rdtscp, rdpid, fsrm, f16c, cet_ibt, cet_ss
Processor Information for processor 0
  Max Mhz: 2500, Current Mhz: 2500, Mhz Limit: 2500
Processor Information for processor 1
  Max Mhz: 2500, Current Mhz: 2500, Mhz Limit: 2500
Processor Information for processor 2
  Max Mhz: 2500, Current Mhz: 2500, Mhz Limit: 2500
Processor Information for processor 3
  Max Mhz: 2500, Current Mhz: 2500, Mhz Limit: 2500
Processor Information for processor 4
  Max Mhz: 2500, Current Mhz: 2500, Mhz Limit: 2500
Processor Information for processor 5
  Max Mhz: 2500, Current Mhz: 2500, Mhz Limit: 2500
Processor Information for processor 6
  Max Mhz: 2500, Current Mhz: 2500, Mhz Limit: 2500
Processor Information for processor 7
  Max Mhz: 2500, Current Mhz: 2500, Mhz Limit: 2500
Processor Information for processor 8
  Max Mhz: 2500, Current Mhz: 1800, Mhz Limit: 1800
Processor Information for processor 9
  Max Mhz: 2500, Current Mhz: 1800, Mhz Limit: 1800
Processor Information for processor 10
  Max Mhz: 2500, Current Mhz: 1800, Mhz Limit: 1800
Processor Information for processor 11
  Max Mhz: 2500, Current Mhz: 1800, Mhz Limit: 1800
Processor Information for processor 12
  Max Mhz: 2500, Current Mhz: 1800, Mhz Limit: 1800
Processor Information for processor 13
  Max Mhz: 2500, Current Mhz: 1800, Mhz Limit: 1800
Processor Information for processor 14
  Max Mhz: 2500, Current Mhz: 1800, Mhz Limit: 1800
Processor Information for processor 15
  Max Mhz: 2500, Current Mhz: 1800, Mhz Limit: 1800

Memory: 4k page, system-wide physical 16176M (4733M free)
TotalPageFile size 18224M (AvailPageFile size 5M)
current process WorkingSet (physical memory assigned to process): 362M, peak: 369M
current process commit charge ("private bytes"): 418M, peak: 453M

vm_info: OpenJDK 64-Bit Server VM (21.0.6+7-LTS) for windows-amd64 JRE (21.0.6+7-LTS), built on 2025-01-21T00:00:00Z by "admin" with MS VC++ 17.7 (VS2022)

END.
